[2022-11-18 02:57:30.344] [info] Loaded model 2D_gait-scaled from file assisted.osim
[2022-11-18 02:57:30.345] [warning] Couldn't find file 'r_pelvis.vtp'.
[2022-11-18 02:57:30.345] [warning] Couldn't find file 'l_pelvis.vtp'.
[2022-11-18 02:57:30.346] [warning] Couldn't find file 'sacrum.vtp'.
[2022-11-18 02:57:30.346] [warning] Couldn't find file 'femur_r.vtp'.
[2022-11-18 02:57:30.346] [warning] Couldn't find file 'tibia_r.vtp'.
[2022-11-18 02:57:30.347] [warning] Couldn't find file 'r_fibula.vtp'.
[2022-11-18 02:57:30.347] [warning] Couldn't find file 'r_talus.vtp'.
[2022-11-18 02:57:30.348] [warning] Couldn't find file 'r_foot.vtp'.
[2022-11-18 02:57:30.348] [warning] Couldn't find file 'r_bofoot.vtp'.
[2022-11-18 02:57:30.348] [warning] Couldn't find file 'hat_spine.vtp'.
[2022-11-18 02:57:30.349] [warning] Couldn't find file 'hat_jaw.vtp'.
[2022-11-18 02:57:30.349] [warning] Couldn't find file 'hat_skull.vtp'.
[2022-11-18 02:57:30.350] [warning] Couldn't find file 'hat_ribs_scap.vtp'.
[2022-11-18 02:57:30.350] [warning] Couldn't find file 'humerus_rv.vtp'.
[2022-11-18 02:57:30.350] [warning] Couldn't find file 'ulna_rv.vtp'.
[2022-11-18 02:57:30.351] [warning] Couldn't find file 'radius_rv.vtp'.
[2022-11-18 02:57:30.351] [warning] Couldn't find file 'pisiform_rvs.vtp'.
[2022-11-18 02:57:30.351] [warning] Couldn't find file 'lunate_rvs.vtp'.
[2022-11-18 02:57:30.352] [warning] Couldn't find file 'scaphoid_rvs.vtp'.
[2022-11-18 02:57:30.352] [warning] Couldn't find file 'triquetrum_rvs.vtp'.
[2022-11-18 02:57:30.352] [warning] Couldn't find file 'hamate_rvs.vtp'.
[2022-11-18 02:57:30.353] [warning] Couldn't find file 'capitate_rvs.vtp'.
[2022-11-18 02:57:30.353] [warning] Couldn't find file 'trapezoid_rvs.vtp'.
[2022-11-18 02:57:30.353] [warning] Couldn't find file 'trapezium_rvs.vtp'.
[2022-11-18 02:57:30.354] [warning] Couldn't find file 'metacarpal2_rvs.vtp'.
[2022-11-18 02:57:30.354] [warning] Couldn't find file 'index_proximal_rvs.vtp'.
[2022-11-18 02:57:30.355] [warning] Couldn't find file 'index_medial_rvs.vtp'.
[2022-11-18 02:57:30.355] [warning] Couldn't find file 'index_distal_rvs.vtp'.
[2022-11-18 02:57:30.355] [warning] Couldn't find file 'metacarpal3_rvs.vtp'.
[2022-11-18 02:57:30.356] [warning] Couldn't find file 'middle_proximal_rvs.vtp'.
[2022-11-18 02:57:30.356] [warning] Couldn't find file 'middle_medial_rvs.vtp'.
[2022-11-18 02:57:30.356] [warning] Couldn't find file 'middle_distal_rvs.vtp'.
[2022-11-18 02:57:30.357] [warning] Couldn't find file 'metacarpal4_rvs.vtp'.
[2022-11-18 02:57:30.357] [warning] Couldn't find file 'ring_proximal_rvs.vtp'.
[2022-11-18 02:57:30.357] [warning] Couldn't find file 'ring_medial_rvs.vtp'.
[2022-11-18 02:57:30.357] [warning] Couldn't find file 'ring_distal_rvs.vtp'.
[2022-11-18 02:57:30.358] [warning] Couldn't find file 'metacarpal5_rvs.vtp'.
[2022-11-18 02:57:30.358] [warning] Couldn't find file 'little_proximal_rvs.vtp'.
[2022-11-18 02:57:30.358] [warning] Couldn't find file 'little_medial_rvs.vtp'.
[2022-11-18 02:57:30.359] [warning] Couldn't find file 'little_distal_rvs.vtp'.
[2022-11-18 02:57:30.359] [warning] Couldn't find file 'metacarpal1_rvs.vtp'.
[2022-11-18 02:57:30.359] [warning] Couldn't find file 'thumb_proximal_rvs.vtp'.
[2022-11-18 02:57:30.360] [warning] Couldn't find file 'thumb_distal_rvs.vtp'.
[2022-11-18 02:57:30.360] [warning] Couldn't find file 'r_pelvis.vtp'.
[2022-11-18 02:57:30.360] [warning] Couldn't find file 'l_pelvis.vtp'.
[2022-11-18 02:57:30.361] [warning] Couldn't find file 'sacrum.vtp'.
[2022-11-18 02:57:30.361] [warning] Couldn't find file 'femur_r.vtp'.
[2022-11-18 02:57:30.361] [warning] Couldn't find file 'tibia_r.vtp'.
[2022-11-18 02:57:30.362] [warning] Couldn't find file 'r_fibula.vtp'.
[2022-11-18 02:57:30.362] [warning] Couldn't find file 'r_talus.vtp'.
[2022-11-18 02:57:30.362] [warning] Couldn't find file 'r_foot.vtp'.
[2022-11-18 02:57:30.363] [warning] Couldn't find file 'r_bofoot.vtp'.
[2022-11-18 02:57:30.363] [warning] Couldn't find file 'hat_spine.vtp'.
[2022-11-18 02:57:30.363] [warning] Couldn't find file 'hat_jaw.vtp'.
[2022-11-18 02:57:30.364] [warning] Couldn't find file 'hat_skull.vtp'.
[2022-11-18 02:57:30.364] [warning] Couldn't find file 'hat_ribs_scap.vtp'.
[2022-11-18 02:57:30.364] [warning] Couldn't find file 'humerus_lv.vtp'.
[2022-11-18 02:57:30.365] [warning] Couldn't find file 'ulna_lv.vtp'.
[2022-11-18 02:57:30.365] [warning] Couldn't find file 'radius_lv.vtp'.
[2022-11-18 02:57:30.365] [warning] Couldn't find file 'pisiform_lvs.vtp'.
[2022-11-18 02:57:30.366] [warning] Couldn't find file 'lunate_lvs.vtp'.
[2022-11-18 02:57:30.366] [warning] Couldn't find file 'scaphoid_lvs.vtp'.
[2022-11-18 02:57:30.366] [warning] Couldn't find file 'triquetrum_lvs.vtp'.
[2022-11-18 02:57:30.366] [warning] Couldn't find file 'hamate_lvs.vtp'.
[2022-11-18 02:57:30.367] [warning] Couldn't find file 'capitate_lvs.vtp'.
[2022-11-18 02:57:30.367] [warning] Couldn't find file 'trapezoid_lvs.vtp'.
[2022-11-18 02:57:30.367] [warning] Couldn't find file 'trapezium_lvs.vtp'.
[2022-11-18 02:57:30.368] [warning] Couldn't find file 'metacarpal2_lvs.vtp'.
[2022-11-18 02:57:30.368] [warning] Couldn't find file 'index_proximal_lvs.vtp'.
[2022-11-18 02:57:30.368] [warning] Couldn't find file 'index_medial_lvs.vtp'.
[2022-11-18 02:57:30.369] [warning] Couldn't find file 'index_distal_lvs.vtp'.
[2022-11-18 02:57:30.369] [warning] Couldn't find file 'metacarpal3_lvs.vtp'.
[2022-11-18 02:57:30.369] [warning] Couldn't find file 'middle_proximal_lvs.vtp'.
[2022-11-18 02:57:30.370] [warning] Couldn't find file 'middle_medial_lvs.vtp'.
[2022-11-18 02:57:30.370] [warning] Couldn't find file 'middle_distal_lvs.vtp'.
[2022-11-18 02:57:30.370] [warning] Couldn't find file 'metacarpal4_lvs.vtp'.
[2022-11-18 02:57:30.371] [warning] Couldn't find file 'ring_proximal_lvs.vtp'.
[2022-11-18 02:57:30.371] [warning] Couldn't find file 'ring_medial_lvs.vtp'.
[2022-11-18 02:57:30.371] [warning] Couldn't find file 'ring_distal_lvs.vtp'.
[2022-11-18 02:57:30.372] [warning] Couldn't find file 'metacarpal5_lvs.vtp'.
[2022-11-18 02:57:30.372] [warning] Couldn't find file 'little_proximal_lvs.vtp'.
[2022-11-18 02:57:30.372] [warning] Couldn't find file 'little_medial_lvs.vtp'.
[2022-11-18 02:57:30.373] [warning] Couldn't find file 'little_distal_lvs.vtp'.
[2022-11-18 02:57:30.373] [warning] Couldn't find file 'metacarpal1_lvs.vtp'.
[2022-11-18 02:57:30.373] [warning] Couldn't find file 'thumb_proximal_lvs.vtp'.
[2022-11-18 02:57:30.374] [warning] Couldn't find file 'thumb_distal_lvs.vtp'.
[2022-11-18 02:57:30.374] [warning] Couldn't find file 'backpack_2.STL'.
[2022-11-18 02:57:30.374] [warning] Couldn't find file 'group_dx.stl'.
[2022-11-18 02:57:30.375] [warning] Couldn't find file 'link_dx.STL'.
[2022-11-18 03:06:14.982] [info] Loaded model 2D_gait-scaled from file assisted.osim
[2022-11-18 03:06:14.982] [warning] Couldn't find file 'r_pelvis.vtp'.
[2022-11-18 03:06:14.983] [warning] Couldn't find file 'l_pelvis.vtp'.
[2022-11-18 03:06:14.983] [warning] Couldn't find file 'sacrum.vtp'.
[2022-11-18 03:06:14.983] [warning] Couldn't find file 'femur_r.vtp'.
[2022-11-18 03:06:14.984] [warning] Couldn't find file 'tibia_r.vtp'.
[2022-11-18 03:06:14.984] [warning] Couldn't find file 'r_fibula.vtp'.
[2022-11-18 03:06:14.984] [warning] Couldn't find file 'r_talus.vtp'.
[2022-11-18 03:06:14.985] [warning] Couldn't find file 'r_foot.vtp'.
[2022-11-18 03:06:14.985] [warning] Couldn't find file 'r_bofoot.vtp'.
[2022-11-18 03:06:14.985] [warning] Couldn't find file 'hat_spine.vtp'.
[2022-11-18 03:06:14.986] [warning] Couldn't find file 'hat_jaw.vtp'.
[2022-11-18 03:06:14.986] [warning] Couldn't find file 'hat_skull.vtp'.
[2022-11-18 03:06:14.986] [warning] Couldn't find file 'hat_ribs_scap.vtp'.
[2022-11-18 03:06:14.987] [warning] Couldn't find file 'humerus_rv.vtp'.
[2022-11-18 03:06:14.987] [warning] Couldn't find file 'ulna_rv.vtp'.
[2022-11-18 03:06:14.987] [warning] Couldn't find file 'radius_rv.vtp'.
[2022-11-18 03:06:14.987] [warning] Couldn't find file 'pisiform_rvs.vtp'.
[2022-11-18 03:06:14.988] [warning] Couldn't find file 'lunate_rvs.vtp'.
[2022-11-18 03:06:14.988] [warning] Couldn't find file 'scaphoid_rvs.vtp'.
[2022-11-18 03:06:14.988] [warning] Couldn't find file 'triquetrum_rvs.vtp'.
[2022-11-18 03:06:14.989] [warning] Couldn't find file 'hamate_rvs.vtp'.
[2022-11-18 03:06:14.989] [warning] Couldn't find file 'capitate_rvs.vtp'.
[2022-11-18 03:06:14.989] [warning] Couldn't find file 'trapezoid_rvs.vtp'.
[2022-11-18 03:06:14.990] [warning] Couldn't find file 'trapezium_rvs.vtp'.
[2022-11-18 03:06:14.990] [warning] Couldn't find file 'metacarpal2_rvs.vtp'.
[2022-11-18 03:06:14.990] [warning] Couldn't find file 'index_proximal_rvs.vtp'.
[2022-11-18 03:06:14.990] [warning] Couldn't find file 'index_medial_rvs.vtp'.
[2022-11-18 03:06:14.991] [warning] Couldn't find file 'index_distal_rvs.vtp'.
[2022-11-18 03:06:14.991] [warning] Couldn't find file 'metacarpal3_rvs.vtp'.
[2022-11-18 03:06:14.991] [warning] Couldn't find file 'middle_proximal_rvs.vtp'.
[2022-11-18 03:06:14.992] [warning] Couldn't find file 'middle_medial_rvs.vtp'.
[2022-11-18 03:06:14.992] [warning] Couldn't find file 'middle_distal_rvs.vtp'.
[2022-11-18 03:06:14.992] [warning] Couldn't find file 'metacarpal4_rvs.vtp'.
[2022-11-18 03:06:14.992] [warning] Couldn't find file 'ring_proximal_rvs.vtp'.
[2022-11-18 03:06:14.993] [warning] Couldn't find file 'ring_medial_rvs.vtp'.
[2022-11-18 03:06:14.993] [warning] Couldn't find file 'ring_distal_rvs.vtp'.
[2022-11-18 03:06:14.993] [warning] Couldn't find file 'metacarpal5_rvs.vtp'.
[2022-11-18 03:06:14.993] [warning] Couldn't find file 'little_proximal_rvs.vtp'.
[2022-11-18 03:06:14.994] [warning] Couldn't find file 'little_medial_rvs.vtp'.
[2022-11-18 03:06:14.994] [warning] Couldn't find file 'little_distal_rvs.vtp'.
[2022-11-18 03:06:14.994] [warning] Couldn't find file 'metacarpal1_rvs.vtp'.
[2022-11-18 03:06:14.994] [warning] Couldn't find file 'thumb_proximal_rvs.vtp'.
[2022-11-18 03:06:14.995] [warning] Couldn't find file 'thumb_distal_rvs.vtp'.
[2022-11-18 03:06:14.995] [warning] Couldn't find file 'r_pelvis.vtp'.
[2022-11-18 03:06:14.995] [warning] Couldn't find file 'l_pelvis.vtp'.
[2022-11-18 03:06:14.995] [warning] Couldn't find file 'sacrum.vtp'.
[2022-11-18 03:06:14.995] [warning] Couldn't find file 'femur_r.vtp'.
[2022-11-18 03:06:14.996] [warning] Couldn't find file 'tibia_r.vtp'.
[2022-11-18 03:06:14.996] [warning] Couldn't find file 'r_fibula.vtp'.
[2022-11-18 03:06:14.996] [warning] Couldn't find file 'r_talus.vtp'.
[2022-11-18 03:06:14.996] [warning] Couldn't find file 'r_foot.vtp'.
[2022-11-18 03:06:14.997] [warning] Couldn't find file 'r_bofoot.vtp'.
[2022-11-18 03:06:14.997] [warning] Couldn't find file 'hat_spine.vtp'.
[2022-11-18 03:06:14.997] [warning] Couldn't find file 'hat_jaw.vtp'.
[2022-11-18 03:06:14.997] [warning] Couldn't find file 'hat_skull.vtp'.
[2022-11-18 03:06:14.998] [warning] Couldn't find file 'hat_ribs_scap.vtp'.
[2022-11-18 03:06:14.998] [warning] Couldn't find file 'humerus_lv.vtp'.
[2022-11-18 03:06:14.998] [warning] Couldn't find file 'ulna_lv.vtp'.
[2022-11-18 03:06:14.998] [warning] Couldn't find file 'radius_lv.vtp'.
[2022-11-18 03:06:14.998] [warning] Couldn't find file 'pisiform_lvs.vtp'.
[2022-11-18 03:06:14.999] [warning] Couldn't find file 'lunate_lvs.vtp'.
[2022-11-18 03:06:14.999] [warning] Couldn't find file 'scaphoid_lvs.vtp'.
[2022-11-18 03:06:14.999] [warning] Couldn't find file 'triquetrum_lvs.vtp'.
[2022-11-18 03:06:14.999] [warning] Couldn't find file 'hamate_lvs.vtp'.
[2022-11-18 03:06:15.000] [warning] Couldn't find file 'capitate_lvs.vtp'.
[2022-11-18 03:06:15.000] [warning] Couldn't find file 'trapezoid_lvs.vtp'.
[2022-11-18 03:06:15.000] [warning] Couldn't find file 'trapezium_lvs.vtp'.
[2022-11-18 03:06:15.000] [warning] Couldn't find file 'metacarpal2_lvs.vtp'.
[2022-11-18 03:06:15.000] [warning] Couldn't find file 'index_proximal_lvs.vtp'.
[2022-11-18 03:06:15.000] [warning] Couldn't find file 'index_medial_lvs.vtp'.
[2022-11-18 03:06:15.001] [warning] Couldn't find file 'index_distal_lvs.vtp'.
[2022-11-18 03:06:15.001] [warning] Couldn't find file 'metacarpal3_lvs.vtp'.
[2022-11-18 03:06:15.001] [warning] Couldn't find file 'middle_proximal_lvs.vtp'.
[2022-11-18 03:06:15.001] [warning] Couldn't find file 'middle_medial_lvs.vtp'.
[2022-11-18 03:06:15.001] [warning] Couldn't find file 'middle_distal_lvs.vtp'.
[2022-11-18 03:06:15.002] [warning] Couldn't find file 'metacarpal4_lvs.vtp'.
[2022-11-18 03:06:15.002] [warning] Couldn't find file 'ring_proximal_lvs.vtp'.
[2022-11-18 03:06:15.002] [warning] Couldn't find file 'ring_medial_lvs.vtp'.
[2022-11-18 03:06:15.002] [warning] Couldn't find file 'ring_distal_lvs.vtp'.
[2022-11-18 03:06:15.002] [warning] Couldn't find file 'metacarpal5_lvs.vtp'.
[2022-11-18 03:06:15.002] [warning] Couldn't find file 'little_proximal_lvs.vtp'.
[2022-11-18 03:06:15.003] [warning] Couldn't find file 'little_medial_lvs.vtp'.
[2022-11-18 03:06:15.003] [warning] Couldn't find file 'little_distal_lvs.vtp'.
[2022-11-18 03:06:15.003] [warning] Couldn't find file 'metacarpal1_lvs.vtp'.
[2022-11-18 03:06:15.003] [warning] Couldn't find file 'thumb_proximal_lvs.vtp'.
[2022-11-18 03:06:15.003] [warning] Couldn't find file 'thumb_distal_lvs.vtp'.
[2022-11-18 03:06:15.004] [warning] Couldn't find file 'backpack_2.STL'.
[2022-11-18 03:06:15.004] [warning] Couldn't find file 'group_dx.stl'.
[2022-11-18 03:06:15.004] [warning] Couldn't find file 'link_dx.STL'.
