[2022-03-24 12:04:57.428] [info] Loaded model 2D_gait from file 2D_gait_jointspace_welded.osim
[2022-03-24 12:04:57.429] [warning] Couldn't find file 'r_pelvis.vtp'.
[2022-03-24 12:04:57.429] [warning] Couldn't find file 'l_pelvis.vtp'.
[2022-03-24 12:04:57.429] [warning] Couldn't find file 'sacrum.vtp'.
[2022-03-24 12:04:57.429] [warning] Couldn't find file 'femur_l.vtp'.
[2022-03-24 12:04:57.430] [warning] Couldn't find file 'femur_r.vtp'.
[2022-03-24 12:04:57.431] [warning] Couldn't find file 'tibia_l.vtp'.
[2022-03-24 12:04:57.431] [warning] Couldn't find file 'l_fibula.vtp'.
[2022-03-24 12:04:57.431] [warning] Couldn't find file 'tibia_r.vtp'.
[2022-03-24 12:04:57.431] [warning] Couldn't find file 'r_fibula.vtp'.
[2022-03-24 12:04:57.431] [warning] Couldn't find file 'l_talus.vtp'.
[2022-03-24 12:04:57.432] [warning] Couldn't find file 'r_talus.vtp'.
[2022-03-24 12:04:57.432] [warning] Couldn't find file 'l_foot.vtp'.
[2022-03-24 12:04:57.432] [warning] Couldn't find file 'r_foot.vtp'.
[2022-03-24 12:04:57.432] [warning] Couldn't find file 'l_bofoot.vtp'.
[2022-03-24 12:04:57.432] [warning] Couldn't find file 'r_bofoot.vtp'.
[2022-03-24 12:04:57.433] [warning] Couldn't find file 'block.vtp'.
[2022-03-24 12:04:57.433] [warning] Couldn't find file 'block.vtp'.
[2022-03-24 12:04:57.433] [warning] Couldn't find file 'hat_spine.vtp'.
[2022-03-24 12:04:57.433] [warning] Couldn't find file 'hat_jaw.vtp'.
[2022-03-24 12:04:57.433] [warning] Couldn't find file 'hat_skull.vtp'.
[2022-03-24 12:04:57.433] [warning] Couldn't find file 'hat_ribs.vtp'.
[2022-03-24 12:04:57.466] [info] Loaded model 2D_gait from file 2D_gait_jointspace_welded.osim
[2022-03-24 12:04:57.467] [warning] Couldn't find file 'r_pelvis.vtp'.
[2022-03-24 12:04:57.467] [warning] Couldn't find file 'l_pelvis.vtp'.
[2022-03-24 12:04:57.467] [warning] Couldn't find file 'sacrum.vtp'.
[2022-03-24 12:04:57.467] [warning] Couldn't find file 'femur_l.vtp'.
[2022-03-24 12:04:57.467] [warning] Couldn't find file 'femur_r.vtp'.
[2022-03-24 12:04:57.468] [warning] Couldn't find file 'tibia_l.vtp'.
[2022-03-24 12:04:57.468] [warning] Couldn't find file 'l_fibula.vtp'.
[2022-03-24 12:04:57.468] [warning] Couldn't find file 'tibia_r.vtp'.
[2022-03-24 12:04:57.468] [warning] Couldn't find file 'r_fibula.vtp'.
[2022-03-24 12:04:57.468] [warning] Couldn't find file 'l_talus.vtp'.
[2022-03-24 12:04:57.468] [warning] Couldn't find file 'r_talus.vtp'.
[2022-03-24 12:04:57.469] [warning] Couldn't find file 'l_foot.vtp'.
[2022-03-24 12:04:57.469] [warning] Couldn't find file 'r_foot.vtp'.
[2022-03-24 12:04:57.469] [warning] Couldn't find file 'l_bofoot.vtp'.
[2022-03-24 12:04:57.469] [warning] Couldn't find file 'r_bofoot.vtp'.
[2022-03-24 12:04:57.469] [warning] Couldn't find file 'block.vtp'.
[2022-03-24 12:04:57.469] [warning] Couldn't find file 'block.vtp'.
[2022-03-24 12:04:57.470] [warning] Couldn't find file 'hat_spine.vtp'.
[2022-03-24 12:04:57.470] [warning] Couldn't find file 'hat_jaw.vtp'.
[2022-03-24 12:04:57.470] [warning] Couldn't find file 'hat_skull.vtp'.
[2022-03-24 12:04:57.470] [warning] Couldn't find file 'hat_ribs.vtp'.
[2022-03-24 12:04:57.505] [info] Loaded model 2D_gait from file 2D_gait_jointspace_welded.osim
[2022-03-24 12:04:57.505] [warning] Couldn't find file 'r_pelvis.vtp'.
[2022-03-24 12:04:57.506] [warning] Couldn't find file 'l_pelvis.vtp'.
[2022-03-24 12:04:57.506] [warning] Couldn't find file 'sacrum.vtp'.
[2022-03-24 12:04:57.506] [warning] Couldn't find file 'femur_l.vtp'.
[2022-03-24 12:04:57.506] [warning] Couldn't find file 'femur_r.vtp'.
[2022-03-24 12:04:57.506] [warning] Couldn't find file 'tibia_l.vtp'.
[2022-03-24 12:04:57.506] [warning] Couldn't find file 'l_fibula.vtp'.
[2022-03-24 12:04:57.507] [warning] Couldn't find file 'tibia_r.vtp'.
[2022-03-24 12:04:57.507] [warning] Couldn't find file 'r_fibula.vtp'.
[2022-03-24 12:04:57.507] [warning] Couldn't find file 'l_talus.vtp'.
[2022-03-24 12:04:57.507] [warning] Couldn't find file 'r_talus.vtp'.
[2022-03-24 12:04:57.507] [warning] Couldn't find file 'l_foot.vtp'.
[2022-03-24 12:04:57.507] [warning] Couldn't find file 'r_foot.vtp'.
[2022-03-24 12:04:57.508] [warning] Couldn't find file 'l_bofoot.vtp'.
[2022-03-24 12:04:57.508] [warning] Couldn't find file 'r_bofoot.vtp'.
[2022-03-24 12:04:57.508] [warning] Couldn't find file 'block.vtp'.
[2022-03-24 12:04:57.508] [warning] Couldn't find file 'block.vtp'.
[2022-03-24 12:04:57.508] [warning] Couldn't find file 'hat_spine.vtp'.
[2022-03-24 12:04:57.508] [warning] Couldn't find file 'hat_jaw.vtp'.
[2022-03-24 12:04:57.509] [warning] Couldn't find file 'hat_skull.vtp'.
[2022-03-24 12:04:57.509] [warning] Couldn't find file 'hat_ribs.vtp'.
[2022-03-24 12:04:57.537] [info] Loaded model 2D_gait from file 2D_gait_jointspace_welded.osim
[2022-03-24 12:04:57.537] [warning] Couldn't find file 'r_pelvis.vtp'.
[2022-03-24 12:04:57.537] [warning] Couldn't find file 'l_pelvis.vtp'.
[2022-03-24 12:04:57.538] [warning] Couldn't find file 'sacrum.vtp'.
[2022-03-24 12:04:57.538] [warning] Couldn't find file 'femur_l.vtp'.
[2022-03-24 12:04:57.538] [warning] Couldn't find file 'femur_r.vtp'.
[2022-03-24 12:04:57.538] [warning] Couldn't find file 'tibia_l.vtp'.
[2022-03-24 12:04:57.538] [warning] Couldn't find file 'l_fibula.vtp'.
[2022-03-24 12:04:57.538] [warning] Couldn't find file 'tibia_r.vtp'.
[2022-03-24 12:04:57.539] [warning] Couldn't find file 'r_fibula.vtp'.
[2022-03-24 12:04:57.539] [warning] Couldn't find file 'l_talus.vtp'.
[2022-03-24 12:04:57.539] [warning] Couldn't find file 'r_talus.vtp'.
[2022-03-24 12:04:57.539] [warning] Couldn't find file 'l_foot.vtp'.
[2022-03-24 12:04:57.539] [warning] Couldn't find file 'r_foot.vtp'.
[2022-03-24 12:04:57.539] [warning] Couldn't find file 'l_bofoot.vtp'.
[2022-03-24 12:04:57.539] [warning] Couldn't find file 'r_bofoot.vtp'.
[2022-03-24 12:04:57.540] [warning] Couldn't find file 'block.vtp'.
[2022-03-24 12:04:57.540] [warning] Couldn't find file 'block.vtp'.
[2022-03-24 12:04:57.540] [warning] Couldn't find file 'hat_spine.vtp'.
[2022-03-24 12:04:57.540] [warning] Couldn't find file 'hat_jaw.vtp'.
[2022-03-24 12:04:57.540] [warning] Couldn't find file 'hat_skull.vtp'.
[2022-03-24 12:04:57.540] [warning] Couldn't find file 'hat_ribs.vtp'.
[2022-03-24 12:04:57.562] [info] ========================================================================
[2022-03-24 12:04:57.563] [info] MocoCasADiSolver starting.
[2022-03-24 12:04:57.563] [info] Thu Mar 24 12:04:57 2022
[2022-03-24 12:04:57.563] [info] ------------------------------------------------------------------------
[2022-03-24 12:04:57.563] [cout] [info] Costs: (total: 2)
[2022-03-24 12:04:57.563] [cout] [info]   effort. MocoControlGoal, enabled: true, mode: cost, weight: 0.1
[2022-03-24 12:04:57.563] [cout] [info]         control: /lumbarAct, weight: 1.0
[2022-03-24 12:04:57.564] [cout] [info]         control: /r_hip_act, weight: 1.0
[2022-03-24 12:04:57.564] [cout] [info]         control: /l_hip_act, weight: 1.0
[2022-03-24 12:04:57.564] [cout] [info]         control: /r_knee_act, weight: 1.0
[2022-03-24 12:04:57.564] [cout] [info]         control: /l_knee_act, weight: 1.0
[2022-03-24 12:04:57.564] [cout] [info]         control: /r_ankle_act, weight: 1.0
[2022-03-24 12:04:57.564] [cout] [info]         control: /l_ankle_act, weight: 1.0
[2022-03-24 12:04:57.564] [cout] [info]   joint_loading. MocoMultiJointReactionGoal, enabled: true, mode: cost, weight: 1.0
[2022-03-24 12:04:57.564] [cout] [info] not implemented
[2022-03-24 12:04:57.564] [cout] [info] Endpoint constraints: none
[2022-03-24 12:04:57.564] [cout] [info] Kinematic constraints: (total: 3)
[2022-03-24 12:04:57.565] [cout] [info]   kinematic_constraint_cid10. MocoConstraintInfo. number of scalar equations: 3. bounds: 0, 0, 0
[2022-03-24 12:04:57.565] [cout] [info]   kinematic_constraint_cid11. MocoConstraintInfo. number of scalar equations: 3. bounds: 0, 0, 0
[2022-03-24 12:04:57.565] [cout] [info]   kinematic_constraint_cid12. MocoConstraintInfo. number of scalar equations: 3. bounds: 0, 0, 0
[2022-03-24 12:04:57.566] [cout] [info] Path constraints: none
[2022-03-24 12:04:57.566] [cout] [info] States: (total: 27)
[2022-03-24 12:04:57.566] [cout] [info]   /lumbarAct/activation. bounds: [-1, 1]
[2022-03-24 12:04:57.566] [cout] [info]   /jointset/lumbar/lumbar/speed. bounds: [-6.28319, 6.28319] initial: 0
[2022-03-24 12:04:57.566] [cout] [info]   /jointset/ankle_r/ankle_angle_r/speed. bounds: [-6.28319, 6.28319] initial: 0
[2022-03-24 12:04:57.566] [cout] [info]   /jointset/knee_r/knee_angle_r/speed. bounds: [-6.28319, 6.28319] initial: 0
[2022-03-24 12:04:57.566] [cout] [info]   /r_hip_act/activation. bounds: [-1, 1]
[2022-03-24 12:04:57.566] [cout] [info]   /jointset/knee_l/knee_angle_l/speed. bounds: [-6.28319, 6.28319] initial: 0
[2022-03-24 12:04:57.566] [cout] [info]   /l_ankle_act/activation. bounds: [-1, 1]
[2022-03-24 12:04:57.567] [cout] [info]   /r_knee_act/activation. bounds: [-1, 1]
[2022-03-24 12:04:57.567] [cout] [info]   /jointset/hip_r/hip_flexion_r/speed. bounds: [-6.28319, 6.28319] initial: 0
[2022-03-24 12:04:57.567] [cout] [info]   /jointset/groundPelvis/pelvis_tx/speed. bounds: [-5, 5] initial: 0
[2022-03-24 12:04:57.567] [cout] [info]   /jointset/groundPelvis/pelvis_tilt/speed. bounds: [-6.28319, 6.28319] initial: 0
[2022-03-24 12:04:57.567] [cout] [info]   /jointset/lumbar/lumbar/value. bounds: [-3.14159, 3.14159] initial: -0.928218 final: 0
[2022-03-24 12:04:57.567] [cout] [info]   /l_hip_act/activation. bounds: [-1, 1]
[2022-03-24 12:04:57.567] [cout] [info]   /jointset/groundPelvis/pelvis_ty/speed. bounds: [-2, 10] initial: 0
[2022-03-24 12:04:57.567] [cout] [info]   /jointset/ankle_r/ankle_angle_r/value. bounds: [-3.14159, 3.14159] initial: 0.346046 final: 0
[2022-03-24 12:04:57.567] [cout] [info]   /jointset/ankle_l/ankle_angle_l/value. bounds: [-3.14159, 3.14159] initial: 0.346046 final: 0
[2022-03-24 12:04:57.567] [cout] [info]   /jointset/ankle_l/ankle_angle_l/speed. bounds: [-6.28319, 6.28319] initial: 0
[2022-03-24 12:04:57.568] [cout] [info]   /jointset/knee_r/knee_angle_r/value. bounds: [-3.14159, 3.14159] initial: -1.95674 final: 0
[2022-03-24 12:04:57.568] [cout] [info]   /r_ankle_act/activation. bounds: [-1, 1]
[2022-03-24 12:04:57.568] [cout] [info]   /l_knee_act/activation. bounds: [-1, 1]
[2022-03-24 12:04:57.568] [cout] [info]   /jointset/knee_l/knee_angle_l/value. bounds: [-3.14159, 3.14159] initial: -1.95674 final: 0
[2022-03-24 12:04:57.568] [cout] [info]   /jointset/hip_r/hip_flexion_r/value. bounds: [-3.14159, 3.14159] initial: 0.852733 final: 0
[2022-03-24 12:04:57.568] [cout] [info]   /jointset/hip_l/hip_flexion_l/value. bounds: [-3.14159, 3.14159] initial: 0.852733 final: 0
[2022-03-24 12:04:57.568] [cout] [info]   /jointset/groundPelvis/pelvis_ty/value. bounds: [0, 2] initial: 0.572
[2022-03-24 12:04:57.568] [cout] [info]   /jointset/groundPelvis/pelvis_tx/value. bounds: [-2, 2] initial: 0.05
[2022-03-24 12:04:57.568] [cout] [info]   /jointset/hip_l/hip_flexion_l/speed. bounds: [-6.28319, 6.28319] initial: 0
[2022-03-24 12:04:57.569] [cout] [info]   /jointset/groundPelvis/pelvis_tilt/value. bounds: [0, 0.872665] initial: 0.757927 final: 0
[2022-03-24 12:04:57.569] [cout] [info] Controls: (total: 7)
[2022-03-24 12:04:57.569] [cout] [info]   /l_ankle_act. bounds: [-1, 1]
[2022-03-24 12:04:57.569] [cout] [info]   /r_ankle_act. bounds: [-1, 1]
[2022-03-24 12:04:57.569] [cout] [info]   /l_knee_act. bounds: [-1, 1]
[2022-03-24 12:04:57.569] [cout] [info]   /l_hip_act. bounds: [-1, 1]
[2022-03-24 12:04:57.569] [cout] [info]   /r_hip_act. bounds: [-1, 1]
[2022-03-24 12:04:57.569] [cout] [info]   /r_knee_act. bounds: [-1, 1]
[2022-03-24 12:04:57.569] [cout] [info]   /lumbarAct. bounds: [-1, 1]
[2022-03-24 12:04:57.569] [cout] [info] Parameters: none
[2022-03-24 12:04:57.576] [info] Loaded model 2D_gait from file 2D_gait_jointspace_welded.osim
[2022-03-24 12:04:57.577] [warning] Couldn't find file 'r_pelvis.vtp'.
[2022-03-24 12:04:57.577] [warning] Couldn't find file 'l_pelvis.vtp'.
[2022-03-24 12:04:57.577] [warning] Couldn't find file 'sacrum.vtp'.
[2022-03-24 12:04:57.577] [warning] Couldn't find file 'femur_l.vtp'.
[2022-03-24 12:04:57.577] [warning] Couldn't find file 'femur_r.vtp'.
[2022-03-24 12:04:57.577] [warning] Couldn't find file 'tibia_l.vtp'.
[2022-03-24 12:04:57.578] [warning] Couldn't find file 'l_fibula.vtp'.
[2022-03-24 12:04:57.578] [warning] Couldn't find file 'tibia_r.vtp'.
[2022-03-24 12:04:57.578] [warning] Couldn't find file 'r_fibula.vtp'.
[2022-03-24 12:04:57.578] [warning] Couldn't find file 'l_talus.vtp'.
[2022-03-24 12:04:57.578] [warning] Couldn't find file 'r_talus.vtp'.
[2022-03-24 12:04:57.578] [warning] Couldn't find file 'l_foot.vtp'.
[2022-03-24 12:04:57.578] [warning] Couldn't find file 'r_foot.vtp'.
[2022-03-24 12:04:57.578] [warning] Couldn't find file 'l_bofoot.vtp'.
[2022-03-24 12:04:57.579] [warning] Couldn't find file 'r_bofoot.vtp'.
[2022-03-24 12:04:57.579] [warning] Couldn't find file 'block.vtp'.
[2022-03-24 12:04:57.579] [warning] Couldn't find file 'block.vtp'.
[2022-03-24 12:04:57.579] [warning] Couldn't find file 'hat_spine.vtp'.
[2022-03-24 12:04:57.579] [warning] Couldn't find file 'hat_jaw.vtp'.
[2022-03-24 12:04:57.579] [warning] Couldn't find file 'hat_skull.vtp'.
[2022-03-24 12:04:57.579] [warning] Couldn't find file 'hat_ribs.vtp'.
[2022-03-24 12:04:57.602] [info] Number of threads: 1
[2022-03-24 12:17:32.741] [info] Set log level to Info.
[2022-03-24 12:17:32.745] [info] ------------------------------------------------------------------------
[2022-03-24 12:17:32.745] [info] Elapsed real time: 755 second(s) (12 minute(s), 35 second(s)).
[2022-03-24 12:17:32.745] [info] Thu Mar 24 12:17:32 2022
[2022-03-24 12:17:32.745] [info] MocoCasADiSolver succeeded!
[2022-03-24 12:17:32.745] [info] ========================================================================
