[2021-11-04 16:37:13.680] [info] Loaded model 2D_gait from file 2D_gait_contact_constrained_activation.osim
[2021-11-04 16:37:13.682] [warning] Couldn't find file 'r_pelvis.vtp'.
[2021-11-04 16:37:13.682] [warning] Couldn't find file 'l_pelvis.vtp'.
[2021-11-04 16:37:13.682] [warning] Couldn't find file 'sacrum.vtp'.
[2021-11-04 16:37:13.682] [warning] Couldn't find file 'femur_l.vtp'.
[2021-11-04 16:37:13.683] [warning] Couldn't find file 'femur_r.vtp'.
[2021-11-04 16:37:13.683] [warning] Couldn't find file 'tibia_l.vtp'.
[2021-11-04 16:37:13.683] [warning] Couldn't find file 'l_fibula.vtp'.
[2021-11-04 16:37:13.683] [warning] Couldn't find file 'tibia_r.vtp'.
[2021-11-04 16:37:13.683] [warning] Couldn't find file 'r_fibula.vtp'.
[2021-11-04 16:37:13.684] [warning] Couldn't find file 'l_talus.vtp'.
[2021-11-04 16:37:13.684] [warning] Couldn't find file 'r_talus.vtp'.
[2021-11-04 16:37:13.684] [warning] Couldn't find file 'l_foot.vtp'.
[2021-11-04 16:37:13.684] [warning] Couldn't find file 'r_foot.vtp'.
[2021-11-04 16:37:13.685] [warning] Couldn't find file 'l_bofoot.vtp'.
[2021-11-04 16:37:13.685] [warning] Couldn't find file 'r_bofoot.vtp'.
[2021-11-04 16:37:13.685] [warning] Couldn't find file 'hat_spine.vtp'.
[2021-11-04 16:37:13.685] [warning] Couldn't find file 'hat_jaw.vtp'.
[2021-11-04 16:37:13.685] [warning] Couldn't find file 'hat_skull.vtp'.
[2021-11-04 16:37:13.685] [warning] Couldn't find file 'hat_ribs.vtp'.
[2021-11-04 16:43:28.031] [info] Loaded model 2D_gait from file 2D_gait_contact_constrained_activation.osim
[2021-11-04 16:43:28.033] [warning] Couldn't find file 'r_pelvis.vtp'.
[2021-11-04 16:43:28.033] [warning] Couldn't find file 'l_pelvis.vtp'.
[2021-11-04 16:43:28.033] [warning] Couldn't find file 'sacrum.vtp'.
[2021-11-04 16:43:28.034] [warning] Couldn't find file 'femur_l.vtp'.
[2021-11-04 16:43:28.034] [warning] Couldn't find file 'femur_r.vtp'.
[2021-11-04 16:43:28.034] [warning] Couldn't find file 'tibia_l.vtp'.
[2021-11-04 16:43:28.034] [warning] Couldn't find file 'l_fibula.vtp'.
[2021-11-04 16:43:28.034] [warning] Couldn't find file 'tibia_r.vtp'.
[2021-11-04 16:43:28.035] [warning] Couldn't find file 'r_fibula.vtp'.
[2021-11-04 16:43:28.035] [warning] Couldn't find file 'l_talus.vtp'.
[2021-11-04 16:43:28.035] [warning] Couldn't find file 'r_talus.vtp'.
[2021-11-04 16:43:28.035] [warning] Couldn't find file 'l_foot.vtp'.
[2021-11-04 16:43:28.036] [warning] Couldn't find file 'r_foot.vtp'.
[2021-11-04 16:43:28.036] [warning] Couldn't find file 'l_bofoot.vtp'.
[2021-11-04 16:43:28.036] [warning] Couldn't find file 'r_bofoot.vtp'.
[2021-11-04 16:43:28.036] [warning] Couldn't find file 'hat_spine.vtp'.
[2021-11-04 16:43:28.036] [warning] Couldn't find file 'hat_jaw.vtp'.
[2021-11-04 16:43:28.036] [warning] Couldn't find file 'hat_skull.vtp'.
[2021-11-04 16:43:28.037] [warning] Couldn't find file 'hat_ribs.vtp'.
[2021-11-04 17:02:37.048] [info] Loaded model 2D_gait from file 2D_gait_contact_constrained_activation.osim
[2021-11-04 17:02:37.050] [warning] Couldn't find file 'r_pelvis.vtp'.
[2021-11-04 17:02:37.050] [warning] Couldn't find file 'l_pelvis.vtp'.
[2021-11-04 17:02:37.050] [warning] Couldn't find file 'sacrum.vtp'.
[2021-11-04 17:02:37.050] [warning] Couldn't find file 'femur_l.vtp'.
[2021-11-04 17:02:37.050] [warning] Couldn't find file 'femur_r.vtp'.
[2021-11-04 17:02:37.051] [warning] Couldn't find file 'tibia_l.vtp'.
[2021-11-04 17:02:37.051] [warning] Couldn't find file 'l_fibula.vtp'.
[2021-11-04 17:02:37.051] [warning] Couldn't find file 'tibia_r.vtp'.
[2021-11-04 17:02:37.051] [warning] Couldn't find file 'r_fibula.vtp'.
[2021-11-04 17:02:37.051] [warning] Couldn't find file 'l_talus.vtp'.
[2021-11-04 17:02:37.052] [warning] Couldn't find file 'r_talus.vtp'.
[2021-11-04 17:02:37.052] [warning] Couldn't find file 'l_foot.vtp'.
[2021-11-04 17:02:37.052] [warning] Couldn't find file 'r_foot.vtp'.
[2021-11-04 17:02:37.052] [warning] Couldn't find file 'l_bofoot.vtp'.
[2021-11-04 17:02:37.052] [warning] Couldn't find file 'r_bofoot.vtp'.
[2021-11-04 17:02:37.052] [warning] Couldn't find file 'hat_spine.vtp'.
[2021-11-04 17:02:37.053] [warning] Couldn't find file 'hat_jaw.vtp'.
[2021-11-04 17:02:37.053] [warning] Couldn't find file 'hat_skull.vtp'.
[2021-11-04 17:02:37.053] [warning] Couldn't find file 'hat_ribs.vtp'.
[2021-11-04 17:02:40.321] [info] Loaded model 2D_gait from file 2D_gait_contact_constrained_activation.osim
[2021-11-04 17:02:40.323] [warning] Couldn't find file 'r_pelvis.vtp'.
[2021-11-04 17:02:40.323] [warning] Couldn't find file 'l_pelvis.vtp'.
[2021-11-04 17:02:40.323] [warning] Couldn't find file 'sacrum.vtp'.
[2021-11-04 17:02:40.323] [warning] Couldn't find file 'femur_l.vtp'.
[2021-11-04 17:02:40.323] [warning] Couldn't find file 'femur_r.vtp'.
[2021-11-04 17:02:40.324] [warning] Couldn't find file 'tibia_l.vtp'.
[2021-11-04 17:02:40.324] [warning] Couldn't find file 'l_fibula.vtp'.
[2021-11-04 17:02:40.324] [warning] Couldn't find file 'tibia_r.vtp'.
[2021-11-04 17:02:40.324] [warning] Couldn't find file 'r_fibula.vtp'.
[2021-11-04 17:02:40.324] [warning] Couldn't find file 'l_talus.vtp'.
[2021-11-04 17:02:40.324] [warning] Couldn't find file 'r_talus.vtp'.
[2021-11-04 17:02:40.325] [warning] Couldn't find file 'l_foot.vtp'.
[2021-11-04 17:02:40.325] [warning] Couldn't find file 'r_foot.vtp'.
[2021-11-04 17:02:40.325] [warning] Couldn't find file 'l_bofoot.vtp'.
[2021-11-04 17:02:40.325] [warning] Couldn't find file 'r_bofoot.vtp'.
[2021-11-04 17:02:40.325] [warning] Couldn't find file 'hat_spine.vtp'.
[2021-11-04 17:02:40.325] [warning] Couldn't find file 'hat_jaw.vtp'.
[2021-11-04 17:02:40.326] [warning] Couldn't find file 'hat_skull.vtp'.
[2021-11-04 17:02:40.326] [warning] Couldn't find file 'hat_ribs.vtp'.
[2021-11-04 17:02:54.203] [info] Loaded model 2D_gait from file 2D_gait_contact_constrained_activation.osim
[2021-11-04 17:02:54.205] [warning] Couldn't find file 'r_pelvis.vtp'.
[2021-11-04 17:02:54.205] [warning] Couldn't find file 'l_pelvis.vtp'.
[2021-11-04 17:02:54.206] [warning] Couldn't find file 'sacrum.vtp'.
[2021-11-04 17:02:54.206] [warning] Couldn't find file 'femur_l.vtp'.
[2021-11-04 17:02:54.206] [warning] Couldn't find file 'femur_r.vtp'.
[2021-11-04 17:02:54.206] [warning] Couldn't find file 'tibia_l.vtp'.
[2021-11-04 17:02:54.206] [warning] Couldn't find file 'l_fibula.vtp'.
[2021-11-04 17:02:54.206] [warning] Couldn't find file 'tibia_r.vtp'.
[2021-11-04 17:02:54.207] [warning] Couldn't find file 'r_fibula.vtp'.
[2021-11-04 17:02:54.207] [warning] Couldn't find file 'l_talus.vtp'.
[2021-11-04 17:02:54.207] [warning] Couldn't find file 'r_talus.vtp'.
[2021-11-04 17:02:54.207] [warning] Couldn't find file 'l_foot.vtp'.
[2021-11-04 17:02:54.207] [warning] Couldn't find file 'r_foot.vtp'.
[2021-11-04 17:02:54.208] [warning] Couldn't find file 'l_bofoot.vtp'.
[2021-11-04 17:02:54.208] [warning] Couldn't find file 'r_bofoot.vtp'.
[2021-11-04 17:02:54.208] [warning] Couldn't find file 'hat_spine.vtp'.
[2021-11-04 17:02:54.208] [warning] Couldn't find file 'hat_jaw.vtp'.
[2021-11-04 17:02:54.208] [warning] Couldn't find file 'hat_skull.vtp'.
[2021-11-04 17:02:54.208] [warning] Couldn't find file 'hat_ribs.vtp'.
[2021-11-04 17:02:57.379] [info] Loaded model 2D_gait from file 2D_gait_contact_constrained_activation.osim
[2021-11-04 17:02:57.380] [warning] Couldn't find file 'r_pelvis.vtp'.
[2021-11-04 17:02:57.380] [warning] Couldn't find file 'l_pelvis.vtp'.
[2021-11-04 17:02:57.381] [warning] Couldn't find file 'sacrum.vtp'.
[2021-11-04 17:02:57.381] [warning] Couldn't find file 'femur_l.vtp'.
[2021-11-04 17:02:57.381] [warning] Couldn't find file 'femur_r.vtp'.
[2021-11-04 17:02:57.381] [warning] Couldn't find file 'tibia_l.vtp'.
[2021-11-04 17:02:57.381] [warning] Couldn't find file 'l_fibula.vtp'.
[2021-11-04 17:02:57.381] [warning] Couldn't find file 'tibia_r.vtp'.
[2021-11-04 17:02:57.382] [warning] Couldn't find file 'r_fibula.vtp'.
[2021-11-04 17:02:57.382] [warning] Couldn't find file 'l_talus.vtp'.
[2021-11-04 17:02:57.382] [warning] Couldn't find file 'r_talus.vtp'.
[2021-11-04 17:02:57.382] [warning] Couldn't find file 'l_foot.vtp'.
[2021-11-04 17:02:57.382] [warning] Couldn't find file 'r_foot.vtp'.
[2021-11-04 17:02:57.383] [warning] Couldn't find file 'l_bofoot.vtp'.
[2021-11-04 17:02:57.383] [warning] Couldn't find file 'r_bofoot.vtp'.
[2021-11-04 17:02:57.383] [warning] Couldn't find file 'hat_spine.vtp'.
[2021-11-04 17:02:57.383] [warning] Couldn't find file 'hat_jaw.vtp'.
[2021-11-04 17:02:57.383] [warning] Couldn't find file 'hat_skull.vtp'.
[2021-11-04 17:02:57.383] [warning] Couldn't find file 'hat_ribs.vtp'.
[2021-11-04 17:04:03.171] [info] Loaded model 2D_gait from file 2D_gait_contact_constrained_activation.osim
[2021-11-04 17:04:03.173] [warning] Couldn't find file 'r_pelvis.vtp'.
[2021-11-04 17:04:03.173] [warning] Couldn't find file 'l_pelvis.vtp'.
[2021-11-04 17:04:03.173] [warning] Couldn't find file 'sacrum.vtp'.
[2021-11-04 17:04:03.173] [warning] Couldn't find file 'femur_l.vtp'.
[2021-11-04 17:04:03.174] [warning] Couldn't find file 'femur_r.vtp'.
[2021-11-04 17:04:03.174] [warning] Couldn't find file 'tibia_l.vtp'.
[2021-11-04 17:04:03.174] [warning] Couldn't find file 'l_fibula.vtp'.
[2021-11-04 17:04:03.174] [warning] Couldn't find file 'tibia_r.vtp'.
[2021-11-04 17:04:03.174] [warning] Couldn't find file 'r_fibula.vtp'.
[2021-11-04 17:04:03.175] [warning] Couldn't find file 'l_talus.vtp'.
[2021-11-04 17:04:03.175] [warning] Couldn't find file 'r_talus.vtp'.
[2021-11-04 17:04:03.175] [warning] Couldn't find file 'l_foot.vtp'.
[2021-11-04 17:04:03.175] [warning] Couldn't find file 'r_foot.vtp'.
[2021-11-04 17:04:03.176] [warning] Couldn't find file 'l_bofoot.vtp'.
[2021-11-04 17:04:03.176] [warning] Couldn't find file 'r_bofoot.vtp'.
[2021-11-04 17:04:03.176] [warning] Couldn't find file 'hat_spine.vtp'.
[2021-11-04 17:04:03.176] [warning] Couldn't find file 'hat_jaw.vtp'.
[2021-11-04 17:04:03.177] [warning] Couldn't find file 'hat_skull.vtp'.
[2021-11-04 17:04:03.177] [warning] Couldn't find file 'hat_ribs.vtp'.
[2021-11-04 17:04:06.572] [info] Loaded model 2D_gait from file 2D_gait_contact_constrained_activation.osim
[2021-11-04 17:04:06.574] [warning] Couldn't find file 'r_pelvis.vtp'.
[2021-11-04 17:04:06.574] [warning] Couldn't find file 'l_pelvis.vtp'.
[2021-11-04 17:04:06.574] [warning] Couldn't find file 'sacrum.vtp'.
[2021-11-04 17:04:06.574] [warning] Couldn't find file 'femur_l.vtp'.
[2021-11-04 17:04:06.575] [warning] Couldn't find file 'femur_r.vtp'.
[2021-11-04 17:04:06.575] [warning] Couldn't find file 'tibia_l.vtp'.
[2021-11-04 17:04:06.575] [warning] Couldn't find file 'l_fibula.vtp'.
[2021-11-04 17:04:06.575] [warning] Couldn't find file 'tibia_r.vtp'.
[2021-11-04 17:04:06.575] [warning] Couldn't find file 'r_fibula.vtp'.
[2021-11-04 17:04:06.575] [warning] Couldn't find file 'l_talus.vtp'.
[2021-11-04 17:04:06.576] [warning] Couldn't find file 'r_talus.vtp'.
[2021-11-04 17:04:06.576] [warning] Couldn't find file 'l_foot.vtp'.
[2021-11-04 17:04:06.576] [warning] Couldn't find file 'r_foot.vtp'.
[2021-11-04 17:04:06.576] [warning] Couldn't find file 'l_bofoot.vtp'.
[2021-11-04 17:04:06.576] [warning] Couldn't find file 'r_bofoot.vtp'.
[2021-11-04 17:04:06.577] [warning] Couldn't find file 'hat_spine.vtp'.
[2021-11-04 17:04:06.577] [warning] Couldn't find file 'hat_jaw.vtp'.
[2021-11-04 17:04:06.577] [warning] Couldn't find file 'hat_skull.vtp'.
[2021-11-04 17:04:06.577] [warning] Couldn't find file 'hat_ribs.vtp'.
[2021-11-04 17:04:48.215] [info] Loaded model 2D_gait from file 2D_gait_contact_constrained_activation.osim
[2021-11-04 17:04:48.218] [warning] Couldn't find file 'r_pelvis.vtp'.
[2021-11-04 17:04:48.218] [warning] Couldn't find file 'l_pelvis.vtp'.
[2021-11-04 17:04:48.218] [warning] Couldn't find file 'sacrum.vtp'.
[2021-11-04 17:04:48.218] [warning] Couldn't find file 'femur_l.vtp'.
[2021-11-04 17:04:48.219] [warning] Couldn't find file 'femur_r.vtp'.
[2021-11-04 17:04:48.219] [warning] Couldn't find file 'tibia_l.vtp'.
[2021-11-04 17:04:48.219] [warning] Couldn't find file 'l_fibula.vtp'.
[2021-11-04 17:04:48.220] [warning] Couldn't find file 'tibia_r.vtp'.
[2021-11-04 17:04:48.220] [warning] Couldn't find file 'r_fibula.vtp'.
[2021-11-04 17:04:48.220] [warning] Couldn't find file 'l_talus.vtp'.
[2021-11-04 17:04:48.220] [warning] Couldn't find file 'r_talus.vtp'.
[2021-11-04 17:04:48.221] [warning] Couldn't find file 'l_foot.vtp'.
[2021-11-04 17:04:48.221] [warning] Couldn't find file 'r_foot.vtp'.
[2021-11-04 17:04:48.221] [warning] Couldn't find file 'l_bofoot.vtp'.
[2021-11-04 17:04:48.221] [warning] Couldn't find file 'r_bofoot.vtp'.
[2021-11-04 17:04:48.222] [warning] Couldn't find file 'hat_spine.vtp'.
[2021-11-04 17:04:48.222] [warning] Couldn't find file 'hat_jaw.vtp'.
[2021-11-04 17:04:48.222] [warning] Couldn't find file 'hat_skull.vtp'.
[2021-11-04 17:04:48.222] [warning] Couldn't find file 'hat_ribs.vtp'.
[2021-11-04 17:04:51.993] [info] Loaded model 2D_gait from file 2D_gait_contact_constrained_activation.osim
[2021-11-04 17:04:51.995] [warning] Couldn't find file 'r_pelvis.vtp'.
[2021-11-04 17:04:51.995] [warning] Couldn't find file 'l_pelvis.vtp'.
[2021-11-04 17:04:51.995] [warning] Couldn't find file 'sacrum.vtp'.
[2021-11-04 17:04:51.995] [warning] Couldn't find file 'femur_l.vtp'.
[2021-11-04 17:04:51.995] [warning] Couldn't find file 'femur_r.vtp'.
[2021-11-04 17:04:51.996] [warning] Couldn't find file 'tibia_l.vtp'.
[2021-11-04 17:04:51.996] [warning] Couldn't find file 'l_fibula.vtp'.
[2021-11-04 17:04:51.996] [warning] Couldn't find file 'tibia_r.vtp'.
[2021-11-04 17:04:51.996] [warning] Couldn't find file 'r_fibula.vtp'.
[2021-11-04 17:04:51.996] [warning] Couldn't find file 'l_talus.vtp'.
[2021-11-04 17:04:51.996] [warning] Couldn't find file 'r_talus.vtp'.
[2021-11-04 17:04:51.997] [warning] Couldn't find file 'l_foot.vtp'.
[2021-11-04 17:04:51.997] [warning] Couldn't find file 'r_foot.vtp'.
[2021-11-04 17:04:51.997] [warning] Couldn't find file 'l_bofoot.vtp'.
[2021-11-04 17:04:51.997] [warning] Couldn't find file 'r_bofoot.vtp'.
[2021-11-04 17:04:51.997] [warning] Couldn't find file 'hat_spine.vtp'.
[2021-11-04 17:04:51.997] [warning] Couldn't find file 'hat_jaw.vtp'.
[2021-11-04 17:04:51.998] [warning] Couldn't find file 'hat_skull.vtp'.
[2021-11-04 17:04:51.998] [warning] Couldn't find file 'hat_ribs.vtp'.
[2021-11-04 17:05:32.269] [info] Loaded model 2D_gait from file 2D_gait_contact_constrained_activation.osim
[2021-11-04 17:05:32.271] [warning] Couldn't find file 'r_pelvis.vtp'.
[2021-11-04 17:05:32.271] [warning] Couldn't find file 'l_pelvis.vtp'.
[2021-11-04 17:05:32.272] [warning] Couldn't find file 'sacrum.vtp'.
[2021-11-04 17:05:32.272] [warning] Couldn't find file 'femur_l.vtp'.
[2021-11-04 17:05:32.272] [warning] Couldn't find file 'femur_r.vtp'.
[2021-11-04 17:05:32.272] [warning] Couldn't find file 'tibia_l.vtp'.
[2021-11-04 17:05:32.272] [warning] Couldn't find file 'l_fibula.vtp'.
[2021-11-04 17:05:32.273] [warning] Couldn't find file 'tibia_r.vtp'.
[2021-11-04 17:05:32.273] [warning] Couldn't find file 'r_fibula.vtp'.
[2021-11-04 17:05:32.273] [warning] Couldn't find file 'l_talus.vtp'.
[2021-11-04 17:05:32.273] [warning] Couldn't find file 'r_talus.vtp'.
[2021-11-04 17:05:32.273] [warning] Couldn't find file 'l_foot.vtp'.
[2021-11-04 17:05:32.274] [warning] Couldn't find file 'r_foot.vtp'.
[2021-11-04 17:05:32.274] [warning] Couldn't find file 'l_bofoot.vtp'.
[2021-11-04 17:05:32.274] [warning] Couldn't find file 'r_bofoot.vtp'.
[2021-11-04 17:05:32.274] [warning] Couldn't find file 'hat_spine.vtp'.
[2021-11-04 17:05:32.275] [warning] Couldn't find file 'hat_jaw.vtp'.
[2021-11-04 17:05:32.275] [warning] Couldn't find file 'hat_skull.vtp'.
[2021-11-04 17:05:32.275] [warning] Couldn't find file 'hat_ribs.vtp'.
[2021-11-04 17:05:35.677] [info] Loaded model 2D_gait from file 2D_gait_contact_constrained_activation.osim
[2021-11-04 17:05:35.679] [warning] Couldn't find file 'r_pelvis.vtp'.
[2021-11-04 17:05:35.679] [warning] Couldn't find file 'l_pelvis.vtp'.
[2021-11-04 17:05:35.679] [warning] Couldn't find file 'sacrum.vtp'.
[2021-11-04 17:05:35.679] [warning] Couldn't find file 'femur_l.vtp'.
[2021-11-04 17:05:35.679] [warning] Couldn't find file 'femur_r.vtp'.
[2021-11-04 17:05:35.679] [warning] Couldn't find file 'tibia_l.vtp'.
[2021-11-04 17:05:35.680] [warning] Couldn't find file 'l_fibula.vtp'.
[2021-11-04 17:05:35.680] [warning] Couldn't find file 'tibia_r.vtp'.
[2021-11-04 17:05:35.680] [warning] Couldn't find file 'r_fibula.vtp'.
[2021-11-04 17:05:35.680] [warning] Couldn't find file 'l_talus.vtp'.
[2021-11-04 17:05:35.680] [warning] Couldn't find file 'r_talus.vtp'.
[2021-11-04 17:05:35.680] [warning] Couldn't find file 'l_foot.vtp'.
[2021-11-04 17:05:35.681] [warning] Couldn't find file 'r_foot.vtp'.
[2021-11-04 17:05:35.681] [warning] Couldn't find file 'l_bofoot.vtp'.
[2021-11-04 17:05:35.681] [warning] Couldn't find file 'r_bofoot.vtp'.
[2021-11-04 17:05:35.681] [warning] Couldn't find file 'hat_spine.vtp'.
[2021-11-04 17:05:35.681] [warning] Couldn't find file 'hat_jaw.vtp'.
[2021-11-04 17:05:35.682] [warning] Couldn't find file 'hat_skull.vtp'.
[2021-11-04 17:05:35.682] [warning] Couldn't find file 'hat_ribs.vtp'.
[2021-11-04 17:06:52.394] [info] Loaded model 2D_gait from file 2D_gait_contact_constrained_activation.osim
[2021-11-04 17:06:52.396] [warning] Couldn't find file 'r_pelvis.vtp'.
[2021-11-04 17:06:52.396] [warning] Couldn't find file 'l_pelvis.vtp'.
[2021-11-04 17:06:52.396] [warning] Couldn't find file 'sacrum.vtp'.
[2021-11-04 17:06:52.396] [warning] Couldn't find file 'femur_l.vtp'.
[2021-11-04 17:06:52.396] [warning] Couldn't find file 'femur_r.vtp'.
[2021-11-04 17:06:52.397] [warning] Couldn't find file 'tibia_l.vtp'.
[2021-11-04 17:06:52.397] [warning] Couldn't find file 'l_fibula.vtp'.
[2021-11-04 17:06:52.397] [warning] Couldn't find file 'tibia_r.vtp'.
[2021-11-04 17:06:52.397] [warning] Couldn't find file 'r_fibula.vtp'.
[2021-11-04 17:06:52.397] [warning] Couldn't find file 'l_talus.vtp'.
[2021-11-04 17:06:52.398] [warning] Couldn't find file 'r_talus.vtp'.
[2021-11-04 17:06:52.398] [warning] Couldn't find file 'l_foot.vtp'.
[2021-11-04 17:06:52.398] [warning] Couldn't find file 'r_foot.vtp'.
[2021-11-04 17:06:52.398] [warning] Couldn't find file 'l_bofoot.vtp'.
[2021-11-04 17:06:52.398] [warning] Couldn't find file 'r_bofoot.vtp'.
[2021-11-04 17:06:52.398] [warning] Couldn't find file 'hat_spine.vtp'.
[2021-11-04 17:06:52.399] [warning] Couldn't find file 'hat_jaw.vtp'.
[2021-11-04 17:06:52.399] [warning] Couldn't find file 'hat_skull.vtp'.
[2021-11-04 17:06:52.399] [warning] Couldn't find file 'hat_ribs.vtp'.
[2021-11-04 17:06:55.681] [info] Loaded model 2D_gait from file 2D_gait_contact_constrained_activation.osim
[2021-11-04 17:06:55.683] [warning] Couldn't find file 'r_pelvis.vtp'.
[2021-11-04 17:06:55.683] [warning] Couldn't find file 'l_pelvis.vtp'.
[2021-11-04 17:06:55.683] [warning] Couldn't find file 'sacrum.vtp'.
[2021-11-04 17:06:55.683] [warning] Couldn't find file 'femur_l.vtp'.
[2021-11-04 17:06:55.683] [warning] Couldn't find file 'femur_r.vtp'.
[2021-11-04 17:06:55.684] [warning] Couldn't find file 'tibia_l.vtp'.
[2021-11-04 17:06:55.684] [warning] Couldn't find file 'l_fibula.vtp'.
[2021-11-04 17:06:55.684] [warning] Couldn't find file 'tibia_r.vtp'.
[2021-11-04 17:06:55.684] [warning] Couldn't find file 'r_fibula.vtp'.
[2021-11-04 17:06:55.684] [warning] Couldn't find file 'l_talus.vtp'.
[2021-11-04 17:06:55.684] [warning] Couldn't find file 'r_talus.vtp'.
[2021-11-04 17:06:55.685] [warning] Couldn't find file 'l_foot.vtp'.
[2021-11-04 17:06:55.685] [warning] Couldn't find file 'r_foot.vtp'.
[2021-11-04 17:06:55.685] [warning] Couldn't find file 'l_bofoot.vtp'.
[2021-11-04 17:06:55.685] [warning] Couldn't find file 'r_bofoot.vtp'.
[2021-11-04 17:06:55.685] [warning] Couldn't find file 'hat_spine.vtp'.
[2021-11-04 17:06:55.685] [warning] Couldn't find file 'hat_jaw.vtp'.
[2021-11-04 17:06:55.686] [warning] Couldn't find file 'hat_skull.vtp'.
[2021-11-04 17:06:55.686] [warning] Couldn't find file 'hat_ribs.vtp'.
[2021-11-04 17:21:00.894] [info] Loaded model 2D_gait from file 2D_gait_contact_constrained_activation.osim
[2021-11-04 17:21:00.896] [warning] Couldn't find file 'r_pelvis.vtp'.
[2021-11-04 17:21:00.896] [warning] Couldn't find file 'l_pelvis.vtp'.
[2021-11-04 17:21:00.896] [warning] Couldn't find file 'sacrum.vtp'.
[2021-11-04 17:21:00.896] [warning] Couldn't find file 'femur_l.vtp'.
[2021-11-04 17:21:00.897] [warning] Couldn't find file 'femur_r.vtp'.
[2021-11-04 17:21:00.897] [warning] Couldn't find file 'tibia_l.vtp'.
[2021-11-04 17:21:00.897] [warning] Couldn't find file 'l_fibula.vtp'.
[2021-11-04 17:21:00.897] [warning] Couldn't find file 'tibia_r.vtp'.
[2021-11-04 17:21:00.897] [warning] Couldn't find file 'r_fibula.vtp'.
[2021-11-04 17:21:00.898] [warning] Couldn't find file 'l_talus.vtp'.
[2021-11-04 17:21:00.898] [warning] Couldn't find file 'r_talus.vtp'.
[2021-11-04 17:21:00.898] [warning] Couldn't find file 'l_foot.vtp'.
[2021-11-04 17:21:00.898] [warning] Couldn't find file 'r_foot.vtp'.
[2021-11-04 17:21:00.899] [warning] Couldn't find file 'l_bofoot.vtp'.
[2021-11-04 17:21:00.899] [warning] Couldn't find file 'r_bofoot.vtp'.
[2021-11-04 17:21:00.899] [warning] Couldn't find file 'hat_spine.vtp'.
[2021-11-04 17:21:00.899] [warning] Couldn't find file 'hat_jaw.vtp'.
[2021-11-04 17:21:00.900] [warning] Couldn't find file 'hat_skull.vtp'.
[2021-11-04 17:21:00.900] [warning] Couldn't find file 'hat_ribs.vtp'.
[2021-11-04 17:21:11.963] [info] Loaded model 2D_gait from file 2D_gait_contact_constrained_activation.osim
[2021-11-04 17:21:11.965] [warning] Couldn't find file 'r_pelvis.vtp'.
[2021-11-04 17:21:11.965] [warning] Couldn't find file 'l_pelvis.vtp'.
[2021-11-04 17:21:11.965] [warning] Couldn't find file 'sacrum.vtp'.
[2021-11-04 17:21:11.965] [warning] Couldn't find file 'femur_l.vtp'.
[2021-11-04 17:21:11.966] [warning] Couldn't find file 'femur_r.vtp'.
[2021-11-04 17:21:11.966] [warning] Couldn't find file 'tibia_l.vtp'.
[2021-11-04 17:21:11.966] [warning] Couldn't find file 'l_fibula.vtp'.
[2021-11-04 17:21:11.966] [warning] Couldn't find file 'tibia_r.vtp'.
[2021-11-04 17:21:11.966] [warning] Couldn't find file 'r_fibula.vtp'.
[2021-11-04 17:21:11.966] [warning] Couldn't find file 'l_talus.vtp'.
[2021-11-04 17:21:11.967] [warning] Couldn't find file 'r_talus.vtp'.
[2021-11-04 17:21:11.967] [warning] Couldn't find file 'l_foot.vtp'.
[2021-11-04 17:21:11.967] [warning] Couldn't find file 'r_foot.vtp'.
[2021-11-04 17:21:11.967] [warning] Couldn't find file 'l_bofoot.vtp'.
[2021-11-04 17:21:11.967] [warning] Couldn't find file 'r_bofoot.vtp'.
[2021-11-04 17:21:11.968] [warning] Couldn't find file 'hat_spine.vtp'.
[2021-11-04 17:21:11.968] [warning] Couldn't find file 'hat_jaw.vtp'.
[2021-11-04 17:21:11.968] [warning] Couldn't find file 'hat_skull.vtp'.
[2021-11-04 17:21:11.968] [warning] Couldn't find file 'hat_ribs.vtp'.
[2021-11-04 17:27:36.463] [info] Loaded model 2D_gait from file 2D_gait_contact_constrained_activation.osim
[2021-11-04 17:27:36.465] [warning] Couldn't find file 'r_pelvis.vtp'.
[2021-11-04 17:27:36.465] [warning] Couldn't find file 'l_pelvis.vtp'.
[2021-11-04 17:27:36.465] [warning] Couldn't find file 'sacrum.vtp'.
[2021-11-04 17:27:36.465] [warning] Couldn't find file 'femur_l.vtp'.
[2021-11-04 17:27:36.466] [warning] Couldn't find file 'femur_r.vtp'.
[2021-11-04 17:27:36.466] [warning] Couldn't find file 'tibia_l.vtp'.
[2021-11-04 17:27:36.466] [warning] Couldn't find file 'l_fibula.vtp'.
[2021-11-04 17:27:36.466] [warning] Couldn't find file 'tibia_r.vtp'.
[2021-11-04 17:27:36.466] [warning] Couldn't find file 'r_fibula.vtp'.
[2021-11-04 17:27:36.467] [warning] Couldn't find file 'l_talus.vtp'.
[2021-11-04 17:27:36.467] [warning] Couldn't find file 'r_talus.vtp'.
[2021-11-04 17:27:36.467] [warning] Couldn't find file 'l_foot.vtp'.
[2021-11-04 17:27:36.467] [warning] Couldn't find file 'r_foot.vtp'.
[2021-11-04 17:27:36.467] [warning] Couldn't find file 'l_bofoot.vtp'.
[2021-11-04 17:27:36.467] [warning] Couldn't find file 'r_bofoot.vtp'.
[2021-11-04 17:27:36.468] [warning] Couldn't find file 'hat_spine.vtp'.
[2021-11-04 17:27:36.468] [warning] Couldn't find file 'hat_jaw.vtp'.
[2021-11-04 17:27:36.468] [warning] Couldn't find file 'hat_skull.vtp'.
[2021-11-04 17:27:36.468] [warning] Couldn't find file 'hat_ribs.vtp'.
[2021-11-04 17:30:47.019] [info] Loaded model 2D_gait from file 2D_gait_contact_constrained_activation.osim
[2021-11-04 17:30:47.020] [warning] Couldn't find file 'r_pelvis.vtp'.
[2021-11-04 17:30:47.020] [warning] Couldn't find file 'l_pelvis.vtp'.
[2021-11-04 17:30:47.021] [warning] Couldn't find file 'sacrum.vtp'.
[2021-11-04 17:30:47.021] [warning] Couldn't find file 'femur_l.vtp'.
[2021-11-04 17:30:47.021] [warning] Couldn't find file 'femur_r.vtp'.
[2021-11-04 17:30:47.021] [warning] Couldn't find file 'tibia_l.vtp'.
[2021-11-04 17:30:47.021] [warning] Couldn't find file 'l_fibula.vtp'.
[2021-11-04 17:30:47.022] [warning] Couldn't find file 'tibia_r.vtp'.
[2021-11-04 17:30:47.022] [warning] Couldn't find file 'r_fibula.vtp'.
[2021-11-04 17:30:47.022] [warning] Couldn't find file 'l_talus.vtp'.
[2021-11-04 17:30:47.022] [warning] Couldn't find file 'r_talus.vtp'.
[2021-11-04 17:30:47.022] [warning] Couldn't find file 'l_foot.vtp'.
[2021-11-04 17:30:47.022] [warning] Couldn't find file 'r_foot.vtp'.
[2021-11-04 17:30:47.023] [warning] Couldn't find file 'l_bofoot.vtp'.
[2021-11-04 17:30:47.023] [warning] Couldn't find file 'r_bofoot.vtp'.
[2021-11-04 17:30:47.023] [warning] Couldn't find file 'hat_spine.vtp'.
[2021-11-04 17:30:47.023] [warning] Couldn't find file 'hat_jaw.vtp'.
[2021-11-04 17:30:47.023] [warning] Couldn't find file 'hat_skull.vtp'.
[2021-11-04 17:30:47.023] [warning] Couldn't find file 'hat_ribs.vtp'.
[2021-11-04 17:32:53.974] [info] Loaded model 2D_gait from file 2D_gait_contact_constrained_activation.osim
[2021-11-04 17:32:53.976] [warning] Couldn't find file 'r_pelvis.vtp'.
[2021-11-04 17:32:53.976] [warning] Couldn't find file 'l_pelvis.vtp'.
[2021-11-04 17:32:53.976] [warning] Couldn't find file 'sacrum.vtp'.
[2021-11-04 17:32:53.976] [warning] Couldn't find file 'femur_l.vtp'.
[2021-11-04 17:32:53.977] [warning] Couldn't find file 'femur_r.vtp'.
[2021-11-04 17:32:53.977] [warning] Couldn't find file 'tibia_l.vtp'.
[2021-11-04 17:32:53.977] [warning] Couldn't find file 'l_fibula.vtp'.
[2021-11-04 17:32:53.977] [warning] Couldn't find file 'tibia_r.vtp'.
[2021-11-04 17:32:53.977] [warning] Couldn't find file 'r_fibula.vtp'.
[2021-11-04 17:32:53.977] [warning] Couldn't find file 'l_talus.vtp'.
[2021-11-04 17:32:53.978] [warning] Couldn't find file 'r_talus.vtp'.
[2021-11-04 17:32:53.978] [warning] Couldn't find file 'l_foot.vtp'.
[2021-11-04 17:32:53.978] [warning] Couldn't find file 'r_foot.vtp'.
[2021-11-04 17:32:53.978] [warning] Couldn't find file 'l_bofoot.vtp'.
[2021-11-04 17:32:53.978] [warning] Couldn't find file 'r_bofoot.vtp'.
[2021-11-04 17:32:53.979] [warning] Couldn't find file 'hat_spine.vtp'.
[2021-11-04 17:32:53.979] [warning] Couldn't find file 'hat_jaw.vtp'.
[2021-11-04 17:32:53.979] [warning] Couldn't find file 'hat_skull.vtp'.
[2021-11-04 17:32:53.979] [warning] Couldn't find file 'hat_ribs.vtp'.
[2021-11-04 17:34:17.480] [info] Loaded model 2D_gait from file 2D_gait_contact_constrained_activation.osim
[2021-11-04 17:34:17.482] [warning] Couldn't find file 'r_pelvis.vtp'.
[2021-11-04 17:34:17.482] [warning] Couldn't find file 'l_pelvis.vtp'.
[2021-11-04 17:34:17.482] [warning] Couldn't find file 'sacrum.vtp'.
[2021-11-04 17:34:17.482] [warning] Couldn't find file 'femur_l.vtp'.
[2021-11-04 17:34:17.483] [warning] Couldn't find file 'femur_r.vtp'.
[2021-11-04 17:34:17.483] [warning] Couldn't find file 'tibia_l.vtp'.
[2021-11-04 17:34:17.483] [warning] Couldn't find file 'l_fibula.vtp'.
[2021-11-04 17:34:17.483] [warning] Couldn't find file 'tibia_r.vtp'.
[2021-11-04 17:34:17.483] [warning] Couldn't find file 'r_fibula.vtp'.
[2021-11-04 17:34:17.483] [warning] Couldn't find file 'l_talus.vtp'.
[2021-11-04 17:34:17.484] [warning] Couldn't find file 'r_talus.vtp'.
[2021-11-04 17:34:17.484] [warning] Couldn't find file 'l_foot.vtp'.
[2021-11-04 17:34:17.484] [warning] Couldn't find file 'r_foot.vtp'.
[2021-11-04 17:34:17.484] [warning] Couldn't find file 'l_bofoot.vtp'.
[2021-11-04 17:34:17.484] [warning] Couldn't find file 'r_bofoot.vtp'.
[2021-11-04 17:34:17.484] [warning] Couldn't find file 'hat_spine.vtp'.
[2021-11-04 17:34:17.485] [warning] Couldn't find file 'hat_jaw.vtp'.
[2021-11-04 17:34:17.485] [warning] Couldn't find file 'hat_skull.vtp'.
[2021-11-04 17:34:17.485] [warning] Couldn't find file 'hat_ribs.vtp'.
[2021-11-04 17:34:29.852] [info] Loaded model 2D_gait from file 2D_gait_contact_constrained_activation.osim
[2021-11-04 17:34:29.854] [warning] Couldn't find file 'r_pelvis.vtp'.
[2021-11-04 17:34:29.854] [warning] Couldn't find file 'l_pelvis.vtp'.
[2021-11-04 17:34:29.854] [warning] Couldn't find file 'sacrum.vtp'.
[2021-11-04 17:34:29.854] [warning] Couldn't find file 'femur_l.vtp'.
[2021-11-04 17:34:29.854] [warning] Couldn't find file 'femur_r.vtp'.
[2021-11-04 17:34:29.855] [warning] Couldn't find file 'tibia_l.vtp'.
[2021-11-04 17:34:29.855] [warning] Couldn't find file 'l_fibula.vtp'.
[2021-11-04 17:34:29.855] [warning] Couldn't find file 'tibia_r.vtp'.
[2021-11-04 17:34:29.855] [warning] Couldn't find file 'r_fibula.vtp'.
[2021-11-04 17:34:29.855] [warning] Couldn't find file 'l_talus.vtp'.
[2021-11-04 17:34:29.856] [warning] Couldn't find file 'r_talus.vtp'.
[2021-11-04 17:34:29.856] [warning] Couldn't find file 'l_foot.vtp'.
[2021-11-04 17:34:29.856] [warning] Couldn't find file 'r_foot.vtp'.
[2021-11-04 17:34:29.856] [warning] Couldn't find file 'l_bofoot.vtp'.
[2021-11-04 17:34:29.856] [warning] Couldn't find file 'r_bofoot.vtp'.
[2021-11-04 17:34:29.856] [warning] Couldn't find file 'hat_spine.vtp'.
[2021-11-04 17:34:29.857] [warning] Couldn't find file 'hat_jaw.vtp'.
[2021-11-04 17:34:29.857] [warning] Couldn't find file 'hat_skull.vtp'.
[2021-11-04 17:34:29.857] [warning] Couldn't find file 'hat_ribs.vtp'.
[2021-11-04 17:35:56.436] [info] Loaded model 2D_gait from file 2D_gait_contact_constrained_activation.osim
[2021-11-04 17:35:56.438] [warning] Couldn't find file 'r_pelvis.vtp'.
[2021-11-04 17:35:56.438] [warning] Couldn't find file 'l_pelvis.vtp'.
[2021-11-04 17:35:56.438] [warning] Couldn't find file 'sacrum.vtp'.
[2021-11-04 17:35:56.438] [warning] Couldn't find file 'femur_l.vtp'.
[2021-11-04 17:35:56.439] [warning] Couldn't find file 'femur_r.vtp'.
[2021-11-04 17:35:56.439] [warning] Couldn't find file 'tibia_l.vtp'.
[2021-11-04 17:35:56.439] [warning] Couldn't find file 'l_fibula.vtp'.
[2021-11-04 17:35:56.439] [warning] Couldn't find file 'tibia_r.vtp'.
[2021-11-04 17:35:56.439] [warning] Couldn't find file 'r_fibula.vtp'.
[2021-11-04 17:35:56.439] [warning] Couldn't find file 'l_talus.vtp'.
[2021-11-04 17:35:56.439] [warning] Couldn't find file 'r_talus.vtp'.
[2021-11-04 17:35:56.440] [warning] Couldn't find file 'l_foot.vtp'.
[2021-11-04 17:35:56.440] [warning] Couldn't find file 'r_foot.vtp'.
[2021-11-04 17:35:56.440] [warning] Couldn't find file 'l_bofoot.vtp'.
[2021-11-04 17:35:56.440] [warning] Couldn't find file 'r_bofoot.vtp'.
[2021-11-04 17:35:56.440] [warning] Couldn't find file 'hat_spine.vtp'.
[2021-11-04 17:35:56.441] [warning] Couldn't find file 'hat_jaw.vtp'.
[2021-11-04 17:35:56.441] [warning] Couldn't find file 'hat_skull.vtp'.
[2021-11-04 17:35:56.441] [warning] Couldn't find file 'hat_ribs.vtp'.
[2021-11-04 17:37:20.067] [info] Loaded model 2D_gait from file 2D_gait_contact_constrained_activation.osim
[2021-11-04 17:37:20.068] [warning] Couldn't find file 'r_pelvis.vtp'.
[2021-11-04 17:37:20.069] [warning] Couldn't find file 'l_pelvis.vtp'.
[2021-11-04 17:37:20.069] [warning] Couldn't find file 'sacrum.vtp'.
[2021-11-04 17:37:20.069] [warning] Couldn't find file 'femur_l.vtp'.
[2021-11-04 17:37:20.069] [warning] Couldn't find file 'femur_r.vtp'.
[2021-11-04 17:37:20.069] [warning] Couldn't find file 'tibia_l.vtp'.
[2021-11-04 17:37:20.070] [warning] Couldn't find file 'l_fibula.vtp'.
[2021-11-04 17:37:20.070] [warning] Couldn't find file 'tibia_r.vtp'.
[2021-11-04 17:37:20.070] [warning] Couldn't find file 'r_fibula.vtp'.
[2021-11-04 17:37:20.070] [warning] Couldn't find file 'l_talus.vtp'.
[2021-11-04 17:37:20.070] [warning] Couldn't find file 'r_talus.vtp'.
[2021-11-04 17:37:20.070] [warning] Couldn't find file 'l_foot.vtp'.
[2021-11-04 17:37:20.071] [warning] Couldn't find file 'r_foot.vtp'.
[2021-11-04 17:37:20.071] [warning] Couldn't find file 'l_bofoot.vtp'.
[2021-11-04 17:37:20.071] [warning] Couldn't find file 'r_bofoot.vtp'.
[2021-11-04 17:37:20.071] [warning] Couldn't find file 'hat_spine.vtp'.
[2021-11-04 17:37:20.071] [warning] Couldn't find file 'hat_jaw.vtp'.
[2021-11-04 17:37:20.071] [warning] Couldn't find file 'hat_skull.vtp'.
[2021-11-04 17:37:20.072] [warning] Couldn't find file 'hat_ribs.vtp'.
[2021-11-04 17:38:45.807] [info] Loaded model 2D_gait from file 2D_gait_contact_constrained_activation.osim
[2021-11-04 17:38:45.808] [warning] Couldn't find file 'r_pelvis.vtp'.
[2021-11-04 17:38:45.809] [warning] Couldn't find file 'l_pelvis.vtp'.
[2021-11-04 17:38:45.809] [warning] Couldn't find file 'sacrum.vtp'.
[2021-11-04 17:38:45.809] [warning] Couldn't find file 'femur_l.vtp'.
[2021-11-04 17:38:45.809] [warning] Couldn't find file 'femur_r.vtp'.
[2021-11-04 17:38:45.809] [warning] Couldn't find file 'tibia_l.vtp'.
[2021-11-04 17:38:45.809] [warning] Couldn't find file 'l_fibula.vtp'.
[2021-11-04 17:38:45.810] [warning] Couldn't find file 'tibia_r.vtp'.
[2021-11-04 17:38:45.810] [warning] Couldn't find file 'r_fibula.vtp'.
[2021-11-04 17:38:45.810] [warning] Couldn't find file 'l_talus.vtp'.
[2021-11-04 17:38:45.810] [warning] Couldn't find file 'r_talus.vtp'.
[2021-11-04 17:38:45.810] [warning] Couldn't find file 'l_foot.vtp'.
[2021-11-04 17:38:45.811] [warning] Couldn't find file 'r_foot.vtp'.
[2021-11-04 17:38:45.811] [warning] Couldn't find file 'l_bofoot.vtp'.
[2021-11-04 17:38:45.811] [warning] Couldn't find file 'r_bofoot.vtp'.
[2021-11-04 17:38:45.811] [warning] Couldn't find file 'hat_spine.vtp'.
[2021-11-04 17:38:45.811] [warning] Couldn't find file 'hat_jaw.vtp'.
[2021-11-04 17:38:45.811] [warning] Couldn't find file 'hat_skull.vtp'.
[2021-11-04 17:38:45.811] [warning] Couldn't find file 'hat_ribs.vtp'.
[2021-11-04 17:38:58.121] [info] Loaded model 2D_gait from file 2D_gait_contact_constrained_activation.osim
[2021-11-04 17:38:58.123] [warning] Couldn't find file 'r_pelvis.vtp'.
[2021-11-04 17:38:58.123] [warning] Couldn't find file 'l_pelvis.vtp'.
[2021-11-04 17:38:58.124] [warning] Couldn't find file 'sacrum.vtp'.
[2021-11-04 17:38:58.124] [warning] Couldn't find file 'femur_l.vtp'.
[2021-11-04 17:38:58.124] [warning] Couldn't find file 'femur_r.vtp'.
[2021-11-04 17:38:58.124] [warning] Couldn't find file 'tibia_l.vtp'.
[2021-11-04 17:38:58.124] [warning] Couldn't find file 'l_fibula.vtp'.
[2021-11-04 17:38:58.125] [warning] Couldn't find file 'tibia_r.vtp'.
[2021-11-04 17:38:58.125] [warning] Couldn't find file 'r_fibula.vtp'.
[2021-11-04 17:38:58.125] [warning] Couldn't find file 'l_talus.vtp'.
[2021-11-04 17:38:58.125] [warning] Couldn't find file 'r_talus.vtp'.
[2021-11-04 17:38:58.125] [warning] Couldn't find file 'l_foot.vtp'.
[2021-11-04 17:38:58.125] [warning] Couldn't find file 'r_foot.vtp'.
[2021-11-04 17:38:58.126] [warning] Couldn't find file 'l_bofoot.vtp'.
[2021-11-04 17:38:58.126] [warning] Couldn't find file 'r_bofoot.vtp'.
[2021-11-04 17:38:58.126] [warning] Couldn't find file 'hat_spine.vtp'.
[2021-11-04 17:38:58.126] [warning] Couldn't find file 'hat_jaw.vtp'.
[2021-11-04 17:38:58.126] [warning] Couldn't find file 'hat_skull.vtp'.
[2021-11-04 17:38:58.126] [warning] Couldn't find file 'hat_ribs.vtp'.
[2021-11-04 17:40:21.700] [info] Loaded model 2D_gait from file 2D_gait_contact_constrained_activation.osim
[2021-11-04 17:40:21.702] [warning] Couldn't find file 'r_pelvis.vtp'.
[2021-11-04 17:40:21.703] [warning] Couldn't find file 'l_pelvis.vtp'.
[2021-11-04 17:40:21.703] [warning] Couldn't find file 'sacrum.vtp'.
[2021-11-04 17:40:21.703] [warning] Couldn't find file 'femur_l.vtp'.
[2021-11-04 17:40:21.703] [warning] Couldn't find file 'femur_r.vtp'.
[2021-11-04 17:40:21.703] [warning] Couldn't find file 'tibia_l.vtp'.
[2021-11-04 17:40:21.704] [warning] Couldn't find file 'l_fibula.vtp'.
[2021-11-04 17:40:21.704] [warning] Couldn't find file 'tibia_r.vtp'.
[2021-11-04 17:40:21.704] [warning] Couldn't find file 'r_fibula.vtp'.
[2021-11-04 17:40:21.704] [warning] Couldn't find file 'l_talus.vtp'.
[2021-11-04 17:40:21.704] [warning] Couldn't find file 'r_talus.vtp'.
[2021-11-04 17:40:21.704] [warning] Couldn't find file 'l_foot.vtp'.
[2021-11-04 17:40:21.705] [warning] Couldn't find file 'r_foot.vtp'.
[2021-11-04 17:40:21.705] [warning] Couldn't find file 'l_bofoot.vtp'.
[2021-11-04 17:40:21.705] [warning] Couldn't find file 'r_bofoot.vtp'.
[2021-11-04 17:40:21.705] [warning] Couldn't find file 'hat_spine.vtp'.
[2021-11-04 17:40:21.705] [warning] Couldn't find file 'hat_jaw.vtp'.
[2021-11-04 17:40:21.706] [warning] Couldn't find file 'hat_skull.vtp'.
[2021-11-04 17:40:21.706] [warning] Couldn't find file 'hat_ribs.vtp'.
[2021-11-04 17:45:39.392] [info] Loaded model 2D_gait from file 2D_gait_contact_constrained_activation.osim
[2021-11-04 17:45:39.393] [warning] Couldn't find file 'r_pelvis.vtp'.
[2021-11-04 17:45:39.393] [warning] Couldn't find file 'l_pelvis.vtp'.
[2021-11-04 17:45:39.394] [warning] Couldn't find file 'sacrum.vtp'.
[2021-11-04 17:45:39.394] [warning] Couldn't find file 'femur_l.vtp'.
[2021-11-04 17:45:39.394] [warning] Couldn't find file 'femur_r.vtp'.
[2021-11-04 17:45:39.394] [warning] Couldn't find file 'tibia_l.vtp'.
[2021-11-04 17:45:39.394] [warning] Couldn't find file 'l_fibula.vtp'.
[2021-11-04 17:45:39.394] [warning] Couldn't find file 'tibia_r.vtp'.
[2021-11-04 17:45:39.395] [warning] Couldn't find file 'r_fibula.vtp'.
[2021-11-04 17:45:39.395] [warning] Couldn't find file 'l_talus.vtp'.
[2021-11-04 17:45:39.395] [warning] Couldn't find file 'r_talus.vtp'.
[2021-11-04 17:45:39.395] [warning] Couldn't find file 'l_foot.vtp'.
[2021-11-04 17:45:39.395] [warning] Couldn't find file 'r_foot.vtp'.
[2021-11-04 17:45:39.395] [warning] Couldn't find file 'l_bofoot.vtp'.
[2021-11-04 17:45:39.396] [warning] Couldn't find file 'r_bofoot.vtp'.
[2021-11-04 17:45:39.396] [warning] Couldn't find file 'hat_spine.vtp'.
[2021-11-04 17:45:39.396] [warning] Couldn't find file 'hat_jaw.vtp'.
[2021-11-04 17:45:39.396] [warning] Couldn't find file 'hat_skull.vtp'.
[2021-11-04 17:45:39.396] [warning] Couldn't find file 'hat_ribs.vtp'.
[2021-11-04 17:47:02.429] [info] Loaded model 2D_gait from file 2D_gait_contact_constrained_activation.osim
[2021-11-04 17:47:02.431] [warning] Couldn't find file 'r_pelvis.vtp'.
[2021-11-04 17:47:02.431] [warning] Couldn't find file 'l_pelvis.vtp'.
[2021-11-04 17:47:02.432] [warning] Couldn't find file 'sacrum.vtp'.
[2021-11-04 17:47:02.432] [warning] Couldn't find file 'femur_l.vtp'.
[2021-11-04 17:47:02.432] [warning] Couldn't find file 'femur_r.vtp'.
[2021-11-04 17:47:02.432] [warning] Couldn't find file 'tibia_l.vtp'.
[2021-11-04 17:47:02.432] [warning] Couldn't find file 'l_fibula.vtp'.
[2021-11-04 17:47:02.432] [warning] Couldn't find file 'tibia_r.vtp'.
[2021-11-04 17:47:02.433] [warning] Couldn't find file 'r_fibula.vtp'.
[2021-11-04 17:47:02.433] [warning] Couldn't find file 'l_talus.vtp'.
[2021-11-04 17:47:02.433] [warning] Couldn't find file 'r_talus.vtp'.
[2021-11-04 17:47:02.433] [warning] Couldn't find file 'l_foot.vtp'.
[2021-11-04 17:47:02.433] [warning] Couldn't find file 'r_foot.vtp'.
[2021-11-04 17:47:02.434] [warning] Couldn't find file 'l_bofoot.vtp'.
[2021-11-04 17:47:02.434] [warning] Couldn't find file 'r_bofoot.vtp'.
[2021-11-04 17:47:02.434] [warning] Couldn't find file 'hat_spine.vtp'.
[2021-11-04 17:47:02.434] [warning] Couldn't find file 'hat_jaw.vtp'.
[2021-11-04 17:47:02.434] [warning] Couldn't find file 'hat_skull.vtp'.
[2021-11-04 17:47:02.434] [warning] Couldn't find file 'hat_ribs.vtp'.
[2021-11-04 17:47:14.347] [info] Loaded model 2D_gait from file 2D_gait_contact_constrained_activation.osim
[2021-11-04 17:47:14.349] [warning] Couldn't find file 'r_pelvis.vtp'.
[2021-11-04 17:47:14.349] [warning] Couldn't find file 'l_pelvis.vtp'.
[2021-11-04 17:47:14.349] [warning] Couldn't find file 'sacrum.vtp'.
[2021-11-04 17:47:14.349] [warning] Couldn't find file 'femur_l.vtp'.
[2021-11-04 17:47:14.349] [warning] Couldn't find file 'femur_r.vtp'.
[2021-11-04 17:47:14.349] [warning] Couldn't find file 'tibia_l.vtp'.
[2021-11-04 17:47:14.350] [warning] Couldn't find file 'l_fibula.vtp'.
[2021-11-04 17:47:14.350] [warning] Couldn't find file 'tibia_r.vtp'.
[2021-11-04 17:47:14.350] [warning] Couldn't find file 'r_fibula.vtp'.
[2021-11-04 17:47:14.350] [warning] Couldn't find file 'l_talus.vtp'.
[2021-11-04 17:47:14.350] [warning] Couldn't find file 'r_talus.vtp'.
[2021-11-04 17:47:14.350] [warning] Couldn't find file 'l_foot.vtp'.
[2021-11-04 17:47:14.351] [warning] Couldn't find file 'r_foot.vtp'.
[2021-11-04 17:47:14.351] [warning] Couldn't find file 'l_bofoot.vtp'.
[2021-11-04 17:47:14.351] [warning] Couldn't find file 'r_bofoot.vtp'.
[2021-11-04 17:47:14.351] [warning] Couldn't find file 'hat_spine.vtp'.
[2021-11-04 17:47:14.351] [warning] Couldn't find file 'hat_jaw.vtp'.
[2021-11-04 17:47:14.351] [warning] Couldn't find file 'hat_skull.vtp'.
[2021-11-04 17:47:14.352] [warning] Couldn't find file 'hat_ribs.vtp'.
[2021-11-04 17:48:38.201] [info] Loaded model 2D_gait from file 2D_gait_contact_constrained_activation.osim
[2021-11-04 17:48:38.203] [warning] Couldn't find file 'r_pelvis.vtp'.
[2021-11-04 17:48:38.203] [warning] Couldn't find file 'l_pelvis.vtp'.
[2021-11-04 17:48:38.203] [warning] Couldn't find file 'sacrum.vtp'.
[2021-11-04 17:48:38.203] [warning] Couldn't find file 'femur_l.vtp'.
[2021-11-04 17:48:38.203] [warning] Couldn't find file 'femur_r.vtp'.
[2021-11-04 17:48:38.203] [warning] Couldn't find file 'tibia_l.vtp'.
[2021-11-04 17:48:38.204] [warning] Couldn't find file 'l_fibula.vtp'.
[2021-11-04 17:48:38.204] [warning] Couldn't find file 'tibia_r.vtp'.
[2021-11-04 17:48:38.204] [warning] Couldn't find file 'r_fibula.vtp'.
[2021-11-04 17:48:38.204] [warning] Couldn't find file 'l_talus.vtp'.
[2021-11-04 17:48:38.204] [warning] Couldn't find file 'r_talus.vtp'.
[2021-11-04 17:48:38.205] [warning] Couldn't find file 'l_foot.vtp'.
[2021-11-04 17:48:38.205] [warning] Couldn't find file 'r_foot.vtp'.
[2021-11-04 17:48:38.205] [warning] Couldn't find file 'l_bofoot.vtp'.
[2021-11-04 17:48:38.205] [warning] Couldn't find file 'r_bofoot.vtp'.
[2021-11-04 17:48:38.205] [warning] Couldn't find file 'hat_spine.vtp'.
[2021-11-04 17:48:38.205] [warning] Couldn't find file 'hat_jaw.vtp'.
[2021-11-04 17:48:38.206] [warning] Couldn't find file 'hat_skull.vtp'.
[2021-11-04 17:48:38.206] [warning] Couldn't find file 'hat_ribs.vtp'.
[2021-11-04 17:50:30.929] [info] Loaded model 2D_gait from file 2D_gait_contact_constrained_activation.osim
[2021-11-04 17:50:30.930] [warning] Couldn't find file 'r_pelvis.vtp'.
[2021-11-04 17:50:30.931] [warning] Couldn't find file 'l_pelvis.vtp'.
[2021-11-04 17:50:30.931] [warning] Couldn't find file 'sacrum.vtp'.
[2021-11-04 17:50:30.931] [warning] Couldn't find file 'femur_l.vtp'.
[2021-11-04 17:50:30.931] [warning] Couldn't find file 'femur_r.vtp'.
[2021-11-04 17:50:30.931] [warning] Couldn't find file 'tibia_l.vtp'.
[2021-11-04 17:50:30.931] [warning] Couldn't find file 'l_fibula.vtp'.
[2021-11-04 17:50:30.932] [warning] Couldn't find file 'tibia_r.vtp'.
[2021-11-04 17:50:30.932] [warning] Couldn't find file 'r_fibula.vtp'.
[2021-11-04 17:50:30.932] [warning] Couldn't find file 'l_talus.vtp'.
[2021-11-04 17:50:30.932] [warning] Couldn't find file 'r_talus.vtp'.
[2021-11-04 17:50:30.932] [warning] Couldn't find file 'l_foot.vtp'.
[2021-11-04 17:50:30.933] [warning] Couldn't find file 'r_foot.vtp'.
[2021-11-04 17:50:30.933] [warning] Couldn't find file 'l_bofoot.vtp'.
[2021-11-04 17:50:30.933] [warning] Couldn't find file 'r_bofoot.vtp'.
[2021-11-04 17:50:30.933] [warning] Couldn't find file 'hat_spine.vtp'.
[2021-11-04 17:50:30.933] [warning] Couldn't find file 'hat_jaw.vtp'.
[2021-11-04 17:50:30.933] [warning] Couldn't find file 'hat_skull.vtp'.
[2021-11-04 17:50:30.933] [warning] Couldn't find file 'hat_ribs.vtp'.
[2021-11-04 17:51:51.378] [info] Loaded model 2D_gait from file 2D_gait_contact_constrained_activation.osim
[2021-11-04 17:51:51.380] [warning] Couldn't find file 'r_pelvis.vtp'.
[2021-11-04 17:51:51.380] [warning] Couldn't find file 'l_pelvis.vtp'.
[2021-11-04 17:51:51.380] [warning] Couldn't find file 'sacrum.vtp'.
[2021-11-04 17:51:51.381] [warning] Couldn't find file 'femur_l.vtp'.
[2021-11-04 17:51:51.381] [warning] Couldn't find file 'femur_r.vtp'.
[2021-11-04 17:51:51.381] [warning] Couldn't find file 'tibia_l.vtp'.
[2021-11-04 17:51:51.381] [warning] Couldn't find file 'l_fibula.vtp'.
[2021-11-04 17:51:51.381] [warning] Couldn't find file 'tibia_r.vtp'.
[2021-11-04 17:51:51.382] [warning] Couldn't find file 'r_fibula.vtp'.
[2021-11-04 17:51:51.382] [warning] Couldn't find file 'l_talus.vtp'.
[2021-11-04 17:51:51.382] [warning] Couldn't find file 'r_talus.vtp'.
[2021-11-04 17:51:51.382] [warning] Couldn't find file 'l_foot.vtp'.
[2021-11-04 17:51:51.382] [warning] Couldn't find file 'r_foot.vtp'.
[2021-11-04 17:51:51.382] [warning] Couldn't find file 'l_bofoot.vtp'.
[2021-11-04 17:51:51.383] [warning] Couldn't find file 'r_bofoot.vtp'.
[2021-11-04 17:51:51.383] [warning] Couldn't find file 'hat_spine.vtp'.
[2021-11-04 17:51:51.383] [warning] Couldn't find file 'hat_jaw.vtp'.
[2021-11-04 17:51:51.383] [warning] Couldn't find file 'hat_skull.vtp'.
[2021-11-04 17:51:51.383] [warning] Couldn't find file 'hat_ribs.vtp'.
[2021-11-04 17:52:03.332] [info] Loaded model 2D_gait from file 2D_gait_contact_constrained_activation.osim
[2021-11-04 17:52:03.334] [warning] Couldn't find file 'r_pelvis.vtp'.
[2021-11-04 17:52:03.334] [warning] Couldn't find file 'l_pelvis.vtp'.
[2021-11-04 17:52:03.334] [warning] Couldn't find file 'sacrum.vtp'.
[2021-11-04 17:52:03.334] [warning] Couldn't find file 'femur_l.vtp'.
[2021-11-04 17:52:03.335] [warning] Couldn't find file 'femur_r.vtp'.
[2021-11-04 17:52:03.335] [warning] Couldn't find file 'tibia_l.vtp'.
[2021-11-04 17:52:03.335] [warning] Couldn't find file 'l_fibula.vtp'.
[2021-11-04 17:52:03.335] [warning] Couldn't find file 'tibia_r.vtp'.
[2021-11-04 17:52:03.335] [warning] Couldn't find file 'r_fibula.vtp'.
[2021-11-04 17:52:03.335] [warning] Couldn't find file 'l_talus.vtp'.
[2021-11-04 17:52:03.336] [warning] Couldn't find file 'r_talus.vtp'.
[2021-11-04 17:52:03.336] [warning] Couldn't find file 'l_foot.vtp'.
[2021-11-04 17:52:03.336] [warning] Couldn't find file 'r_foot.vtp'.
[2021-11-04 17:52:03.336] [warning] Couldn't find file 'l_bofoot.vtp'.
[2021-11-04 17:52:03.336] [warning] Couldn't find file 'r_bofoot.vtp'.
[2021-11-04 17:52:03.337] [warning] Couldn't find file 'hat_spine.vtp'.
[2021-11-04 17:52:03.337] [warning] Couldn't find file 'hat_jaw.vtp'.
[2021-11-04 17:52:03.337] [warning] Couldn't find file 'hat_skull.vtp'.
[2021-11-04 17:52:03.337] [warning] Couldn't find file 'hat_ribs.vtp'.
[2021-11-04 17:53:24.730] [info] Loaded model 2D_gait from file 2D_gait_contact_constrained_activation.osim
[2021-11-04 17:53:24.732] [warning] Couldn't find file 'r_pelvis.vtp'.
[2021-11-04 17:53:24.732] [warning] Couldn't find file 'l_pelvis.vtp'.
[2021-11-04 17:53:24.732] [warning] Couldn't find file 'sacrum.vtp'.
[2021-11-04 17:53:24.733] [warning] Couldn't find file 'femur_l.vtp'.
[2021-11-04 17:53:24.733] [warning] Couldn't find file 'femur_r.vtp'.
[2021-11-04 17:53:24.733] [warning] Couldn't find file 'tibia_l.vtp'.
[2021-11-04 17:53:24.733] [warning] Couldn't find file 'l_fibula.vtp'.
[2021-11-04 17:53:24.733] [warning] Couldn't find file 'tibia_r.vtp'.
[2021-11-04 17:53:24.733] [warning] Couldn't find file 'r_fibula.vtp'.
[2021-11-04 17:53:24.734] [warning] Couldn't find file 'l_talus.vtp'.
[2021-11-04 17:53:24.734] [warning] Couldn't find file 'r_talus.vtp'.
[2021-11-04 17:53:24.734] [warning] Couldn't find file 'l_foot.vtp'.
[2021-11-04 17:53:24.734] [warning] Couldn't find file 'r_foot.vtp'.
[2021-11-04 17:53:24.734] [warning] Couldn't find file 'l_bofoot.vtp'.
[2021-11-04 17:53:24.735] [warning] Couldn't find file 'r_bofoot.vtp'.
[2021-11-04 17:53:24.735] [warning] Couldn't find file 'hat_spine.vtp'.
[2021-11-04 17:53:24.735] [warning] Couldn't find file 'hat_jaw.vtp'.
[2021-11-04 17:53:24.735] [warning] Couldn't find file 'hat_skull.vtp'.
[2021-11-04 17:53:24.735] [warning] Couldn't find file 'hat_ribs.vtp'.
[2021-11-04 18:54:17.281] [info] Loaded model 2D_gait from file 2D_gait_contact_constrained_activation.osim
[2021-11-04 18:54:17.283] [warning] Couldn't find file 'r_pelvis.vtp'.
[2021-11-04 18:54:17.283] [warning] Couldn't find file 'l_pelvis.vtp'.
[2021-11-04 18:54:17.283] [warning] Couldn't find file 'sacrum.vtp'.
[2021-11-04 18:54:17.283] [warning] Couldn't find file 'femur_l.vtp'.
[2021-11-04 18:54:17.283] [warning] Couldn't find file 'femur_r.vtp'.
[2021-11-04 18:54:17.284] [warning] Couldn't find file 'tibia_l.vtp'.
[2021-11-04 18:54:17.284] [warning] Couldn't find file 'l_fibula.vtp'.
[2021-11-04 18:54:17.284] [warning] Couldn't find file 'tibia_r.vtp'.
[2021-11-04 18:54:17.284] [warning] Couldn't find file 'r_fibula.vtp'.
[2021-11-04 18:54:17.284] [warning] Couldn't find file 'l_talus.vtp'.
[2021-11-04 18:54:17.285] [warning] Couldn't find file 'r_talus.vtp'.
[2021-11-04 18:54:17.285] [warning] Couldn't find file 'l_foot.vtp'.
[2021-11-04 18:54:17.285] [warning] Couldn't find file 'r_foot.vtp'.
[2021-11-04 18:54:17.285] [warning] Couldn't find file 'l_bofoot.vtp'.
[2021-11-04 18:54:17.285] [warning] Couldn't find file 'r_bofoot.vtp'.
[2021-11-04 18:54:17.286] [warning] Couldn't find file 'hat_spine.vtp'.
[2021-11-04 18:54:17.286] [warning] Couldn't find file 'hat_jaw.vtp'.
[2021-11-04 18:54:17.286] [warning] Couldn't find file 'hat_skull.vtp'.
[2021-11-04 18:54:17.286] [warning] Couldn't find file 'hat_ribs.vtp'.
[2021-11-04 18:57:07.945] [info] Loaded model 2D_gait from file 2D_gait_contact_constrained_activation.osim
[2021-11-04 18:57:07.947] [warning] Couldn't find file 'r_pelvis.vtp'.
[2021-11-04 18:57:07.947] [warning] Couldn't find file 'l_pelvis.vtp'.
[2021-11-04 18:57:07.947] [warning] Couldn't find file 'sacrum.vtp'.
[2021-11-04 18:57:07.948] [warning] Couldn't find file 'femur_l.vtp'.
[2021-11-04 18:57:07.948] [warning] Couldn't find file 'femur_r.vtp'.
[2021-11-04 18:57:07.948] [warning] Couldn't find file 'tibia_l.vtp'.
[2021-11-04 18:57:07.948] [warning] Couldn't find file 'l_fibula.vtp'.
[2021-11-04 18:57:07.948] [warning] Couldn't find file 'tibia_r.vtp'.
[2021-11-04 18:57:07.948] [warning] Couldn't find file 'r_fibula.vtp'.
[2021-11-04 18:57:07.949] [warning] Couldn't find file 'l_talus.vtp'.
[2021-11-04 18:57:07.949] [warning] Couldn't find file 'r_talus.vtp'.
[2021-11-04 18:57:07.949] [warning] Couldn't find file 'l_foot.vtp'.
[2021-11-04 18:57:07.949] [warning] Couldn't find file 'r_foot.vtp'.
[2021-11-04 18:57:07.949] [warning] Couldn't find file 'l_bofoot.vtp'.
[2021-11-04 18:57:07.949] [warning] Couldn't find file 'r_bofoot.vtp'.
[2021-11-04 18:57:07.950] [warning] Couldn't find file 'hat_spine.vtp'.
[2021-11-04 18:57:07.950] [warning] Couldn't find file 'hat_jaw.vtp'.
[2021-11-04 18:57:07.950] [warning] Couldn't find file 'hat_skull.vtp'.
[2021-11-04 18:57:07.950] [warning] Couldn't find file 'hat_ribs.vtp'.
[2021-11-05 02:04:40.985] [info] Loaded model 2D_gait from file 2D_gait_contact_constrained_activation.osim
[2021-11-05 02:04:40.987] [warning] Couldn't find file 'r_pelvis.vtp'.
[2021-11-05 02:04:40.987] [warning] Couldn't find file 'l_pelvis.vtp'.
[2021-11-05 02:04:40.987] [warning] Couldn't find file 'sacrum.vtp'.
[2021-11-05 02:04:40.987] [warning] Couldn't find file 'femur_l.vtp'.
[2021-11-05 02:04:40.987] [warning] Couldn't find file 'femur_r.vtp'.
[2021-11-05 02:04:40.988] [warning] Couldn't find file 'tibia_l.vtp'.
[2021-11-05 02:04:40.988] [warning] Couldn't find file 'l_fibula.vtp'.
[2021-11-05 02:04:40.988] [warning] Couldn't find file 'tibia_r.vtp'.
[2021-11-05 02:04:40.988] [warning] Couldn't find file 'r_fibula.vtp'.
[2021-11-05 02:04:40.988] [warning] Couldn't find file 'l_talus.vtp'.
[2021-11-05 02:04:40.988] [warning] Couldn't find file 'r_talus.vtp'.
[2021-11-05 02:04:40.989] [warning] Couldn't find file 'l_foot.vtp'.
[2021-11-05 02:04:40.989] [warning] Couldn't find file 'r_foot.vtp'.
[2021-11-05 02:04:40.989] [warning] Couldn't find file 'l_bofoot.vtp'.
[2021-11-05 02:04:40.989] [warning] Couldn't find file 'r_bofoot.vtp'.
[2021-11-05 02:04:40.989] [warning] Couldn't find file 'hat_spine.vtp'.
[2021-11-05 02:04:40.990] [warning] Couldn't find file 'hat_jaw.vtp'.
[2021-11-05 02:04:40.990] [warning] Couldn't find file 'hat_skull.vtp'.
[2021-11-05 02:04:40.990] [warning] Couldn't find file 'hat_ribs.vtp'.
[2021-11-05 02:07:02.344] [info] Loaded model 2D_gait from file 2D_gait_contact_constrained_activation.osim
[2021-11-05 02:07:02.346] [warning] Couldn't find file 'r_pelvis.vtp'.
[2021-11-05 02:07:02.347] [warning] Couldn't find file 'l_pelvis.vtp'.
[2021-11-05 02:07:02.347] [warning] Couldn't find file 'sacrum.vtp'.
[2021-11-05 02:07:02.347] [warning] Couldn't find file 'femur_l.vtp'.
[2021-11-05 02:07:02.347] [warning] Couldn't find file 'femur_r.vtp'.
[2021-11-05 02:07:02.347] [warning] Couldn't find file 'tibia_l.vtp'.
[2021-11-05 02:07:02.348] [warning] Couldn't find file 'l_fibula.vtp'.
[2021-11-05 02:07:02.348] [warning] Couldn't find file 'tibia_r.vtp'.
[2021-11-05 02:07:02.348] [warning] Couldn't find file 'r_fibula.vtp'.
[2021-11-05 02:07:02.348] [warning] Couldn't find file 'l_talus.vtp'.
[2021-11-05 02:07:02.348] [warning] Couldn't find file 'r_talus.vtp'.
[2021-11-05 02:07:02.349] [warning] Couldn't find file 'l_foot.vtp'.
[2021-11-05 02:07:02.349] [warning] Couldn't find file 'r_foot.vtp'.
[2021-11-05 02:07:02.349] [warning] Couldn't find file 'l_bofoot.vtp'.
[2021-11-05 02:07:02.349] [warning] Couldn't find file 'r_bofoot.vtp'.
[2021-11-05 02:07:02.350] [warning] Couldn't find file 'hat_spine.vtp'.
[2021-11-05 02:07:02.350] [warning] Couldn't find file 'hat_jaw.vtp'.
[2021-11-05 02:07:02.350] [warning] Couldn't find file 'hat_skull.vtp'.
[2021-11-05 02:07:02.350] [warning] Couldn't find file 'hat_ribs.vtp'.
[2021-11-05 02:07:15.032] [info] Loaded model 2D_gait from file 2D_gait_contact_constrained_activation.osim
[2021-11-05 02:07:15.034] [warning] Couldn't find file 'r_pelvis.vtp'.
[2021-11-05 02:07:15.034] [warning] Couldn't find file 'l_pelvis.vtp'.
[2021-11-05 02:07:15.034] [warning] Couldn't find file 'sacrum.vtp'.
[2021-11-05 02:07:15.034] [warning] Couldn't find file 'femur_l.vtp'.
[2021-11-05 02:07:15.034] [warning] Couldn't find file 'femur_r.vtp'.
[2021-11-05 02:07:15.035] [warning] Couldn't find file 'tibia_l.vtp'.
[2021-11-05 02:07:15.035] [warning] Couldn't find file 'l_fibula.vtp'.
[2021-11-05 02:07:15.035] [warning] Couldn't find file 'tibia_r.vtp'.
[2021-11-05 02:07:15.035] [warning] Couldn't find file 'r_fibula.vtp'.
[2021-11-05 02:07:15.035] [warning] Couldn't find file 'l_talus.vtp'.
[2021-11-05 02:07:15.035] [warning] Couldn't find file 'r_talus.vtp'.
[2021-11-05 02:07:15.036] [warning] Couldn't find file 'l_foot.vtp'.
[2021-11-05 02:07:15.036] [warning] Couldn't find file 'r_foot.vtp'.
[2021-11-05 02:07:15.036] [warning] Couldn't find file 'l_bofoot.vtp'.
[2021-11-05 02:07:15.036] [warning] Couldn't find file 'r_bofoot.vtp'.
[2021-11-05 02:07:15.036] [warning] Couldn't find file 'hat_spine.vtp'.
[2021-11-05 02:07:15.037] [warning] Couldn't find file 'hat_jaw.vtp'.
[2021-11-05 02:07:15.037] [warning] Couldn't find file 'hat_skull.vtp'.
[2021-11-05 02:07:15.037] [warning] Couldn't find file 'hat_ribs.vtp'.
[2021-11-05 02:09:58.236] [info] Loaded model 2D_gait from file 2D_gait_contact_constrained_activation.osim
[2021-11-05 02:09:58.238] [warning] Couldn't find file 'r_pelvis.vtp'.
[2021-11-05 02:09:58.238] [warning] Couldn't find file 'l_pelvis.vtp'.
[2021-11-05 02:09:58.238] [warning] Couldn't find file 'sacrum.vtp'.
[2021-11-05 02:09:58.238] [warning] Couldn't find file 'femur_l.vtp'.
[2021-11-05 02:09:58.238] [warning] Couldn't find file 'femur_r.vtp'.
[2021-11-05 02:09:58.239] [warning] Couldn't find file 'tibia_l.vtp'.
[2021-11-05 02:09:58.239] [warning] Couldn't find file 'l_fibula.vtp'.
[2021-11-05 02:09:58.239] [warning] Couldn't find file 'tibia_r.vtp'.
[2021-11-05 02:09:58.239] [warning] Couldn't find file 'r_fibula.vtp'.
[2021-11-05 02:09:58.239] [warning] Couldn't find file 'l_talus.vtp'.
[2021-11-05 02:09:58.239] [warning] Couldn't find file 'r_talus.vtp'.
[2021-11-05 02:09:58.240] [warning] Couldn't find file 'l_foot.vtp'.
[2021-11-05 02:09:58.240] [warning] Couldn't find file 'r_foot.vtp'.
[2021-11-05 02:09:58.240] [warning] Couldn't find file 'l_bofoot.vtp'.
[2021-11-05 02:09:58.240] [warning] Couldn't find file 'r_bofoot.vtp'.
[2021-11-05 02:09:58.240] [warning] Couldn't find file 'hat_spine.vtp'.
[2021-11-05 02:09:58.240] [warning] Couldn't find file 'hat_jaw.vtp'.
[2021-11-05 02:09:58.241] [warning] Couldn't find file 'hat_skull.vtp'.
[2021-11-05 02:09:58.241] [warning] Couldn't find file 'hat_ribs.vtp'.
[2021-11-05 09:33:38.691] [info] Loaded model 2D_gait from file 2D_gait_contact_constrained_activation.osim
[2021-11-05 09:33:38.692] [warning] Couldn't find file 'r_pelvis.vtp'.
[2021-11-05 09:33:38.692] [warning] Couldn't find file 'l_pelvis.vtp'.
[2021-11-05 09:33:38.693] [warning] Couldn't find file 'sacrum.vtp'.
[2021-11-05 09:33:38.693] [warning] Couldn't find file 'femur_l.vtp'.
[2021-11-05 09:33:38.693] [warning] Couldn't find file 'femur_r.vtp'.
[2021-11-05 09:33:38.693] [warning] Couldn't find file 'tibia_l.vtp'.
[2021-11-05 09:33:38.693] [warning] Couldn't find file 'l_fibula.vtp'.
[2021-11-05 09:33:38.693] [warning] Couldn't find file 'tibia_r.vtp'.
[2021-11-05 09:33:38.694] [warning] Couldn't find file 'r_fibula.vtp'.
[2021-11-05 09:33:38.694] [warning] Couldn't find file 'l_talus.vtp'.
[2021-11-05 09:33:38.694] [warning] Couldn't find file 'r_talus.vtp'.
[2021-11-05 09:33:38.694] [warning] Couldn't find file 'l_foot.vtp'.
[2021-11-05 09:33:38.694] [warning] Couldn't find file 'r_foot.vtp'.
[2021-11-05 09:33:38.695] [warning] Couldn't find file 'l_bofoot.vtp'.
[2021-11-05 09:33:38.695] [warning] Couldn't find file 'r_bofoot.vtp'.
[2021-11-05 09:33:38.695] [warning] Couldn't find file 'hat_spine.vtp'.
[2021-11-05 09:33:38.695] [warning] Couldn't find file 'hat_jaw.vtp'.
[2021-11-05 09:33:38.695] [warning] Couldn't find file 'hat_skull.vtp'.
[2021-11-05 09:33:38.695] [warning] Couldn't find file 'hat_ribs.vtp'.
[2021-11-05 09:35:03.335] [info] Loaded model 2D_gait from file 2D_gait_contact_constrained_activation.osim
[2021-11-05 09:35:03.337] [warning] Couldn't find file 'r_pelvis.vtp'.
[2021-11-05 09:35:03.337] [warning] Couldn't find file 'l_pelvis.vtp'.
[2021-11-05 09:35:03.338] [warning] Couldn't find file 'sacrum.vtp'.
[2021-11-05 09:35:03.338] [warning] Couldn't find file 'femur_l.vtp'.
[2021-11-05 09:35:03.338] [warning] Couldn't find file 'femur_r.vtp'.
[2021-11-05 09:35:03.338] [warning] Couldn't find file 'tibia_l.vtp'.
[2021-11-05 09:35:03.338] [warning] Couldn't find file 'l_fibula.vtp'.
[2021-11-05 09:35:03.338] [warning] Couldn't find file 'tibia_r.vtp'.
[2021-11-05 09:35:03.339] [warning] Couldn't find file 'r_fibula.vtp'.
[2021-11-05 09:35:03.339] [warning] Couldn't find file 'l_talus.vtp'.
[2021-11-05 09:35:03.339] [warning] Couldn't find file 'r_talus.vtp'.
[2021-11-05 09:35:03.339] [warning] Couldn't find file 'l_foot.vtp'.
[2021-11-05 09:35:03.339] [warning] Couldn't find file 'r_foot.vtp'.
[2021-11-05 09:35:03.340] [warning] Couldn't find file 'l_bofoot.vtp'.
[2021-11-05 09:35:03.340] [warning] Couldn't find file 'r_bofoot.vtp'.
[2021-11-05 09:35:03.340] [warning] Couldn't find file 'hat_spine.vtp'.
[2021-11-05 09:35:03.340] [warning] Couldn't find file 'hat_jaw.vtp'.
[2021-11-05 09:35:03.340] [warning] Couldn't find file 'hat_skull.vtp'.
[2021-11-05 09:35:03.340] [warning] Couldn't find file 'hat_ribs.vtp'.
[2021-11-05 09:35:15.156] [info] Loaded model 2D_gait from file 2D_gait_contact_constrained_activation.osim
[2021-11-05 09:35:15.157] [warning] Couldn't find file 'r_pelvis.vtp'.
[2021-11-05 09:35:15.157] [warning] Couldn't find file 'l_pelvis.vtp'.
[2021-11-05 09:35:15.158] [warning] Couldn't find file 'sacrum.vtp'.
[2021-11-05 09:35:15.158] [warning] Couldn't find file 'femur_l.vtp'.
[2021-11-05 09:35:15.158] [warning] Couldn't find file 'femur_r.vtp'.
[2021-11-05 09:35:15.158] [warning] Couldn't find file 'tibia_l.vtp'.
[2021-11-05 09:35:15.158] [warning] Couldn't find file 'l_fibula.vtp'.
[2021-11-05 09:35:15.159] [warning] Couldn't find file 'tibia_r.vtp'.
[2021-11-05 09:35:15.159] [warning] Couldn't find file 'r_fibula.vtp'.
[2021-11-05 09:35:15.159] [warning] Couldn't find file 'l_talus.vtp'.
[2021-11-05 09:35:15.159] [warning] Couldn't find file 'r_talus.vtp'.
[2021-11-05 09:35:15.159] [warning] Couldn't find file 'l_foot.vtp'.
[2021-11-05 09:35:15.159] [warning] Couldn't find file 'r_foot.vtp'.
[2021-11-05 09:35:15.160] [warning] Couldn't find file 'l_bofoot.vtp'.
[2021-11-05 09:35:15.160] [warning] Couldn't find file 'r_bofoot.vtp'.
[2021-11-05 09:35:15.160] [warning] Couldn't find file 'hat_spine.vtp'.
[2021-11-05 09:35:15.160] [warning] Couldn't find file 'hat_jaw.vtp'.
[2021-11-05 09:35:15.160] [warning] Couldn't find file 'hat_skull.vtp'.
[2021-11-05 09:35:15.160] [warning] Couldn't find file 'hat_ribs.vtp'.
[2021-11-05 09:36:36.694] [info] Loaded model 2D_gait from file 2D_gait_contact_constrained_activation.osim
[2021-11-05 09:36:36.696] [warning] Couldn't find file 'r_pelvis.vtp'.
[2021-11-05 09:36:36.696] [warning] Couldn't find file 'l_pelvis.vtp'.
[2021-11-05 09:36:36.696] [warning] Couldn't find file 'sacrum.vtp'.
[2021-11-05 09:36:36.696] [warning] Couldn't find file 'femur_l.vtp'.
[2021-11-05 09:36:36.697] [warning] Couldn't find file 'femur_r.vtp'.
[2021-11-05 09:36:36.697] [warning] Couldn't find file 'tibia_l.vtp'.
[2021-11-05 09:36:36.697] [warning] Couldn't find file 'l_fibula.vtp'.
[2021-11-05 09:36:36.697] [warning] Couldn't find file 'tibia_r.vtp'.
[2021-11-05 09:36:36.697] [warning] Couldn't find file 'r_fibula.vtp'.
[2021-11-05 09:36:36.697] [warning] Couldn't find file 'l_talus.vtp'.
[2021-11-05 09:36:36.698] [warning] Couldn't find file 'r_talus.vtp'.
[2021-11-05 09:36:36.698] [warning] Couldn't find file 'l_foot.vtp'.
[2021-11-05 09:36:36.698] [warning] Couldn't find file 'r_foot.vtp'.
[2021-11-05 09:36:36.698] [warning] Couldn't find file 'l_bofoot.vtp'.
[2021-11-05 09:36:36.698] [warning] Couldn't find file 'r_bofoot.vtp'.
[2021-11-05 09:36:36.699] [warning] Couldn't find file 'hat_spine.vtp'.
[2021-11-05 09:36:36.699] [warning] Couldn't find file 'hat_jaw.vtp'.
[2021-11-05 09:36:36.699] [warning] Couldn't find file 'hat_skull.vtp'.
[2021-11-05 09:36:36.699] [warning] Couldn't find file 'hat_ribs.vtp'.
[2021-11-05 09:39:10.157] [info] Loaded model 2D_gait from file 2D_gait_contact_constrained_activation.osim
[2021-11-05 09:39:10.159] [warning] Couldn't find file 'r_pelvis.vtp'.
[2021-11-05 09:39:10.159] [warning] Couldn't find file 'l_pelvis.vtp'.
[2021-11-05 09:39:10.159] [warning] Couldn't find file 'sacrum.vtp'.
[2021-11-05 09:39:10.159] [warning] Couldn't find file 'femur_l.vtp'.
[2021-11-05 09:39:10.160] [warning] Couldn't find file 'femur_r.vtp'.
[2021-11-05 09:39:10.160] [warning] Couldn't find file 'tibia_l.vtp'.
[2021-11-05 09:39:10.160] [warning] Couldn't find file 'l_fibula.vtp'.
[2021-11-05 09:39:10.160] [warning] Couldn't find file 'tibia_r.vtp'.
[2021-11-05 09:39:10.160] [warning] Couldn't find file 'r_fibula.vtp'.
[2021-11-05 09:39:10.161] [warning] Couldn't find file 'l_talus.vtp'.
[2021-11-05 09:39:10.161] [warning] Couldn't find file 'r_talus.vtp'.
[2021-11-05 09:39:10.161] [warning] Couldn't find file 'l_foot.vtp'.
[2021-11-05 09:39:10.161] [warning] Couldn't find file 'r_foot.vtp'.
[2021-11-05 09:39:10.161] [warning] Couldn't find file 'l_bofoot.vtp'.
[2021-11-05 09:39:10.161] [warning] Couldn't find file 'r_bofoot.vtp'.
[2021-11-05 09:39:10.162] [warning] Couldn't find file 'hat_spine.vtp'.
[2021-11-05 09:39:10.162] [warning] Couldn't find file 'hat_jaw.vtp'.
[2021-11-05 09:39:10.162] [warning] Couldn't find file 'hat_skull.vtp'.
[2021-11-05 09:39:10.162] [warning] Couldn't find file 'hat_ribs.vtp'.
[2021-11-05 09:40:31.886] [info] Loaded model 2D_gait from file 2D_gait_contact_constrained_activation.osim
[2021-11-05 09:40:31.888] [warning] Couldn't find file 'r_pelvis.vtp'.
[2021-11-05 09:40:31.888] [warning] Couldn't find file 'l_pelvis.vtp'.
[2021-11-05 09:40:31.888] [warning] Couldn't find file 'sacrum.vtp'.
[2021-11-05 09:40:31.888] [warning] Couldn't find file 'femur_l.vtp'.
[2021-11-05 09:40:31.888] [warning] Couldn't find file 'femur_r.vtp'.
[2021-11-05 09:40:31.889] [warning] Couldn't find file 'tibia_l.vtp'.
[2021-11-05 09:40:31.889] [warning] Couldn't find file 'l_fibula.vtp'.
[2021-11-05 09:40:31.889] [warning] Couldn't find file 'tibia_r.vtp'.
[2021-11-05 09:40:31.889] [warning] Couldn't find file 'r_fibula.vtp'.
[2021-11-05 09:40:31.889] [warning] Couldn't find file 'l_talus.vtp'.
[2021-11-05 09:40:31.890] [warning] Couldn't find file 'r_talus.vtp'.
[2021-11-05 09:40:31.890] [warning] Couldn't find file 'l_foot.vtp'.
[2021-11-05 09:40:31.890] [warning] Couldn't find file 'r_foot.vtp'.
[2021-11-05 09:40:31.890] [warning] Couldn't find file 'l_bofoot.vtp'.
[2021-11-05 09:40:31.890] [warning] Couldn't find file 'r_bofoot.vtp'.
[2021-11-05 09:40:31.890] [warning] Couldn't find file 'hat_spine.vtp'.
[2021-11-05 09:40:31.891] [warning] Couldn't find file 'hat_jaw.vtp'.
[2021-11-05 09:40:31.891] [warning] Couldn't find file 'hat_skull.vtp'.
[2021-11-05 09:40:31.891] [warning] Couldn't find file 'hat_ribs.vtp'.
[2021-11-05 09:40:43.765] [info] Loaded model 2D_gait from file 2D_gait_contact_constrained_activation.osim
[2021-11-05 09:40:43.767] [warning] Couldn't find file 'r_pelvis.vtp'.
[2021-11-05 09:40:43.767] [warning] Couldn't find file 'l_pelvis.vtp'.
[2021-11-05 09:40:43.767] [warning] Couldn't find file 'sacrum.vtp'.
[2021-11-05 09:40:43.767] [warning] Couldn't find file 'femur_l.vtp'.
[2021-11-05 09:40:43.768] [warning] Couldn't find file 'femur_r.vtp'.
[2021-11-05 09:40:43.768] [warning] Couldn't find file 'tibia_l.vtp'.
[2021-11-05 09:40:43.768] [warning] Couldn't find file 'l_fibula.vtp'.
[2021-11-05 09:40:43.768] [warning] Couldn't find file 'tibia_r.vtp'.
[2021-11-05 09:40:43.768] [warning] Couldn't find file 'r_fibula.vtp'.
[2021-11-05 09:40:43.768] [warning] Couldn't find file 'l_talus.vtp'.
[2021-11-05 09:40:43.769] [warning] Couldn't find file 'r_talus.vtp'.
[2021-11-05 09:40:43.769] [warning] Couldn't find file 'l_foot.vtp'.
[2021-11-05 09:40:43.769] [warning] Couldn't find file 'r_foot.vtp'.
[2021-11-05 09:40:43.769] [warning] Couldn't find file 'l_bofoot.vtp'.
[2021-11-05 09:40:43.769] [warning] Couldn't find file 'r_bofoot.vtp'.
[2021-11-05 09:40:43.769] [warning] Couldn't find file 'hat_spine.vtp'.
[2021-11-05 09:40:43.770] [warning] Couldn't find file 'hat_jaw.vtp'.
[2021-11-05 09:40:43.770] [warning] Couldn't find file 'hat_skull.vtp'.
[2021-11-05 09:40:43.770] [warning] Couldn't find file 'hat_ribs.vtp'.
[2021-11-05 09:42:07.576] [info] Loaded model 2D_gait from file 2D_gait_contact_constrained_activation.osim
[2021-11-05 09:42:07.577] [warning] Couldn't find file 'r_pelvis.vtp'.
[2021-11-05 09:42:07.578] [warning] Couldn't find file 'l_pelvis.vtp'.
[2021-11-05 09:42:07.578] [warning] Couldn't find file 'sacrum.vtp'.
[2021-11-05 09:42:07.578] [warning] Couldn't find file 'femur_l.vtp'.
[2021-11-05 09:42:07.578] [warning] Couldn't find file 'femur_r.vtp'.
[2021-11-05 09:42:07.578] [warning] Couldn't find file 'tibia_l.vtp'.
[2021-11-05 09:42:07.579] [warning] Couldn't find file 'l_fibula.vtp'.
[2021-11-05 09:42:07.579] [warning] Couldn't find file 'tibia_r.vtp'.
[2021-11-05 09:42:07.579] [warning] Couldn't find file 'r_fibula.vtp'.
[2021-11-05 09:42:07.579] [warning] Couldn't find file 'l_talus.vtp'.
[2021-11-05 09:42:07.579] [warning] Couldn't find file 'r_talus.vtp'.
[2021-11-05 09:42:07.579] [warning] Couldn't find file 'l_foot.vtp'.
[2021-11-05 09:42:07.580] [warning] Couldn't find file 'r_foot.vtp'.
[2021-11-05 09:42:07.580] [warning] Couldn't find file 'l_bofoot.vtp'.
[2021-11-05 09:42:07.580] [warning] Couldn't find file 'r_bofoot.vtp'.
[2021-11-05 09:42:07.580] [warning] Couldn't find file 'hat_spine.vtp'.
[2021-11-05 09:42:07.580] [warning] Couldn't find file 'hat_jaw.vtp'.
[2021-11-05 09:42:07.580] [warning] Couldn't find file 'hat_skull.vtp'.
[2021-11-05 09:42:07.581] [warning] Couldn't find file 'hat_ribs.vtp'.
[2021-11-05 09:42:21.269] [info] Loaded model 2D_gait from file 2D_gait_contact_constrained_activation.osim
[2021-11-05 09:42:21.271] [warning] Couldn't find file 'r_pelvis.vtp'.
[2021-11-05 09:42:21.271] [warning] Couldn't find file 'l_pelvis.vtp'.
[2021-11-05 09:42:21.271] [warning] Couldn't find file 'sacrum.vtp'.
[2021-11-05 09:42:21.271] [warning] Couldn't find file 'femur_l.vtp'.
[2021-11-05 09:42:21.271] [warning] Couldn't find file 'femur_r.vtp'.
[2021-11-05 09:42:21.272] [warning] Couldn't find file 'tibia_l.vtp'.
[2021-11-05 09:42:21.272] [warning] Couldn't find file 'l_fibula.vtp'.
[2021-11-05 09:42:21.272] [warning] Couldn't find file 'tibia_r.vtp'.
[2021-11-05 09:42:21.272] [warning] Couldn't find file 'r_fibula.vtp'.
[2021-11-05 09:42:21.272] [warning] Couldn't find file 'l_talus.vtp'.
[2021-11-05 09:42:21.272] [warning] Couldn't find file 'r_talus.vtp'.
[2021-11-05 09:42:21.273] [warning] Couldn't find file 'l_foot.vtp'.
[2021-11-05 09:42:21.273] [warning] Couldn't find file 'r_foot.vtp'.
[2021-11-05 09:42:21.273] [warning] Couldn't find file 'l_bofoot.vtp'.
[2021-11-05 09:42:21.273] [warning] Couldn't find file 'r_bofoot.vtp'.
[2021-11-05 09:42:21.273] [warning] Couldn't find file 'hat_spine.vtp'.
[2021-11-05 09:42:21.273] [warning] Couldn't find file 'hat_jaw.vtp'.
[2021-11-05 09:42:21.274] [warning] Couldn't find file 'hat_skull.vtp'.
[2021-11-05 09:42:21.274] [warning] Couldn't find file 'hat_ribs.vtp'.
[2021-11-05 09:47:23.145] [info] Loaded model 2D_gait from file 2D_gait_contact_constrained_activation.osim
[2021-11-05 09:47:23.147] [warning] Couldn't find file 'r_pelvis.vtp'.
[2021-11-05 09:47:23.147] [warning] Couldn't find file 'l_pelvis.vtp'.
[2021-11-05 09:47:23.147] [warning] Couldn't find file 'sacrum.vtp'.
[2021-11-05 09:47:23.147] [warning] Couldn't find file 'femur_l.vtp'.
[2021-11-05 09:47:23.148] [warning] Couldn't find file 'femur_r.vtp'.
[2021-11-05 09:47:23.148] [warning] Couldn't find file 'tibia_l.vtp'.
[2021-11-05 09:47:23.148] [warning] Couldn't find file 'l_fibula.vtp'.
[2021-11-05 09:47:23.148] [warning] Couldn't find file 'tibia_r.vtp'.
[2021-11-05 09:47:23.148] [warning] Couldn't find file 'r_fibula.vtp'.
[2021-11-05 09:47:23.148] [warning] Couldn't find file 'l_talus.vtp'.
[2021-11-05 09:47:23.149] [warning] Couldn't find file 'r_talus.vtp'.
[2021-11-05 09:47:23.149] [warning] Couldn't find file 'l_foot.vtp'.
[2021-11-05 09:47:23.149] [warning] Couldn't find file 'r_foot.vtp'.
[2021-11-05 09:47:23.149] [warning] Couldn't find file 'l_bofoot.vtp'.
[2021-11-05 09:47:23.149] [warning] Couldn't find file 'r_bofoot.vtp'.
[2021-11-05 09:47:23.149] [warning] Couldn't find file 'hat_spine.vtp'.
[2021-11-05 09:47:23.150] [warning] Couldn't find file 'hat_jaw.vtp'.
[2021-11-05 09:47:23.150] [warning] Couldn't find file 'hat_skull.vtp'.
[2021-11-05 09:47:23.150] [warning] Couldn't find file 'hat_ribs.vtp'.
[2021-11-05 09:48:37.380] [info] Loaded model 2D_gait from file 2D_gait_contact_constrained_activation.osim
[2021-11-05 09:48:37.382] [warning] Couldn't find file 'r_pelvis.vtp'.
[2021-11-05 09:48:37.382] [warning] Couldn't find file 'l_pelvis.vtp'.
[2021-11-05 09:48:37.382] [warning] Couldn't find file 'sacrum.vtp'.
[2021-11-05 09:48:37.382] [warning] Couldn't find file 'femur_l.vtp'.
[2021-11-05 09:48:37.382] [warning] Couldn't find file 'femur_r.vtp'.
[2021-11-05 09:48:37.383] [warning] Couldn't find file 'tibia_l.vtp'.
[2021-11-05 09:48:37.383] [warning] Couldn't find file 'l_fibula.vtp'.
[2021-11-05 09:48:37.383] [warning] Couldn't find file 'tibia_r.vtp'.
[2021-11-05 09:48:37.383] [warning] Couldn't find file 'r_fibula.vtp'.
[2021-11-05 09:48:37.383] [warning] Couldn't find file 'l_talus.vtp'.
[2021-11-05 09:48:37.383] [warning] Couldn't find file 'r_talus.vtp'.
[2021-11-05 09:48:37.384] [warning] Couldn't find file 'l_foot.vtp'.
[2021-11-05 09:48:37.384] [warning] Couldn't find file 'r_foot.vtp'.
[2021-11-05 09:48:37.384] [warning] Couldn't find file 'l_bofoot.vtp'.
[2021-11-05 09:48:37.384] [warning] Couldn't find file 'r_bofoot.vtp'.
[2021-11-05 09:48:37.384] [warning] Couldn't find file 'hat_spine.vtp'.
[2021-11-05 09:48:37.384] [warning] Couldn't find file 'hat_jaw.vtp'.
[2021-11-05 09:48:37.385] [warning] Couldn't find file 'hat_skull.vtp'.
[2021-11-05 09:48:37.385] [warning] Couldn't find file 'hat_ribs.vtp'.
[2021-11-05 09:50:06.447] [info] Loaded model 2D_gait from file 2D_gait_contact_constrained_activation.osim
[2021-11-05 09:50:06.449] [warning] Couldn't find file 'r_pelvis.vtp'.
[2021-11-05 09:50:06.449] [warning] Couldn't find file 'l_pelvis.vtp'.
[2021-11-05 09:50:06.449] [warning] Couldn't find file 'sacrum.vtp'.
[2021-11-05 09:50:06.449] [warning] Couldn't find file 'femur_l.vtp'.
[2021-11-05 09:50:06.449] [warning] Couldn't find file 'femur_r.vtp'.
[2021-11-05 09:50:06.450] [warning] Couldn't find file 'tibia_l.vtp'.
[2021-11-05 09:50:06.450] [warning] Couldn't find file 'l_fibula.vtp'.
[2021-11-05 09:50:06.450] [warning] Couldn't find file 'tibia_r.vtp'.
[2021-11-05 09:50:06.450] [warning] Couldn't find file 'r_fibula.vtp'.
[2021-11-05 09:50:06.450] [warning] Couldn't find file 'l_talus.vtp'.
[2021-11-05 09:50:06.450] [warning] Couldn't find file 'r_talus.vtp'.
[2021-11-05 09:50:06.451] [warning] Couldn't find file 'l_foot.vtp'.
[2021-11-05 09:50:06.451] [warning] Couldn't find file 'r_foot.vtp'.
[2021-11-05 09:50:06.451] [warning] Couldn't find file 'l_bofoot.vtp'.
[2021-11-05 09:50:06.451] [warning] Couldn't find file 'r_bofoot.vtp'.
[2021-11-05 09:50:06.451] [warning] Couldn't find file 'hat_spine.vtp'.
[2021-11-05 09:50:06.451] [warning] Couldn't find file 'hat_jaw.vtp'.
[2021-11-05 09:50:06.452] [warning] Couldn't find file 'hat_skull.vtp'.
[2021-11-05 09:50:06.452] [warning] Couldn't find file 'hat_ribs.vtp'.
[2021-11-05 09:50:20.391] [info] Loaded model 2D_gait from file 2D_gait_contact_constrained_activation.osim
[2021-11-05 09:50:20.393] [warning] Couldn't find file 'r_pelvis.vtp'.
[2021-11-05 09:50:20.393] [warning] Couldn't find file 'l_pelvis.vtp'.
[2021-11-05 09:50:20.393] [warning] Couldn't find file 'sacrum.vtp'.
[2021-11-05 09:50:20.393] [warning] Couldn't find file 'femur_l.vtp'.
[2021-11-05 09:50:20.394] [warning] Couldn't find file 'femur_r.vtp'.
[2021-11-05 09:50:20.394] [warning] Couldn't find file 'tibia_l.vtp'.
[2021-11-05 09:50:20.394] [warning] Couldn't find file 'l_fibula.vtp'.
[2021-11-05 09:50:20.394] [warning] Couldn't find file 'tibia_r.vtp'.
[2021-11-05 09:50:20.394] [warning] Couldn't find file 'r_fibula.vtp'.
[2021-11-05 09:50:20.395] [warning] Couldn't find file 'l_talus.vtp'.
[2021-11-05 09:50:20.395] [warning] Couldn't find file 'r_talus.vtp'.
[2021-11-05 09:50:20.395] [warning] Couldn't find file 'l_foot.vtp'.
[2021-11-05 09:50:20.395] [warning] Couldn't find file 'r_foot.vtp'.
[2021-11-05 09:50:20.395] [warning] Couldn't find file 'l_bofoot.vtp'.
[2021-11-05 09:50:20.395] [warning] Couldn't find file 'r_bofoot.vtp'.
[2021-11-05 09:50:20.396] [warning] Couldn't find file 'hat_spine.vtp'.
[2021-11-05 09:50:20.396] [warning] Couldn't find file 'hat_jaw.vtp'.
[2021-11-05 09:50:20.396] [warning] Couldn't find file 'hat_skull.vtp'.
[2021-11-05 09:50:20.396] [warning] Couldn't find file 'hat_ribs.vtp'.
[2021-11-05 09:51:48.220] [info] Loaded model 2D_gait from file 2D_gait_contact_constrained_activation.osim
[2021-11-05 09:51:48.222] [warning] Couldn't find file 'r_pelvis.vtp'.
[2021-11-05 09:51:48.222] [warning] Couldn't find file 'l_pelvis.vtp'.
[2021-11-05 09:51:48.222] [warning] Couldn't find file 'sacrum.vtp'.
[2021-11-05 09:51:48.222] [warning] Couldn't find file 'femur_l.vtp'.
[2021-11-05 09:51:48.222] [warning] Couldn't find file 'femur_r.vtp'.
[2021-11-05 09:51:48.223] [warning] Couldn't find file 'tibia_l.vtp'.
[2021-11-05 09:51:48.223] [warning] Couldn't find file 'l_fibula.vtp'.
[2021-11-05 09:51:48.223] [warning] Couldn't find file 'tibia_r.vtp'.
[2021-11-05 09:51:48.223] [warning] Couldn't find file 'r_fibula.vtp'.
[2021-11-05 09:51:48.223] [warning] Couldn't find file 'l_talus.vtp'.
[2021-11-05 09:51:48.223] [warning] Couldn't find file 'r_talus.vtp'.
[2021-11-05 09:51:48.224] [warning] Couldn't find file 'l_foot.vtp'.
[2021-11-05 09:51:48.224] [warning] Couldn't find file 'r_foot.vtp'.
[2021-11-05 09:51:48.224] [warning] Couldn't find file 'l_bofoot.vtp'.
[2021-11-05 09:51:48.224] [warning] Couldn't find file 'r_bofoot.vtp'.
[2021-11-05 09:51:48.224] [warning] Couldn't find file 'hat_spine.vtp'.
[2021-11-05 09:51:48.225] [warning] Couldn't find file 'hat_jaw.vtp'.
[2021-11-05 09:51:48.225] [warning] Couldn't find file 'hat_skull.vtp'.
[2021-11-05 09:51:48.225] [warning] Couldn't find file 'hat_ribs.vtp'.
[2021-11-05 09:52:00.291] [info] Loaded model 2D_gait from file 2D_gait_contact_constrained_activation.osim
[2021-11-05 09:52:00.293] [warning] Couldn't find file 'r_pelvis.vtp'.
[2021-11-05 09:52:00.293] [warning] Couldn't find file 'l_pelvis.vtp'.
[2021-11-05 09:52:00.293] [warning] Couldn't find file 'sacrum.vtp'.
[2021-11-05 09:52:00.293] [warning] Couldn't find file 'femur_l.vtp'.
[2021-11-05 09:52:00.293] [warning] Couldn't find file 'femur_r.vtp'.
[2021-11-05 09:52:00.294] [warning] Couldn't find file 'tibia_l.vtp'.
[2021-11-05 09:52:00.294] [warning] Couldn't find file 'l_fibula.vtp'.
[2021-11-05 09:52:00.294] [warning] Couldn't find file 'tibia_r.vtp'.
[2021-11-05 09:52:00.294] [warning] Couldn't find file 'r_fibula.vtp'.
[2021-11-05 09:52:00.294] [warning] Couldn't find file 'l_talus.vtp'.
[2021-11-05 09:52:00.294] [warning] Couldn't find file 'r_talus.vtp'.
[2021-11-05 09:52:00.295] [warning] Couldn't find file 'l_foot.vtp'.
[2021-11-05 09:52:00.295] [warning] Couldn't find file 'r_foot.vtp'.
[2021-11-05 09:52:00.295] [warning] Couldn't find file 'l_bofoot.vtp'.
[2021-11-05 09:52:00.295] [warning] Couldn't find file 'r_bofoot.vtp'.
[2021-11-05 09:52:00.295] [warning] Couldn't find file 'hat_spine.vtp'.
[2021-11-05 09:52:00.295] [warning] Couldn't find file 'hat_jaw.vtp'.
[2021-11-05 09:52:00.296] [warning] Couldn't find file 'hat_skull.vtp'.
[2021-11-05 09:52:00.296] [warning] Couldn't find file 'hat_ribs.vtp'.
[2021-11-05 09:53:56.211] [info] Loaded model 2D_gait from file 2D_gait_contact_constrained_activation.osim
[2021-11-05 09:53:56.213] [warning] Couldn't find file 'r_pelvis.vtp'.
[2021-11-05 09:53:56.213] [warning] Couldn't find file 'l_pelvis.vtp'.
[2021-11-05 09:53:56.213] [warning] Couldn't find file 'sacrum.vtp'.
[2021-11-05 09:53:56.213] [warning] Couldn't find file 'femur_l.vtp'.
[2021-11-05 09:53:56.213] [warning] Couldn't find file 'femur_r.vtp'.
[2021-11-05 09:53:56.214] [warning] Couldn't find file 'tibia_l.vtp'.
[2021-11-05 09:53:56.214] [warning] Couldn't find file 'l_fibula.vtp'.
[2021-11-05 09:53:56.214] [warning] Couldn't find file 'tibia_r.vtp'.
[2021-11-05 09:53:56.214] [warning] Couldn't find file 'r_fibula.vtp'.
[2021-11-05 09:53:56.214] [warning] Couldn't find file 'l_talus.vtp'.
[2021-11-05 09:53:56.214] [warning] Couldn't find file 'r_talus.vtp'.
[2021-11-05 09:53:56.215] [warning] Couldn't find file 'l_foot.vtp'.
[2021-11-05 09:53:56.215] [warning] Couldn't find file 'r_foot.vtp'.
[2021-11-05 09:53:56.215] [warning] Couldn't find file 'l_bofoot.vtp'.
[2021-11-05 09:53:56.215] [warning] Couldn't find file 'r_bofoot.vtp'.
[2021-11-05 09:53:56.215] [warning] Couldn't find file 'hat_spine.vtp'.
[2021-11-05 09:53:56.215] [warning] Couldn't find file 'hat_jaw.vtp'.
[2021-11-05 09:53:56.216] [warning] Couldn't find file 'hat_skull.vtp'.
[2021-11-05 09:53:56.216] [warning] Couldn't find file 'hat_ribs.vtp'.
[2021-11-05 09:55:20.992] [info] Loaded model 2D_gait from file 2D_gait_contact_constrained_activation.osim
[2021-11-05 09:55:20.994] [warning] Couldn't find file 'r_pelvis.vtp'.
[2021-11-05 09:55:20.994] [warning] Couldn't find file 'l_pelvis.vtp'.
[2021-11-05 09:55:20.994] [warning] Couldn't find file 'sacrum.vtp'.
[2021-11-05 09:55:20.995] [warning] Couldn't find file 'femur_l.vtp'.
[2021-11-05 09:55:20.995] [warning] Couldn't find file 'femur_r.vtp'.
[2021-11-05 09:55:20.995] [warning] Couldn't find file 'tibia_l.vtp'.
[2021-11-05 09:55:20.995] [warning] Couldn't find file 'l_fibula.vtp'.
[2021-11-05 09:55:20.995] [warning] Couldn't find file 'tibia_r.vtp'.
[2021-11-05 09:55:20.995] [warning] Couldn't find file 'r_fibula.vtp'.
[2021-11-05 09:55:20.996] [warning] Couldn't find file 'l_talus.vtp'.
[2021-11-05 09:55:20.996] [warning] Couldn't find file 'r_talus.vtp'.
[2021-11-05 09:55:20.996] [warning] Couldn't find file 'l_foot.vtp'.
[2021-11-05 09:55:20.996] [warning] Couldn't find file 'r_foot.vtp'.
[2021-11-05 09:55:20.996] [warning] Couldn't find file 'l_bofoot.vtp'.
[2021-11-05 09:55:20.997] [warning] Couldn't find file 'r_bofoot.vtp'.
[2021-11-05 09:55:20.997] [warning] Couldn't find file 'hat_spine.vtp'.
[2021-11-05 09:55:20.997] [warning] Couldn't find file 'hat_jaw.vtp'.
[2021-11-05 09:55:20.997] [warning] Couldn't find file 'hat_skull.vtp'.
[2021-11-05 09:55:20.997] [warning] Couldn't find file 'hat_ribs.vtp'.
[2021-11-05 09:56:47.026] [info] Loaded model 2D_gait from file 2D_gait_contact_constrained_activation.osim
[2021-11-05 09:56:47.028] [warning] Couldn't find file 'r_pelvis.vtp'.
[2021-11-05 09:56:47.028] [warning] Couldn't find file 'l_pelvis.vtp'.
[2021-11-05 09:56:47.028] [warning] Couldn't find file 'sacrum.vtp'.
[2021-11-05 09:56:47.028] [warning] Couldn't find file 'femur_l.vtp'.
[2021-11-05 09:56:47.029] [warning] Couldn't find file 'femur_r.vtp'.
[2021-11-05 09:56:47.029] [warning] Couldn't find file 'tibia_l.vtp'.
[2021-11-05 09:56:47.029] [warning] Couldn't find file 'l_fibula.vtp'.
[2021-11-05 09:56:47.029] [warning] Couldn't find file 'tibia_r.vtp'.
[2021-11-05 09:56:47.029] [warning] Couldn't find file 'r_fibula.vtp'.
[2021-11-05 09:56:47.029] [warning] Couldn't find file 'l_talus.vtp'.
[2021-11-05 09:56:47.030] [warning] Couldn't find file 'r_talus.vtp'.
[2021-11-05 09:56:47.030] [warning] Couldn't find file 'l_foot.vtp'.
[2021-11-05 09:56:47.030] [warning] Couldn't find file 'r_foot.vtp'.
[2021-11-05 09:56:47.030] [warning] Couldn't find file 'l_bofoot.vtp'.
[2021-11-05 09:56:47.030] [warning] Couldn't find file 'r_bofoot.vtp'.
[2021-11-05 09:56:47.031] [warning] Couldn't find file 'hat_spine.vtp'.
[2021-11-05 09:56:47.031] [warning] Couldn't find file 'hat_jaw.vtp'.
[2021-11-05 09:56:47.031] [warning] Couldn't find file 'hat_skull.vtp'.
[2021-11-05 09:56:47.031] [warning] Couldn't find file 'hat_ribs.vtp'.
[2021-11-05 09:58:14.436] [info] Loaded model 2D_gait from file 2D_gait_contact_constrained_activation.osim
[2021-11-05 09:58:14.437] [warning] Couldn't find file 'r_pelvis.vtp'.
[2021-11-05 09:58:14.438] [warning] Couldn't find file 'l_pelvis.vtp'.
[2021-11-05 09:58:14.438] [warning] Couldn't find file 'sacrum.vtp'.
[2021-11-05 09:58:14.438] [warning] Couldn't find file 'femur_l.vtp'.
[2021-11-05 09:58:14.438] [warning] Couldn't find file 'femur_r.vtp'.
[2021-11-05 09:58:14.438] [warning] Couldn't find file 'tibia_l.vtp'.
[2021-11-05 09:58:14.438] [warning] Couldn't find file 'l_fibula.vtp'.
[2021-11-05 09:58:14.439] [warning] Couldn't find file 'tibia_r.vtp'.
[2021-11-05 09:58:14.439] [warning] Couldn't find file 'r_fibula.vtp'.
[2021-11-05 09:58:14.439] [warning] Couldn't find file 'l_talus.vtp'.
[2021-11-05 09:58:14.439] [warning] Couldn't find file 'r_talus.vtp'.
[2021-11-05 09:58:14.439] [warning] Couldn't find file 'l_foot.vtp'.
[2021-11-05 09:58:14.440] [warning] Couldn't find file 'r_foot.vtp'.
[2021-11-05 09:58:14.440] [warning] Couldn't find file 'l_bofoot.vtp'.
[2021-11-05 09:58:14.440] [warning] Couldn't find file 'r_bofoot.vtp'.
[2021-11-05 09:58:14.440] [warning] Couldn't find file 'hat_spine.vtp'.
[2021-11-05 09:58:14.440] [warning] Couldn't find file 'hat_jaw.vtp'.
[2021-11-05 09:58:14.440] [warning] Couldn't find file 'hat_skull.vtp'.
[2021-11-05 09:58:14.441] [warning] Couldn't find file 'hat_ribs.vtp'.
[2021-11-05 09:58:40.963] [info] DeGrooteFregly2016Muscle 'hamstrings_r' is exceeding maximum contraction velocity at time 0.0 s.
[2021-11-05 09:58:40.963] [info] DeGrooteFregly2016Muscle 'hamstrings_l' is exceeding maximum contraction velocity at time 0.0 s.
[2021-11-05 09:59:37.089] [info] Loaded model 2D_gait from file 2D_gait_contact_constrained_activation.osim
[2021-11-05 09:59:37.090] [warning] Couldn't find file 'r_pelvis.vtp'.
[2021-11-05 09:59:37.091] [warning] Couldn't find file 'l_pelvis.vtp'.
[2021-11-05 09:59:37.091] [warning] Couldn't find file 'sacrum.vtp'.
[2021-11-05 09:59:37.091] [warning] Couldn't find file 'femur_l.vtp'.
[2021-11-05 09:59:37.091] [warning] Couldn't find file 'femur_r.vtp'.
[2021-11-05 09:59:37.091] [warning] Couldn't find file 'tibia_l.vtp'.
[2021-11-05 09:59:37.091] [warning] Couldn't find file 'l_fibula.vtp'.
[2021-11-05 09:59:37.092] [warning] Couldn't find file 'tibia_r.vtp'.
[2021-11-05 09:59:37.092] [warning] Couldn't find file 'r_fibula.vtp'.
[2021-11-05 09:59:37.092] [warning] Couldn't find file 'l_talus.vtp'.
[2021-11-05 09:59:37.092] [warning] Couldn't find file 'r_talus.vtp'.
[2021-11-05 09:59:37.092] [warning] Couldn't find file 'l_foot.vtp'.
[2021-11-05 09:59:37.092] [warning] Couldn't find file 'r_foot.vtp'.
[2021-11-05 09:59:37.093] [warning] Couldn't find file 'l_bofoot.vtp'.
[2021-11-05 09:59:37.093] [warning] Couldn't find file 'r_bofoot.vtp'.
[2021-11-05 09:59:37.093] [warning] Couldn't find file 'hat_spine.vtp'.
[2021-11-05 09:59:37.093] [warning] Couldn't find file 'hat_jaw.vtp'.
[2021-11-05 09:59:37.093] [warning] Couldn't find file 'hat_skull.vtp'.
[2021-11-05 09:59:37.094] [warning] Couldn't find file 'hat_ribs.vtp'.
