[2021-10-21 12:45:51.777] [info] Loaded model 2D_gait from file 2D_gait_contact_constrained_activation.osim
[2021-10-21 12:45:51.777] [warning] Couldn't find file 'r_pelvis.vtp'.
[2021-10-21 12:45:51.777] [warning] Couldn't find file 'l_pelvis.vtp'.
[2021-10-21 12:45:51.777] [warning] Couldn't find file 'sacrum.vtp'.
[2021-10-21 12:45:51.778] [warning] Couldn't find file 'femur_l.vtp'.
[2021-10-21 12:45:51.778] [warning] Couldn't find file 'femur_r.vtp'.
[2021-10-21 12:45:51.778] [warning] Couldn't find file 'tibia_l.vtp'.
[2021-10-21 12:45:51.778] [warning] Couldn't find file 'l_fibula.vtp'.
[2021-10-21 12:45:51.778] [warning] Couldn't find file 'tibia_r.vtp'.
[2021-10-21 12:45:51.778] [warning] Couldn't find file 'r_fibula.vtp'.
[2021-10-21 12:45:51.778] [warning] Couldn't find file 'l_talus.vtp'.
[2021-10-21 12:45:51.778] [warning] Couldn't find file 'r_talus.vtp'.
[2021-10-21 12:45:51.779] [warning] Couldn't find file 'l_foot.vtp'.
[2021-10-21 12:45:51.779] [warning] Couldn't find file 'r_foot.vtp'.
[2021-10-21 12:45:51.779] [warning] Couldn't find file 'l_bofoot.vtp'.
[2021-10-21 12:45:51.779] [warning] Couldn't find file 'r_bofoot.vtp'.
[2021-10-21 12:45:51.779] [warning] Couldn't find file 'hat_spine.vtp'.
[2021-10-21 12:45:51.779] [warning] Couldn't find file 'hat_jaw.vtp'.
[2021-10-21 12:45:51.779] [warning] Couldn't find file 'hat_skull.vtp'.
[2021-10-21 12:45:51.779] [warning] Couldn't find file 'hat_ribs.vtp'.
[2021-10-21 12:46:30.123] [info] Loaded model 2D_gait from file 2D_gait_contact_constrained_activation.osim
[2021-10-21 12:46:30.124] [warning] Couldn't find file 'r_pelvis.vtp'.
[2021-10-21 12:46:30.124] [warning] Couldn't find file 'l_pelvis.vtp'.
[2021-10-21 12:46:30.124] [warning] Couldn't find file 'sacrum.vtp'.
[2021-10-21 12:46:30.124] [warning] Couldn't find file 'femur_l.vtp'.
[2021-10-21 12:46:30.124] [warning] Couldn't find file 'femur_r.vtp'.
[2021-10-21 12:46:30.124] [warning] Couldn't find file 'tibia_l.vtp'.
[2021-10-21 12:46:30.124] [warning] Couldn't find file 'l_fibula.vtp'.
[2021-10-21 12:46:30.124] [warning] Couldn't find file 'tibia_r.vtp'.
[2021-10-21 12:46:30.124] [warning] Couldn't find file 'r_fibula.vtp'.
[2021-10-21 12:46:30.125] [warning] Couldn't find file 'l_talus.vtp'.
[2021-10-21 12:46:30.125] [warning] Couldn't find file 'r_talus.vtp'.
[2021-10-21 12:46:30.125] [warning] Couldn't find file 'l_foot.vtp'.
[2021-10-21 12:46:30.125] [warning] Couldn't find file 'r_foot.vtp'.
[2021-10-21 12:46:30.125] [warning] Couldn't find file 'l_bofoot.vtp'.
[2021-10-21 12:46:30.125] [warning] Couldn't find file 'r_bofoot.vtp'.
[2021-10-21 12:46:30.125] [warning] Couldn't find file 'hat_spine.vtp'.
[2021-10-21 12:46:30.125] [warning] Couldn't find file 'hat_jaw.vtp'.
[2021-10-21 12:46:30.125] [warning] Couldn't find file 'hat_skull.vtp'.
[2021-10-21 12:46:30.125] [warning] Couldn't find file 'hat_ribs.vtp'.
[2021-10-21 12:50:55.339] [info] Loaded model 2D_gait from file 2D_gait_contact_constrained_activation.osim
[2021-10-21 12:50:55.339] [warning] Couldn't find file 'r_pelvis.vtp'.
[2021-10-21 12:50:55.340] [warning] Couldn't find file 'l_pelvis.vtp'.
[2021-10-21 12:50:55.340] [warning] Couldn't find file 'sacrum.vtp'.
[2021-10-21 12:50:55.340] [warning] Couldn't find file 'femur_l.vtp'.
[2021-10-21 12:50:55.340] [warning] Couldn't find file 'femur_r.vtp'.
[2021-10-21 12:50:55.340] [warning] Couldn't find file 'tibia_l.vtp'.
[2021-10-21 12:50:55.340] [warning] Couldn't find file 'l_fibula.vtp'.
[2021-10-21 12:50:55.340] [warning] Couldn't find file 'tibia_r.vtp'.
[2021-10-21 12:50:55.340] [warning] Couldn't find file 'r_fibula.vtp'.
[2021-10-21 12:50:55.340] [warning] Couldn't find file 'l_talus.vtp'.
[2021-10-21 12:50:55.340] [warning] Couldn't find file 'r_talus.vtp'.
[2021-10-21 12:50:55.340] [warning] Couldn't find file 'l_foot.vtp'.
[2021-10-21 12:50:55.341] [warning] Couldn't find file 'r_foot.vtp'.
[2021-10-21 12:50:55.341] [warning] Couldn't find file 'l_bofoot.vtp'.
[2021-10-21 12:50:55.341] [warning] Couldn't find file 'r_bofoot.vtp'.
[2021-10-21 12:50:55.341] [warning] Couldn't find file 'hat_spine.vtp'.
[2021-10-21 12:50:55.341] [warning] Couldn't find file 'hat_jaw.vtp'.
[2021-10-21 12:50:55.341] [warning] Couldn't find file 'hat_skull.vtp'.
[2021-10-21 12:50:55.341] [warning] Couldn't find file 'hat_ribs.vtp'.
