[2022-08-11 16:41:30.901] [info] Loaded model model_scaled from file C:\Users\danie\Documents\GitHub\ergonomics\Examples\SitToStand - Copy\model.osim
[2022-08-11 16:41:30.902] [warning] Couldn't find file 'r_pelvis.vtp'.
[2022-08-11 16:41:30.902] [warning] Couldn't find file 'l_pelvis.vtp'.
[2022-08-11 16:41:30.902] [warning] Couldn't find file 'sacrum.vtp'.
[2022-08-11 16:41:30.902] [warning] Couldn't find file 'femur_l.vtp'.
[2022-08-11 16:41:30.903] [warning] Couldn't find file 'femur_r.vtp'.
[2022-08-11 16:41:30.903] [warning] Couldn't find file 'tibia_l.vtp'.
[2022-08-11 16:41:30.903] [warning] Couldn't find file 'l_fibula.vtp'.
[2022-08-11 16:41:30.903] [warning] Couldn't find file 'tibia_r.vtp'.
[2022-08-11 16:41:30.903] [warning] Couldn't find file 'r_fibula.vtp'.
[2022-08-11 16:41:30.904] [warning] Couldn't find file 'l_talus.vtp'.
[2022-08-11 16:41:30.904] [warning] Couldn't find file 'r_talus.vtp'.
[2022-08-11 16:41:30.904] [warning] Couldn't find file 'l_foot.vtp'.
[2022-08-11 16:41:30.904] [warning] Couldn't find file 'r_foot.vtp'.
[2022-08-11 16:41:30.905] [warning] Couldn't find file 'l_bofoot.vtp'.
[2022-08-11 16:41:30.905] [warning] Couldn't find file 'r_bofoot.vtp'.
[2022-08-11 16:41:30.905] [warning] Couldn't find file 'block.vtp'.
[2022-08-11 16:41:30.905] [warning] Couldn't find file 'block.vtp'.
[2022-08-11 16:41:30.905] [warning] Couldn't find file 'hat_spine.vtp'.
[2022-08-11 16:41:30.906] [warning] Couldn't find file 'hat_jaw.vtp'.
[2022-08-11 16:41:30.906] [warning] Couldn't find file 'hat_skull.vtp'.
[2022-08-11 16:41:30.906] [warning] Couldn't find file 'hat_ribs.vtp'.
[2022-08-11 16:41:30.918] [info] Loaded model model_scaled from file C:\Users\danie\Documents\GitHub\ergonomics\Examples\SitToStand - Copy\model.osim
[2022-08-11 16:41:30.918] [warning] Couldn't find file 'r_pelvis.vtp'.
[2022-08-11 16:41:30.919] [warning] Couldn't find file 'l_pelvis.vtp'.
[2022-08-11 16:41:30.919] [warning] Couldn't find file 'sacrum.vtp'.
[2022-08-11 16:41:30.919] [warning] Couldn't find file 'femur_l.vtp'.
[2022-08-11 16:41:30.919] [warning] Couldn't find file 'femur_r.vtp'.
[2022-08-11 16:41:30.919] [warning] Couldn't find file 'tibia_l.vtp'.
[2022-08-11 16:41:30.920] [warning] Couldn't find file 'l_fibula.vtp'.
[2022-08-11 16:41:30.920] [warning] Couldn't find file 'tibia_r.vtp'.
[2022-08-11 16:41:30.920] [warning] Couldn't find file 'r_fibula.vtp'.
[2022-08-11 16:41:30.920] [warning] Couldn't find file 'l_talus.vtp'.
[2022-08-11 16:41:30.921] [warning] Couldn't find file 'r_talus.vtp'.
[2022-08-11 16:41:30.921] [warning] Couldn't find file 'l_foot.vtp'.
[2022-08-11 16:41:30.921] [warning] Couldn't find file 'r_foot.vtp'.
[2022-08-11 16:41:30.921] [warning] Couldn't find file 'l_bofoot.vtp'.
[2022-08-11 16:41:30.921] [warning] Couldn't find file 'r_bofoot.vtp'.
[2022-08-11 16:41:30.922] [warning] Couldn't find file 'block.vtp'.
[2022-08-11 16:41:30.922] [warning] Couldn't find file 'block.vtp'.
[2022-08-11 16:41:30.922] [warning] Couldn't find file 'hat_spine.vtp'.
[2022-08-11 16:41:30.922] [warning] Couldn't find file 'hat_jaw.vtp'.
[2022-08-11 16:41:30.922] [warning] Couldn't find file 'hat_skull.vtp'.
[2022-08-11 16:41:30.923] [warning] Couldn't find file 'hat_ribs.vtp'.
[2022-08-11 16:41:30.959] [info] Loaded model model_scaled from file C:\Users\danie\Documents\GitHub\ergonomics\Examples\SitToStand - Copy\model.osim
[2022-08-11 16:41:30.960] [warning] Couldn't find file 'r_pelvis.vtp'.
[2022-08-11 16:41:30.960] [warning] Couldn't find file 'l_pelvis.vtp'.
[2022-08-11 16:41:30.960] [warning] Couldn't find file 'sacrum.vtp'.
[2022-08-11 16:41:30.960] [warning] Couldn't find file 'femur_l.vtp'.
[2022-08-11 16:41:30.961] [warning] Couldn't find file 'femur_r.vtp'.
[2022-08-11 16:41:30.961] [warning] Couldn't find file 'tibia_l.vtp'.
[2022-08-11 16:41:30.961] [warning] Couldn't find file 'l_fibula.vtp'.
[2022-08-11 16:41:30.961] [warning] Couldn't find file 'tibia_r.vtp'.
[2022-08-11 16:41:30.961] [warning] Couldn't find file 'r_fibula.vtp'.
[2022-08-11 16:41:30.962] [warning] Couldn't find file 'l_talus.vtp'.
[2022-08-11 16:41:30.962] [warning] Couldn't find file 'r_talus.vtp'.
[2022-08-11 16:41:30.962] [warning] Couldn't find file 'l_foot.vtp'.
[2022-08-11 16:41:30.962] [warning] Couldn't find file 'r_foot.vtp'.
[2022-08-11 16:41:30.962] [warning] Couldn't find file 'l_bofoot.vtp'.
[2022-08-11 16:41:30.963] [warning] Couldn't find file 'r_bofoot.vtp'.
[2022-08-11 16:41:30.963] [warning] Couldn't find file 'block.vtp'.
[2022-08-11 16:41:30.963] [warning] Couldn't find file 'block.vtp'.
[2022-08-11 16:41:30.963] [warning] Couldn't find file 'hat_spine.vtp'.
[2022-08-11 16:41:30.963] [warning] Couldn't find file 'hat_jaw.vtp'.
[2022-08-11 16:41:30.964] [warning] Couldn't find file 'hat_skull.vtp'.
[2022-08-11 16:41:30.964] [warning] Couldn't find file 'hat_ribs.vtp'.
[2022-08-11 16:41:31.000] [info] Loaded model model_scaled from file C:\Users\danie\Documents\GitHub\ergonomics\Examples\SitToStand - Copy\model.osim
[2022-08-11 16:41:31.000] [warning] Couldn't find file 'r_pelvis.vtp'.
[2022-08-11 16:41:31.000] [warning] Couldn't find file 'l_pelvis.vtp'.
[2022-08-11 16:41:31.000] [warning] Couldn't find file 'sacrum.vtp'.
[2022-08-11 16:41:31.001] [warning] Couldn't find file 'femur_l.vtp'.
[2022-08-11 16:41:31.001] [warning] Couldn't find file 'femur_r.vtp'.
[2022-08-11 16:41:31.001] [warning] Couldn't find file 'tibia_l.vtp'.
[2022-08-11 16:41:31.001] [warning] Couldn't find file 'l_fibula.vtp'.
[2022-08-11 16:41:31.001] [warning] Couldn't find file 'tibia_r.vtp'.
[2022-08-11 16:41:31.002] [warning] Couldn't find file 'r_fibula.vtp'.
[2022-08-11 16:41:31.002] [warning] Couldn't find file 'l_talus.vtp'.
[2022-08-11 16:41:31.002] [warning] Couldn't find file 'r_talus.vtp'.
[2022-08-11 16:41:31.002] [warning] Couldn't find file 'l_foot.vtp'.
[2022-08-11 16:41:31.002] [warning] Couldn't find file 'r_foot.vtp'.
[2022-08-11 16:41:31.002] [warning] Couldn't find file 'l_bofoot.vtp'.
[2022-08-11 16:41:31.003] [warning] Couldn't find file 'r_bofoot.vtp'.
[2022-08-11 16:41:31.003] [warning] Couldn't find file 'block.vtp'.
[2022-08-11 16:41:31.003] [warning] Couldn't find file 'block.vtp'.
[2022-08-11 16:41:31.003] [warning] Couldn't find file 'hat_spine.vtp'.
[2022-08-11 16:41:31.003] [warning] Couldn't find file 'hat_jaw.vtp'.
[2022-08-11 16:41:31.003] [warning] Couldn't find file 'hat_skull.vtp'.
[2022-08-11 16:41:31.003] [warning] Couldn't find file 'hat_ribs.vtp'.
[2022-08-11 16:41:31.038] [info] Loaded model model_scaled from file C:\Users\danie\Documents\GitHub\ergonomics\Examples\SitToStand - Copy\model.osim
[2022-08-11 16:41:31.038] [warning] Couldn't find file 'r_pelvis.vtp'.
[2022-08-11 16:41:31.039] [warning] Couldn't find file 'l_pelvis.vtp'.
[2022-08-11 16:41:31.039] [warning] Couldn't find file 'sacrum.vtp'.
[2022-08-11 16:41:31.039] [warning] Couldn't find file 'femur_l.vtp'.
[2022-08-11 16:41:31.039] [warning] Couldn't find file 'femur_r.vtp'.
[2022-08-11 16:41:31.039] [warning] Couldn't find file 'tibia_l.vtp'.
[2022-08-11 16:41:31.040] [warning] Couldn't find file 'l_fibula.vtp'.
[2022-08-11 16:41:31.040] [warning] Couldn't find file 'tibia_r.vtp'.
[2022-08-11 16:41:31.040] [warning] Couldn't find file 'r_fibula.vtp'.
[2022-08-11 16:41:31.040] [warning] Couldn't find file 'l_talus.vtp'.
[2022-08-11 16:41:31.041] [warning] Couldn't find file 'r_talus.vtp'.
[2022-08-11 16:41:31.041] [warning] Couldn't find file 'l_foot.vtp'.
[2022-08-11 16:41:31.041] [warning] Couldn't find file 'r_foot.vtp'.
[2022-08-11 16:41:31.041] [warning] Couldn't find file 'l_bofoot.vtp'.
[2022-08-11 16:41:31.041] [warning] Couldn't find file 'r_bofoot.vtp'.
[2022-08-11 16:41:31.042] [warning] Couldn't find file 'block.vtp'.
[2022-08-11 16:41:31.042] [warning] Couldn't find file 'block.vtp'.
[2022-08-11 16:41:31.042] [warning] Couldn't find file 'hat_spine.vtp'.
[2022-08-11 16:41:31.042] [warning] Couldn't find file 'hat_jaw.vtp'.
[2022-08-11 16:41:31.042] [warning] Couldn't find file 'hat_skull.vtp'.
[2022-08-11 16:41:31.042] [warning] Couldn't find file 'hat_ribs.vtp'.
[2022-08-11 16:41:31.077] [info] Loaded model model_scaled from file C:\Users\danie\Documents\GitHub\ergonomics\Examples\SitToStand - Copy\model.osim
[2022-08-11 16:41:31.077] [warning] Couldn't find file 'r_pelvis.vtp'.
[2022-08-11 16:41:31.077] [warning] Couldn't find file 'l_pelvis.vtp'.
[2022-08-11 16:41:31.077] [warning] Couldn't find file 'sacrum.vtp'.
[2022-08-11 16:41:31.078] [warning] Couldn't find file 'femur_l.vtp'.
[2022-08-11 16:41:31.078] [warning] Couldn't find file 'femur_r.vtp'.
[2022-08-11 16:41:31.078] [warning] Couldn't find file 'tibia_l.vtp'.
[2022-08-11 16:41:31.078] [warning] Couldn't find file 'l_fibula.vtp'.
[2022-08-11 16:41:31.078] [warning] Couldn't find file 'tibia_r.vtp'.
[2022-08-11 16:41:31.079] [warning] Couldn't find file 'r_fibula.vtp'.
[2022-08-11 16:41:31.079] [warning] Couldn't find file 'l_talus.vtp'.
[2022-08-11 16:41:31.079] [warning] Couldn't find file 'r_talus.vtp'.
[2022-08-11 16:41:31.079] [warning] Couldn't find file 'l_foot.vtp'.
[2022-08-11 16:41:31.079] [warning] Couldn't find file 'r_foot.vtp'.
[2022-08-11 16:41:31.080] [warning] Couldn't find file 'l_bofoot.vtp'.
[2022-08-11 16:41:31.080] [warning] Couldn't find file 'r_bofoot.vtp'.
[2022-08-11 16:41:31.080] [warning] Couldn't find file 'block.vtp'.
[2022-08-11 16:41:31.080] [warning] Couldn't find file 'block.vtp'.
[2022-08-11 16:41:31.081] [warning] Couldn't find file 'hat_spine.vtp'.
[2022-08-11 16:41:31.081] [warning] Couldn't find file 'hat_jaw.vtp'.
[2022-08-11 16:41:31.081] [warning] Couldn't find file 'hat_skull.vtp'.
[2022-08-11 16:41:31.081] [warning] Couldn't find file 'hat_ribs.vtp'.
[2022-08-11 16:41:31.110] [info] ========================================================================
[2022-08-11 16:41:31.110] [info] MocoCasADiSolver starting.
[2022-08-11 16:41:31.110] [info] Thu Aug 11 16:41:31 2022
[2022-08-11 16:41:31.110] [info] ------------------------------------------------------------------------
[2022-08-11 16:41:31.110] [cout] [info] Costs: (total: 2)
[2022-08-11 16:41:31.111] [cout] [info]   effort. MocoControlGoal, enabled: true, mode: cost, weight: 1.0
[2022-08-11 16:41:31.111] [cout] [info]         control: /lumbarAct, weight: 1.0
[2022-08-11 16:41:31.111] [cout] [info]         control: /r_hip_act, weight: 1.0
[2022-08-11 16:41:31.111] [cout] [info]         control: /l_hip_act, weight: 1.0
[2022-08-11 16:41:31.111] [cout] [info]         control: /r_knee_act, weight: 1.0
[2022-08-11 16:41:31.111] [cout] [info]         control: /l_knee_act, weight: 1.0
[2022-08-11 16:41:31.111] [cout] [info]         control: /r_ankle_act, weight: 1.0
[2022-08-11 16:41:31.111] [cout] [info]         control: /l_ankle_act, weight: 1.0
[2022-08-11 16:41:31.112] [cout] [info]   ankle. MocoJointReactionGoal, enabled: true, mode: cost, weight: -1.56028e-231
[2022-08-11 16:41:31.112] [cout] [info]         joint path: 
[2022-08-11 16:41:31.112] [cout] [info]         loads frame: 
[2022-08-11 16:41:31.112] [cout] [info]         expressed: 
[2022-08-11 16:41:31.112] [cout] [info]         reaction measures: 
[2022-08-11 16:41:31.112] [cout] [info]         reaction weights: 1.0, 1.0, 1.0, 1.0, 1.0, 1.0
[2022-08-11 16:41:31.112] [cout] [info] Endpoint constraints: none
[2022-08-11 16:41:31.112] [cout] [info] Kinematic constraints: (total: 3)
[2022-08-11 16:41:31.112] [cout] [info]   kinematic_constraint_cid10. MocoConstraintInfo. number of scalar equations: 3. bounds: 0, 0, 0
[2022-08-11 16:41:31.112] [cout] [info]   kinematic_constraint_cid11. MocoConstraintInfo. number of scalar equations: 3. bounds: 0, 0, 0
[2022-08-11 16:41:31.112] [cout] [info]   kinematic_constraint_cid12. MocoConstraintInfo. number of scalar equations: 3. bounds: 0, 0, 0
[2022-08-11 16:41:31.112] [cout] [info] Path constraints: none
[2022-08-11 16:41:31.112] [cout] [info] States: (total: 27)
[2022-08-11 16:41:31.113] [cout] [info]   /jointset/groundPelvis/pelvis_tilt/value. bounds: [0, 0.872665] initial: 0.233176 final: 0
[2022-08-11 16:41:31.113] [cout] [info]   /jointset/groundPelvis/pelvis_tx/value. bounds: [-2, 2] initial: -0.106
[2022-08-11 16:41:31.113] [cout] [info]   /jointset/groundPelvis/pelvis_ty/value. bounds: [0, 2] initial: 0.754
[2022-08-11 16:41:31.113] [cout] [info]   /jointset/knee_l/knee_angle_l/speed. bounds: [-6.28319, 6.28319] initial: 0
[2022-08-11 16:41:31.113] [cout] [info]   /jointset/hip_l/hip_flexion_l/value. bounds: [-3.14159, 3.14159] initial: 1.07317 final: 0
[2022-08-11 16:41:31.113] [cout] [info]   /l_hip_act/activation. bounds: [-1, 1]
[2022-08-11 16:41:31.113] [cout] [info]   /jointset/ankle_r/ankle_angle_r/value. bounds: [-3.14159, 3.14159] initial: 0.261799 final: 0
[2022-08-11 16:41:31.113] [cout] [info]   /jointset/hip_r/hip_flexion_r/value. bounds: [-3.14159, 3.14159] initial: 1.07317 final: 0
[2022-08-11 16:41:31.113] [cout] [info]   /jointset/knee_l/knee_angle_l/value. bounds: [-3.14159, 3.14159] initial: -1.5708 final: 0
[2022-08-11 16:41:31.113] [cout] [info]   /jointset/knee_r/knee_angle_r/value. bounds: [-3.14159, 3.14159] initial: -1.5708 final: 0
[2022-08-11 16:41:31.113] [cout] [info]   /jointset/knee_r/knee_angle_r/speed. bounds: [-6.28319, 6.28319] initial: 0
[2022-08-11 16:41:31.113] [cout] [info]   /jointset/ankle_l/ankle_angle_l/value. bounds: [-3.14159, 3.14159] initial: 0.261799 final: 0
[2022-08-11 16:41:31.113] [cout] [info]   /jointset/lumbar/lumbar/value. bounds: [-3.14159, 3.14159] initial: -0.652544 final: 0
[2022-08-11 16:41:31.113] [cout] [info]   /jointset/groundPelvis/pelvis_tilt/speed. bounds: [-6.28319, 6.28319] initial: 0
[2022-08-11 16:41:31.113] [cout] [info]   /jointset/groundPelvis/pelvis_tx/speed. bounds: [-5, 5] initial: 0
[2022-08-11 16:41:31.114] [cout] [info]   /jointset/groundPelvis/pelvis_ty/speed. bounds: [-2, 10] initial: 0
[2022-08-11 16:41:31.114] [cout] [info]   /jointset/hip_l/hip_flexion_l/speed. bounds: [-6.28319, 6.28319] initial: 0
[2022-08-11 16:41:31.114] [cout] [info]   /l_ankle_act/activation. bounds: [-1, 1]
[2022-08-11 16:41:31.114] [cout] [info]   /jointset/ankle_r/ankle_angle_r/speed. bounds: [-6.28319, 6.28319] initial: 0
[2022-08-11 16:41:31.114] [cout] [info]   /jointset/hip_r/hip_flexion_r/speed. bounds: [-6.28319, 6.28319] initial: 0
[2022-08-11 16:41:31.114] [cout] [info]   /jointset/ankle_l/ankle_angle_l/speed. bounds: [-6.28319, 6.28319] initial: 0
[2022-08-11 16:41:31.114] [cout] [info]   /jointset/lumbar/lumbar/speed. bounds: [-6.28319, 6.28319] initial: 0
[2022-08-11 16:41:31.114] [cout] [info]   /lumbarAct/activation. bounds: [-1, 1]
[2022-08-11 16:41:31.114] [cout] [info]   /r_hip_act/activation. bounds: [-1, 1]
[2022-08-11 16:41:31.114] [cout] [info]   /r_knee_act/activation. bounds: [-1, 1]
[2022-08-11 16:41:31.114] [cout] [info]   /l_knee_act/activation. bounds: [-1, 1]
[2022-08-11 16:41:31.114] [cout] [info]   /r_ankle_act/activation. bounds: [-1, 1]
[2022-08-11 16:41:31.114] [cout] [info] Controls: (total: 7)
[2022-08-11 16:41:31.114] [cout] [info]   /lumbarAct. bounds: [-1, 1]
[2022-08-11 16:41:31.115] [cout] [info]   /r_hip_act. bounds: [-1, 1]
[2022-08-11 16:41:31.115] [cout] [info]   /r_ankle_act. bounds: [-1, 1]
[2022-08-11 16:41:31.115] [cout] [info]   /l_knee_act. bounds: [-1, 1]
[2022-08-11 16:41:31.115] [cout] [info]   /l_hip_act. bounds: [-1, 1]
[2022-08-11 16:41:31.115] [cout] [info]   /l_ankle_act. bounds: [-1, 1]
[2022-08-11 16:41:31.115] [cout] [info]   /r_knee_act. bounds: [-1, 1]
[2022-08-11 16:41:31.115] [cout] [info] Parameters: none
[2022-08-11 16:41:31.122] [info] Loaded model model_scaled from file C:\Users\danie\Documents\GitHub\ergonomics\Examples\SitToStand - Copy\model.osim
[2022-08-11 16:41:31.122] [warning] Couldn't find file 'r_pelvis.vtp'.
[2022-08-11 16:41:31.122] [warning] Couldn't find file 'l_pelvis.vtp'.
[2022-08-11 16:41:31.123] [warning] Couldn't find file 'sacrum.vtp'.
[2022-08-11 16:41:31.123] [warning] Couldn't find file 'femur_l.vtp'.
[2022-08-11 16:41:31.123] [warning] Couldn't find file 'femur_r.vtp'.
[2022-08-11 16:41:31.123] [warning] Couldn't find file 'tibia_l.vtp'.
[2022-08-11 16:41:31.123] [warning] Couldn't find file 'l_fibula.vtp'.
[2022-08-11 16:41:31.124] [warning] Couldn't find file 'tibia_r.vtp'.
[2022-08-11 16:41:31.124] [warning] Couldn't find file 'r_fibula.vtp'.
[2022-08-11 16:41:31.124] [warning] Couldn't find file 'l_talus.vtp'.
[2022-08-11 16:41:31.124] [warning] Couldn't find file 'r_talus.vtp'.
[2022-08-11 16:41:31.125] [warning] Couldn't find file 'l_foot.vtp'.
[2022-08-11 16:41:31.125] [warning] Couldn't find file 'r_foot.vtp'.
[2022-08-11 16:41:31.125] [warning] Couldn't find file 'l_bofoot.vtp'.
[2022-08-11 16:41:31.125] [warning] Couldn't find file 'r_bofoot.vtp'.
[2022-08-11 16:41:31.125] [warning] Couldn't find file 'block.vtp'.
[2022-08-11 16:41:31.126] [warning] Couldn't find file 'block.vtp'.
[2022-08-11 16:41:31.126] [warning] Couldn't find file 'hat_spine.vtp'.
[2022-08-11 16:41:31.126] [warning] Couldn't find file 'hat_jaw.vtp'.
[2022-08-11 16:41:31.126] [warning] Couldn't find file 'hat_skull.vtp'.
[2022-08-11 16:41:31.126] [warning] Couldn't find file 'hat_ribs.vtp'.
[2022-08-11 16:41:31.160] [info] Loaded model model_scaled from file C:\Users\danie\Documents\GitHub\ergonomics\Examples\SitToStand - Copy\model.osim
[2022-08-11 16:41:31.160] [warning] Couldn't find file 'r_pelvis.vtp'.
[2022-08-11 16:41:31.160] [warning] Couldn't find file 'l_pelvis.vtp'.
[2022-08-11 16:41:31.161] [warning] Couldn't find file 'sacrum.vtp'.
[2022-08-11 16:41:31.161] [warning] Couldn't find file 'femur_l.vtp'.
[2022-08-11 16:41:31.161] [warning] Couldn't find file 'femur_r.vtp'.
[2022-08-11 16:41:31.161] [warning] Couldn't find file 'tibia_l.vtp'.
[2022-08-11 16:41:31.161] [warning] Couldn't find file 'l_fibula.vtp'.
[2022-08-11 16:41:31.162] [warning] Couldn't find file 'tibia_r.vtp'.
[2022-08-11 16:41:31.162] [warning] Couldn't find file 'r_fibula.vtp'.
[2022-08-11 16:41:31.162] [warning] Couldn't find file 'l_talus.vtp'.
[2022-08-11 16:41:31.162] [warning] Couldn't find file 'r_talus.vtp'.
[2022-08-11 16:41:31.163] [warning] Couldn't find file 'l_foot.vtp'.
[2022-08-11 16:41:31.163] [warning] Couldn't find file 'r_foot.vtp'.
[2022-08-11 16:41:31.163] [warning] Couldn't find file 'l_bofoot.vtp'.
[2022-08-11 16:41:31.163] [warning] Couldn't find file 'r_bofoot.vtp'.
[2022-08-11 16:41:31.163] [warning] Couldn't find file 'block.vtp'.
[2022-08-11 16:41:31.164] [warning] Couldn't find file 'block.vtp'.
[2022-08-11 16:41:31.164] [warning] Couldn't find file 'hat_spine.vtp'.
[2022-08-11 16:41:31.164] [warning] Couldn't find file 'hat_jaw.vtp'.
[2022-08-11 16:41:31.164] [warning] Couldn't find file 'hat_skull.vtp'.
[2022-08-11 16:41:31.164] [warning] Couldn't find file 'hat_ribs.vtp'.
[2022-08-11 16:41:31.199] [info] Loaded model model_scaled from file C:\Users\danie\Documents\GitHub\ergonomics\Examples\SitToStand - Copy\model.osim
[2022-08-11 16:41:31.199] [warning] Couldn't find file 'r_pelvis.vtp'.
[2022-08-11 16:41:31.199] [warning] Couldn't find file 'l_pelvis.vtp'.
[2022-08-11 16:41:31.200] [warning] Couldn't find file 'sacrum.vtp'.
[2022-08-11 16:41:31.200] [warning] Couldn't find file 'femur_l.vtp'.
[2022-08-11 16:41:31.200] [warning] Couldn't find file 'femur_r.vtp'.
[2022-08-11 16:41:31.200] [warning] Couldn't find file 'tibia_l.vtp'.
[2022-08-11 16:41:31.200] [warning] Couldn't find file 'l_fibula.vtp'.
[2022-08-11 16:41:31.201] [warning] Couldn't find file 'tibia_r.vtp'.
[2022-08-11 16:41:31.201] [warning] Couldn't find file 'r_fibula.vtp'.
[2022-08-11 16:41:31.201] [warning] Couldn't find file 'l_talus.vtp'.
[2022-08-11 16:41:31.201] [warning] Couldn't find file 'r_talus.vtp'.
[2022-08-11 16:41:31.202] [warning] Couldn't find file 'l_foot.vtp'.
[2022-08-11 16:41:31.202] [warning] Couldn't find file 'r_foot.vtp'.
[2022-08-11 16:41:31.202] [warning] Couldn't find file 'l_bofoot.vtp'.
[2022-08-11 16:41:31.202] [warning] Couldn't find file 'r_bofoot.vtp'.
[2022-08-11 16:41:31.202] [warning] Couldn't find file 'block.vtp'.
[2022-08-11 16:41:31.203] [warning] Couldn't find file 'block.vtp'.
[2022-08-11 16:41:31.203] [warning] Couldn't find file 'hat_spine.vtp'.
[2022-08-11 16:41:31.203] [warning] Couldn't find file 'hat_jaw.vtp'.
[2022-08-11 16:41:31.203] [warning] Couldn't find file 'hat_skull.vtp'.
[2022-08-11 16:41:31.203] [warning] Couldn't find file 'hat_ribs.vtp'.
[2022-08-11 16:41:31.238] [info] Loaded model model_scaled from file C:\Users\danie\Documents\GitHub\ergonomics\Examples\SitToStand - Copy\model.osim
[2022-08-11 16:41:31.238] [warning] Couldn't find file 'r_pelvis.vtp'.
[2022-08-11 16:41:31.238] [warning] Couldn't find file 'l_pelvis.vtp'.
[2022-08-11 16:41:31.239] [warning] Couldn't find file 'sacrum.vtp'.
[2022-08-11 16:41:31.239] [warning] Couldn't find file 'femur_l.vtp'.
[2022-08-11 16:41:31.239] [warning] Couldn't find file 'femur_r.vtp'.
[2022-08-11 16:41:31.239] [warning] Couldn't find file 'tibia_l.vtp'.
[2022-08-11 16:41:31.239] [warning] Couldn't find file 'l_fibula.vtp'.
[2022-08-11 16:41:31.240] [warning] Couldn't find file 'tibia_r.vtp'.
[2022-08-11 16:41:31.240] [warning] Couldn't find file 'r_fibula.vtp'.
[2022-08-11 16:41:31.240] [warning] Couldn't find file 'l_talus.vtp'.
[2022-08-11 16:41:31.240] [warning] Couldn't find file 'r_talus.vtp'.
[2022-08-11 16:41:31.240] [warning] Couldn't find file 'l_foot.vtp'.
[2022-08-11 16:41:31.241] [warning] Couldn't find file 'r_foot.vtp'.
[2022-08-11 16:41:31.241] [warning] Couldn't find file 'l_bofoot.vtp'.
[2022-08-11 16:41:31.241] [warning] Couldn't find file 'r_bofoot.vtp'.
[2022-08-11 16:41:31.241] [warning] Couldn't find file 'block.vtp'.
[2022-08-11 16:41:31.241] [warning] Couldn't find file 'block.vtp'.
[2022-08-11 16:41:31.242] [warning] Couldn't find file 'hat_spine.vtp'.
[2022-08-11 16:41:31.242] [warning] Couldn't find file 'hat_jaw.vtp'.
[2022-08-11 16:41:31.242] [warning] Couldn't find file 'hat_skull.vtp'.
[2022-08-11 16:41:31.242] [warning] Couldn't find file 'hat_ribs.vtp'.
[2022-08-11 16:41:31.276] [info] Loaded model model_scaled from file C:\Users\danie\Documents\GitHub\ergonomics\Examples\SitToStand - Copy\model.osim
[2022-08-11 16:41:31.277] [warning] Couldn't find file 'r_pelvis.vtp'.
[2022-08-11 16:41:31.277] [warning] Couldn't find file 'l_pelvis.vtp'.
[2022-08-11 16:41:31.277] [warning] Couldn't find file 'sacrum.vtp'.
[2022-08-11 16:41:31.277] [warning] Couldn't find file 'femur_l.vtp'.
[2022-08-11 16:41:31.278] [warning] Couldn't find file 'femur_r.vtp'.
[2022-08-11 16:41:31.278] [warning] Couldn't find file 'tibia_l.vtp'.
[2022-08-11 16:41:31.278] [warning] Couldn't find file 'l_fibula.vtp'.
[2022-08-11 16:41:31.278] [warning] Couldn't find file 'tibia_r.vtp'.
[2022-08-11 16:41:31.278] [warning] Couldn't find file 'r_fibula.vtp'.
[2022-08-11 16:41:31.279] [warning] Couldn't find file 'l_talus.vtp'.
[2022-08-11 16:41:31.279] [warning] Couldn't find file 'r_talus.vtp'.
[2022-08-11 16:41:31.279] [warning] Couldn't find file 'l_foot.vtp'.
[2022-08-11 16:41:31.279] [warning] Couldn't find file 'r_foot.vtp'.
[2022-08-11 16:41:31.279] [warning] Couldn't find file 'l_bofoot.vtp'.
[2022-08-11 16:41:31.280] [warning] Couldn't find file 'r_bofoot.vtp'.
[2022-08-11 16:41:31.280] [warning] Couldn't find file 'block.vtp'.
[2022-08-11 16:41:31.280] [warning] Couldn't find file 'block.vtp'.
[2022-08-11 16:41:31.280] [warning] Couldn't find file 'hat_spine.vtp'.
[2022-08-11 16:41:31.280] [warning] Couldn't find file 'hat_jaw.vtp'.
[2022-08-11 16:41:31.280] [warning] Couldn't find file 'hat_skull.vtp'.
[2022-08-11 16:41:31.281] [warning] Couldn't find file 'hat_ribs.vtp'.
[2022-08-11 16:41:31.315] [info] Loaded model model_scaled from file C:\Users\danie\Documents\GitHub\ergonomics\Examples\SitToStand - Copy\model.osim
[2022-08-11 16:41:31.316] [warning] Couldn't find file 'r_pelvis.vtp'.
[2022-08-11 16:41:31.316] [warning] Couldn't find file 'l_pelvis.vtp'.
[2022-08-11 16:41:31.316] [warning] Couldn't find file 'sacrum.vtp'.
[2022-08-11 16:41:31.316] [warning] Couldn't find file 'femur_l.vtp'.
[2022-08-11 16:41:31.317] [warning] Couldn't find file 'femur_r.vtp'.
[2022-08-11 16:41:31.317] [warning] Couldn't find file 'tibia_l.vtp'.
[2022-08-11 16:41:31.317] [warning] Couldn't find file 'l_fibula.vtp'.
[2022-08-11 16:41:31.317] [warning] Couldn't find file 'tibia_r.vtp'.
[2022-08-11 16:41:31.317] [warning] Couldn't find file 'r_fibula.vtp'.
[2022-08-11 16:41:31.318] [warning] Couldn't find file 'l_talus.vtp'.
[2022-08-11 16:41:31.318] [warning] Couldn't find file 'r_talus.vtp'.
[2022-08-11 16:41:31.318] [warning] Couldn't find file 'l_foot.vtp'.
[2022-08-11 16:41:31.318] [warning] Couldn't find file 'r_foot.vtp'.
[2022-08-11 16:41:31.319] [warning] Couldn't find file 'l_bofoot.vtp'.
[2022-08-11 16:41:31.319] [warning] Couldn't find file 'r_bofoot.vtp'.
[2022-08-11 16:41:31.319] [warning] Couldn't find file 'block.vtp'.
[2022-08-11 16:41:31.319] [warning] Couldn't find file 'block.vtp'.
[2022-08-11 16:41:31.319] [warning] Couldn't find file 'hat_spine.vtp'.
[2022-08-11 16:41:31.320] [warning] Couldn't find file 'hat_jaw.vtp'.
[2022-08-11 16:41:31.320] [warning] Couldn't find file 'hat_skull.vtp'.
[2022-08-11 16:41:31.320] [warning] Couldn't find file 'hat_ribs.vtp'.
[2022-08-11 16:41:31.355] [info] Loaded model model_scaled from file C:\Users\danie\Documents\GitHub\ergonomics\Examples\SitToStand - Copy\model.osim
[2022-08-11 16:41:31.355] [warning] Couldn't find file 'r_pelvis.vtp'.
[2022-08-11 16:41:31.356] [warning] Couldn't find file 'l_pelvis.vtp'.
[2022-08-11 16:41:31.356] [warning] Couldn't find file 'sacrum.vtp'.
[2022-08-11 16:41:31.356] [warning] Couldn't find file 'femur_l.vtp'.
[2022-08-11 16:41:31.356] [warning] Couldn't find file 'femur_r.vtp'.
[2022-08-11 16:41:31.356] [warning] Couldn't find file 'tibia_l.vtp'.
[2022-08-11 16:41:31.357] [warning] Couldn't find file 'l_fibula.vtp'.
[2022-08-11 16:41:31.357] [warning] Couldn't find file 'tibia_r.vtp'.
[2022-08-11 16:41:31.357] [warning] Couldn't find file 'r_fibula.vtp'.
[2022-08-11 16:41:31.357] [warning] Couldn't find file 'l_talus.vtp'.
[2022-08-11 16:41:31.357] [warning] Couldn't find file 'r_talus.vtp'.
[2022-08-11 16:41:31.358] [warning] Couldn't find file 'l_foot.vtp'.
[2022-08-11 16:41:31.358] [warning] Couldn't find file 'r_foot.vtp'.
[2022-08-11 16:41:31.358] [warning] Couldn't find file 'l_bofoot.vtp'.
[2022-08-11 16:41:31.358] [warning] Couldn't find file 'r_bofoot.vtp'.
[2022-08-11 16:41:31.359] [warning] Couldn't find file 'block.vtp'.
[2022-08-11 16:41:31.359] [warning] Couldn't find file 'block.vtp'.
[2022-08-11 16:41:31.359] [warning] Couldn't find file 'hat_spine.vtp'.
[2022-08-11 16:41:31.359] [warning] Couldn't find file 'hat_jaw.vtp'.
[2022-08-11 16:41:31.359] [warning] Couldn't find file 'hat_skull.vtp'.
[2022-08-11 16:41:31.359] [warning] Couldn't find file 'hat_ribs.vtp'.
[2022-08-11 16:41:31.394] [info] Loaded model model_scaled from file C:\Users\danie\Documents\GitHub\ergonomics\Examples\SitToStand - Copy\model.osim
[2022-08-11 16:41:31.394] [warning] Couldn't find file 'r_pelvis.vtp'.
[2022-08-11 16:41:31.395] [warning] Couldn't find file 'l_pelvis.vtp'.
[2022-08-11 16:41:31.395] [warning] Couldn't find file 'sacrum.vtp'.
[2022-08-11 16:41:31.395] [warning] Couldn't find file 'femur_l.vtp'.
[2022-08-11 16:41:31.395] [warning] Couldn't find file 'femur_r.vtp'.
[2022-08-11 16:41:31.396] [warning] Couldn't find file 'tibia_l.vtp'.
[2022-08-11 16:41:31.396] [warning] Couldn't find file 'l_fibula.vtp'.
[2022-08-11 16:41:31.396] [warning] Couldn't find file 'tibia_r.vtp'.
[2022-08-11 16:41:31.396] [warning] Couldn't find file 'r_fibula.vtp'.
[2022-08-11 16:41:31.396] [warning] Couldn't find file 'l_talus.vtp'.
[2022-08-11 16:41:31.397] [warning] Couldn't find file 'r_talus.vtp'.
[2022-08-11 16:41:31.397] [warning] Couldn't find file 'l_foot.vtp'.
[2022-08-11 16:41:31.397] [warning] Couldn't find file 'r_foot.vtp'.
[2022-08-11 16:41:31.397] [warning] Couldn't find file 'l_bofoot.vtp'.
[2022-08-11 16:41:31.397] [warning] Couldn't find file 'r_bofoot.vtp'.
[2022-08-11 16:41:31.398] [warning] Couldn't find file 'block.vtp'.
[2022-08-11 16:41:31.398] [warning] Couldn't find file 'block.vtp'.
[2022-08-11 16:41:31.398] [warning] Couldn't find file 'hat_spine.vtp'.
[2022-08-11 16:41:31.398] [warning] Couldn't find file 'hat_jaw.vtp'.
[2022-08-11 16:41:31.398] [warning] Couldn't find file 'hat_skull.vtp'.
[2022-08-11 16:41:31.399] [warning] Couldn't find file 'hat_ribs.vtp'.
[2022-08-11 16:41:31.433] [info] Loaded model model_scaled from file C:\Users\danie\Documents\GitHub\ergonomics\Examples\SitToStand - Copy\model.osim
[2022-08-11 16:41:31.433] [warning] Couldn't find file 'r_pelvis.vtp'.
[2022-08-11 16:41:31.433] [warning] Couldn't find file 'l_pelvis.vtp'.
[2022-08-11 16:41:31.433] [warning] Couldn't find file 'sacrum.vtp'.
[2022-08-11 16:41:31.434] [warning] Couldn't find file 'femur_l.vtp'.
[2022-08-11 16:41:31.434] [warning] Couldn't find file 'femur_r.vtp'.
[2022-08-11 16:41:31.434] [warning] Couldn't find file 'tibia_l.vtp'.
[2022-08-11 16:41:31.434] [warning] Couldn't find file 'l_fibula.vtp'.
[2022-08-11 16:41:31.435] [warning] Couldn't find file 'tibia_r.vtp'.
[2022-08-11 16:41:31.435] [warning] Couldn't find file 'r_fibula.vtp'.
[2022-08-11 16:41:31.435] [warning] Couldn't find file 'l_talus.vtp'.
[2022-08-11 16:41:31.435] [warning] Couldn't find file 'r_talus.vtp'.
[2022-08-11 16:41:31.435] [warning] Couldn't find file 'l_foot.vtp'.
[2022-08-11 16:41:31.436] [warning] Couldn't find file 'r_foot.vtp'.
[2022-08-11 16:41:31.436] [warning] Couldn't find file 'l_bofoot.vtp'.
[2022-08-11 16:41:31.436] [warning] Couldn't find file 'r_bofoot.vtp'.
[2022-08-11 16:41:31.436] [warning] Couldn't find file 'block.vtp'.
[2022-08-11 16:41:31.436] [warning] Couldn't find file 'block.vtp'.
[2022-08-11 16:41:31.437] [warning] Couldn't find file 'hat_spine.vtp'.
[2022-08-11 16:41:31.437] [warning] Couldn't find file 'hat_jaw.vtp'.
[2022-08-11 16:41:31.437] [warning] Couldn't find file 'hat_skull.vtp'.
[2022-08-11 16:41:31.437] [warning] Couldn't find file 'hat_ribs.vtp'.
[2022-08-11 16:41:31.471] [info] Loaded model model_scaled from file C:\Users\danie\Documents\GitHub\ergonomics\Examples\SitToStand - Copy\model.osim
[2022-08-11 16:41:31.471] [warning] Couldn't find file 'r_pelvis.vtp'.
[2022-08-11 16:41:31.471] [warning] Couldn't find file 'l_pelvis.vtp'.
[2022-08-11 16:41:31.472] [warning] Couldn't find file 'sacrum.vtp'.
[2022-08-11 16:41:31.472] [warning] Couldn't find file 'femur_l.vtp'.
[2022-08-11 16:41:31.472] [warning] Couldn't find file 'femur_r.vtp'.
[2022-08-11 16:41:31.472] [warning] Couldn't find file 'tibia_l.vtp'.
[2022-08-11 16:41:31.472] [warning] Couldn't find file 'l_fibula.vtp'.
[2022-08-11 16:41:31.473] [warning] Couldn't find file 'tibia_r.vtp'.
[2022-08-11 16:41:31.473] [warning] Couldn't find file 'r_fibula.vtp'.
[2022-08-11 16:41:31.473] [warning] Couldn't find file 'l_talus.vtp'.
[2022-08-11 16:41:31.473] [warning] Couldn't find file 'r_talus.vtp'.
[2022-08-11 16:41:31.473] [warning] Couldn't find file 'l_foot.vtp'.
[2022-08-11 16:41:31.474] [warning] Couldn't find file 'r_foot.vtp'.
[2022-08-11 16:41:31.474] [warning] Couldn't find file 'l_bofoot.vtp'.
[2022-08-11 16:41:31.474] [warning] Couldn't find file 'r_bofoot.vtp'.
[2022-08-11 16:41:31.474] [warning] Couldn't find file 'block.vtp'.
[2022-08-11 16:41:31.474] [warning] Couldn't find file 'block.vtp'.
[2022-08-11 16:41:31.475] [warning] Couldn't find file 'hat_spine.vtp'.
[2022-08-11 16:41:31.475] [warning] Couldn't find file 'hat_jaw.vtp'.
[2022-08-11 16:41:31.475] [warning] Couldn't find file 'hat_skull.vtp'.
[2022-08-11 16:41:31.475] [warning] Couldn't find file 'hat_ribs.vtp'.
[2022-08-11 16:41:31.509] [info] Loaded model model_scaled from file C:\Users\danie\Documents\GitHub\ergonomics\Examples\SitToStand - Copy\model.osim
[2022-08-11 16:41:31.509] [warning] Couldn't find file 'r_pelvis.vtp'.
[2022-08-11 16:41:31.509] [warning] Couldn't find file 'l_pelvis.vtp'.
[2022-08-11 16:41:31.509] [warning] Couldn't find file 'sacrum.vtp'.
[2022-08-11 16:41:31.510] [warning] Couldn't find file 'femur_l.vtp'.
[2022-08-11 16:41:31.510] [warning] Couldn't find file 'femur_r.vtp'.
[2022-08-11 16:41:31.510] [warning] Couldn't find file 'tibia_l.vtp'.
[2022-08-11 16:41:31.510] [warning] Couldn't find file 'l_fibula.vtp'.
[2022-08-11 16:41:31.511] [warning] Couldn't find file 'tibia_r.vtp'.
[2022-08-11 16:41:31.511] [warning] Couldn't find file 'r_fibula.vtp'.
[2022-08-11 16:41:31.511] [warning] Couldn't find file 'l_talus.vtp'.
[2022-08-11 16:41:31.511] [warning] Couldn't find file 'r_talus.vtp'.
[2022-08-11 16:41:31.511] [warning] Couldn't find file 'l_foot.vtp'.
[2022-08-11 16:41:31.512] [warning] Couldn't find file 'r_foot.vtp'.
[2022-08-11 16:41:31.512] [warning] Couldn't find file 'l_bofoot.vtp'.
[2022-08-11 16:41:31.512] [warning] Couldn't find file 'r_bofoot.vtp'.
[2022-08-11 16:41:31.512] [warning] Couldn't find file 'block.vtp'.
[2022-08-11 16:41:31.512] [warning] Couldn't find file 'block.vtp'.
[2022-08-11 16:41:31.513] [warning] Couldn't find file 'hat_spine.vtp'.
[2022-08-11 16:41:31.513] [warning] Couldn't find file 'hat_jaw.vtp'.
[2022-08-11 16:41:31.513] [warning] Couldn't find file 'hat_skull.vtp'.
[2022-08-11 16:41:31.513] [warning] Couldn't find file 'hat_ribs.vtp'.
[2022-08-11 16:41:31.548] [info] Loaded model model_scaled from file C:\Users\danie\Documents\GitHub\ergonomics\Examples\SitToStand - Copy\model.osim
[2022-08-11 16:41:31.548] [warning] Couldn't find file 'r_pelvis.vtp'.
[2022-08-11 16:41:31.549] [warning] Couldn't find file 'l_pelvis.vtp'.
[2022-08-11 16:41:31.549] [warning] Couldn't find file 'sacrum.vtp'.
[2022-08-11 16:41:31.549] [warning] Couldn't find file 'femur_l.vtp'.
[2022-08-11 16:41:31.549] [warning] Couldn't find file 'femur_r.vtp'.
[2022-08-11 16:41:31.550] [warning] Couldn't find file 'tibia_l.vtp'.
[2022-08-11 16:41:31.550] [warning] Couldn't find file 'l_fibula.vtp'.
[2022-08-11 16:41:31.550] [warning] Couldn't find file 'tibia_r.vtp'.
[2022-08-11 16:41:31.550] [warning] Couldn't find file 'r_fibula.vtp'.
[2022-08-11 16:41:31.550] [warning] Couldn't find file 'l_talus.vtp'.
[2022-08-11 16:41:31.551] [warning] Couldn't find file 'r_talus.vtp'.
[2022-08-11 16:41:31.551] [warning] Couldn't find file 'l_foot.vtp'.
[2022-08-11 16:41:31.551] [warning] Couldn't find file 'r_foot.vtp'.
[2022-08-11 16:41:31.551] [warning] Couldn't find file 'l_bofoot.vtp'.
[2022-08-11 16:41:31.551] [warning] Couldn't find file 'r_bofoot.vtp'.
[2022-08-11 16:41:31.552] [warning] Couldn't find file 'block.vtp'.
[2022-08-11 16:41:31.552] [warning] Couldn't find file 'block.vtp'.
[2022-08-11 16:41:31.552] [warning] Couldn't find file 'hat_spine.vtp'.
[2022-08-11 16:41:31.552] [warning] Couldn't find file 'hat_jaw.vtp'.
[2022-08-11 16:41:31.552] [warning] Couldn't find file 'hat_skull.vtp'.
[2022-08-11 16:41:31.553] [warning] Couldn't find file 'hat_ribs.vtp'.
[2022-08-11 16:41:31.581] [info] Number of threads: 12
[2022-08-11 16:49:54.899] [info] Loaded model model_scaled from file C:\Users\danie\Documents\GitHub\ergonomics\Examples\SitToStand - Copy\model.osim
[2022-08-11 16:49:54.900] [warning] Couldn't find file 'r_pelvis.vtp'.
[2022-08-11 16:49:54.901] [warning] Couldn't find file 'l_pelvis.vtp'.
[2022-08-11 16:49:54.901] [warning] Couldn't find file 'sacrum.vtp'.
[2022-08-11 16:49:54.901] [warning] Couldn't find file 'femur_l.vtp'.
[2022-08-11 16:49:54.901] [warning] Couldn't find file 'femur_r.vtp'.
[2022-08-11 16:49:54.901] [warning] Couldn't find file 'tibia_l.vtp'.
[2022-08-11 16:49:54.902] [warning] Couldn't find file 'l_fibula.vtp'.
[2022-08-11 16:49:54.902] [warning] Couldn't find file 'tibia_r.vtp'.
[2022-08-11 16:49:54.902] [warning] Couldn't find file 'r_fibula.vtp'.
[2022-08-11 16:49:54.902] [warning] Couldn't find file 'l_talus.vtp'.
[2022-08-11 16:49:54.902] [warning] Couldn't find file 'r_talus.vtp'.
[2022-08-11 16:49:54.903] [warning] Couldn't find file 'l_foot.vtp'.
[2022-08-11 16:49:54.903] [warning] Couldn't find file 'r_foot.vtp'.
[2022-08-11 16:49:54.903] [warning] Couldn't find file 'l_bofoot.vtp'.
[2022-08-11 16:49:54.903] [warning] Couldn't find file 'r_bofoot.vtp'.
[2022-08-11 16:49:54.903] [warning] Couldn't find file 'block.vtp'.
[2022-08-11 16:49:54.904] [warning] Couldn't find file 'block.vtp'.
[2022-08-11 16:49:54.904] [warning] Couldn't find file 'hat_spine.vtp'.
[2022-08-11 16:49:54.904] [warning] Couldn't find file 'hat_jaw.vtp'.
[2022-08-11 16:49:54.904] [warning] Couldn't find file 'hat_skull.vtp'.
[2022-08-11 16:49:54.904] [warning] Couldn't find file 'hat_ribs.vtp'.
[2022-08-11 16:49:54.914] [info] Loaded model model_scaled from file C:\Users\danie\Documents\GitHub\ergonomics\Examples\SitToStand - Copy\model.osim
[2022-08-11 16:49:54.914] [warning] Couldn't find file 'r_pelvis.vtp'.
[2022-08-11 16:49:54.914] [warning] Couldn't find file 'l_pelvis.vtp'.
[2022-08-11 16:49:54.914] [warning] Couldn't find file 'sacrum.vtp'.
[2022-08-11 16:49:54.915] [warning] Couldn't find file 'femur_l.vtp'.
[2022-08-11 16:49:54.915] [warning] Couldn't find file 'femur_r.vtp'.
[2022-08-11 16:49:54.915] [warning] Couldn't find file 'tibia_l.vtp'.
[2022-08-11 16:49:54.915] [warning] Couldn't find file 'l_fibula.vtp'.
[2022-08-11 16:49:54.916] [warning] Couldn't find file 'tibia_r.vtp'.
[2022-08-11 16:49:54.916] [warning] Couldn't find file 'r_fibula.vtp'.
[2022-08-11 16:49:54.916] [warning] Couldn't find file 'l_talus.vtp'.
[2022-08-11 16:49:54.916] [warning] Couldn't find file 'r_talus.vtp'.
[2022-08-11 16:49:54.916] [warning] Couldn't find file 'l_foot.vtp'.
[2022-08-11 16:49:54.916] [warning] Couldn't find file 'r_foot.vtp'.
[2022-08-11 16:49:54.917] [warning] Couldn't find file 'l_bofoot.vtp'.
[2022-08-11 16:49:54.917] [warning] Couldn't find file 'r_bofoot.vtp'.
[2022-08-11 16:49:54.917] [warning] Couldn't find file 'block.vtp'.
[2022-08-11 16:49:54.917] [warning] Couldn't find file 'block.vtp'.
[2022-08-11 16:49:54.918] [warning] Couldn't find file 'hat_spine.vtp'.
[2022-08-11 16:49:54.918] [warning] Couldn't find file 'hat_jaw.vtp'.
[2022-08-11 16:49:54.918] [warning] Couldn't find file 'hat_skull.vtp'.
[2022-08-11 16:49:54.918] [warning] Couldn't find file 'hat_ribs.vtp'.
[2022-08-11 16:49:54.954] [info] Loaded model model_scaled from file C:\Users\danie\Documents\GitHub\ergonomics\Examples\SitToStand - Copy\model.osim
[2022-08-11 16:49:54.954] [warning] Couldn't find file 'r_pelvis.vtp'.
[2022-08-11 16:49:54.954] [warning] Couldn't find file 'l_pelvis.vtp'.
[2022-08-11 16:49:54.955] [warning] Couldn't find file 'sacrum.vtp'.
[2022-08-11 16:49:54.955] [warning] Couldn't find file 'femur_l.vtp'.
[2022-08-11 16:49:54.955] [warning] Couldn't find file 'femur_r.vtp'.
[2022-08-11 16:49:54.955] [warning] Couldn't find file 'tibia_l.vtp'.
[2022-08-11 16:49:54.955] [warning] Couldn't find file 'l_fibula.vtp'.
[2022-08-11 16:49:54.956] [warning] Couldn't find file 'tibia_r.vtp'.
[2022-08-11 16:49:54.956] [warning] Couldn't find file 'r_fibula.vtp'.
[2022-08-11 16:49:54.956] [warning] Couldn't find file 'l_talus.vtp'.
[2022-08-11 16:49:54.956] [warning] Couldn't find file 'r_talus.vtp'.
[2022-08-11 16:49:54.956] [warning] Couldn't find file 'l_foot.vtp'.
[2022-08-11 16:49:54.957] [warning] Couldn't find file 'r_foot.vtp'.
[2022-08-11 16:49:54.957] [warning] Couldn't find file 'l_bofoot.vtp'.
[2022-08-11 16:49:54.957] [warning] Couldn't find file 'r_bofoot.vtp'.
[2022-08-11 16:49:54.957] [warning] Couldn't find file 'block.vtp'.
[2022-08-11 16:49:54.958] [warning] Couldn't find file 'block.vtp'.
[2022-08-11 16:49:54.958] [warning] Couldn't find file 'hat_spine.vtp'.
[2022-08-11 16:49:54.958] [warning] Couldn't find file 'hat_jaw.vtp'.
[2022-08-11 16:49:54.958] [warning] Couldn't find file 'hat_skull.vtp'.
[2022-08-11 16:49:54.958] [warning] Couldn't find file 'hat_ribs.vtp'.
[2022-08-11 16:49:54.996] [info] Loaded model model_scaled from file C:\Users\danie\Documents\GitHub\ergonomics\Examples\SitToStand - Copy\model.osim
[2022-08-11 16:49:54.996] [warning] Couldn't find file 'r_pelvis.vtp'.
[2022-08-11 16:49:54.997] [warning] Couldn't find file 'l_pelvis.vtp'.
[2022-08-11 16:49:54.997] [warning] Couldn't find file 'sacrum.vtp'.
[2022-08-11 16:49:54.997] [warning] Couldn't find file 'femur_l.vtp'.
[2022-08-11 16:49:54.997] [warning] Couldn't find file 'femur_r.vtp'.
[2022-08-11 16:49:54.997] [warning] Couldn't find file 'tibia_l.vtp'.
[2022-08-11 16:49:54.998] [warning] Couldn't find file 'l_fibula.vtp'.
[2022-08-11 16:49:54.998] [warning] Couldn't find file 'tibia_r.vtp'.
[2022-08-11 16:49:54.998] [warning] Couldn't find file 'r_fibula.vtp'.
[2022-08-11 16:49:54.998] [warning] Couldn't find file 'l_talus.vtp'.
[2022-08-11 16:49:54.998] [warning] Couldn't find file 'r_talus.vtp'.
[2022-08-11 16:49:54.999] [warning] Couldn't find file 'l_foot.vtp'.
[2022-08-11 16:49:54.999] [warning] Couldn't find file 'r_foot.vtp'.
[2022-08-11 16:49:54.999] [warning] Couldn't find file 'l_bofoot.vtp'.
[2022-08-11 16:49:54.999] [warning] Couldn't find file 'r_bofoot.vtp'.
[2022-08-11 16:49:55.000] [warning] Couldn't find file 'block.vtp'.
[2022-08-11 16:49:55.000] [warning] Couldn't find file 'block.vtp'.
[2022-08-11 16:49:55.000] [warning] Couldn't find file 'hat_spine.vtp'.
[2022-08-11 16:49:55.000] [warning] Couldn't find file 'hat_jaw.vtp'.
[2022-08-11 16:49:55.000] [warning] Couldn't find file 'hat_skull.vtp'.
[2022-08-11 16:49:55.000] [warning] Couldn't find file 'hat_ribs.vtp'.
[2022-08-11 16:49:55.036] [info] Loaded model model_scaled from file C:\Users\danie\Documents\GitHub\ergonomics\Examples\SitToStand - Copy\model.osim
[2022-08-11 16:49:55.036] [warning] Couldn't find file 'r_pelvis.vtp'.
[2022-08-11 16:49:55.036] [warning] Couldn't find file 'l_pelvis.vtp'.
[2022-08-11 16:49:55.037] [warning] Couldn't find file 'sacrum.vtp'.
[2022-08-11 16:49:55.037] [warning] Couldn't find file 'femur_l.vtp'.
[2022-08-11 16:49:55.037] [warning] Couldn't find file 'femur_r.vtp'.
[2022-08-11 16:49:55.037] [warning] Couldn't find file 'tibia_l.vtp'.
[2022-08-11 16:49:55.037] [warning] Couldn't find file 'l_fibula.vtp'.
[2022-08-11 16:49:55.038] [warning] Couldn't find file 'tibia_r.vtp'.
[2022-08-11 16:49:55.038] [warning] Couldn't find file 'r_fibula.vtp'.
[2022-08-11 16:49:55.038] [warning] Couldn't find file 'l_talus.vtp'.
[2022-08-11 16:49:55.038] [warning] Couldn't find file 'r_talus.vtp'.
[2022-08-11 16:49:55.039] [warning] Couldn't find file 'l_foot.vtp'.
[2022-08-11 16:49:55.039] [warning] Couldn't find file 'r_foot.vtp'.
[2022-08-11 16:49:55.039] [warning] Couldn't find file 'l_bofoot.vtp'.
[2022-08-11 16:49:55.039] [warning] Couldn't find file 'r_bofoot.vtp'.
[2022-08-11 16:49:55.039] [warning] Couldn't find file 'block.vtp'.
[2022-08-11 16:49:55.040] [warning] Couldn't find file 'block.vtp'.
[2022-08-11 16:49:55.040] [warning] Couldn't find file 'hat_spine.vtp'.
[2022-08-11 16:49:55.040] [warning] Couldn't find file 'hat_jaw.vtp'.
[2022-08-11 16:49:55.040] [warning] Couldn't find file 'hat_skull.vtp'.
[2022-08-11 16:49:55.040] [warning] Couldn't find file 'hat_ribs.vtp'.
[2022-08-11 16:49:55.075] [info] Loaded model model_scaled from file C:\Users\danie\Documents\GitHub\ergonomics\Examples\SitToStand - Copy\model.osim
[2022-08-11 16:49:55.075] [warning] Couldn't find file 'r_pelvis.vtp'.
[2022-08-11 16:49:55.076] [warning] Couldn't find file 'l_pelvis.vtp'.
[2022-08-11 16:49:55.076] [warning] Couldn't find file 'sacrum.vtp'.
[2022-08-11 16:49:55.076] [warning] Couldn't find file 'femur_l.vtp'.
[2022-08-11 16:49:55.076] [warning] Couldn't find file 'femur_r.vtp'.
[2022-08-11 16:49:55.076] [warning] Couldn't find file 'tibia_l.vtp'.
[2022-08-11 16:49:55.077] [warning] Couldn't find file 'l_fibula.vtp'.
[2022-08-11 16:49:55.077] [warning] Couldn't find file 'tibia_r.vtp'.
[2022-08-11 16:49:55.077] [warning] Couldn't find file 'r_fibula.vtp'.
[2022-08-11 16:49:55.077] [warning] Couldn't find file 'l_talus.vtp'.
[2022-08-11 16:49:55.078] [warning] Couldn't find file 'r_talus.vtp'.
[2022-08-11 16:49:55.078] [warning] Couldn't find file 'l_foot.vtp'.
[2022-08-11 16:49:55.078] [warning] Couldn't find file 'r_foot.vtp'.
[2022-08-11 16:49:55.078] [warning] Couldn't find file 'l_bofoot.vtp'.
[2022-08-11 16:49:55.078] [warning] Couldn't find file 'r_bofoot.vtp'.
[2022-08-11 16:49:55.079] [warning] Couldn't find file 'block.vtp'.
[2022-08-11 16:49:55.079] [warning] Couldn't find file 'block.vtp'.
[2022-08-11 16:49:55.079] [warning] Couldn't find file 'hat_spine.vtp'.
[2022-08-11 16:49:55.079] [warning] Couldn't find file 'hat_jaw.vtp'.
[2022-08-11 16:49:55.079] [warning] Couldn't find file 'hat_skull.vtp'.
[2022-08-11 16:49:55.080] [warning] Couldn't find file 'hat_ribs.vtp'.
[2022-08-11 16:49:55.109] [info] ========================================================================
[2022-08-11 16:49:55.109] [info] MocoCasADiSolver starting.
[2022-08-11 16:49:55.109] [info] Thu Aug 11 16:49:55 2022
[2022-08-11 16:49:55.109] [info] ------------------------------------------------------------------------
[2022-08-11 16:49:55.109] [cout] [info] Costs: (total: 2)
[2022-08-11 16:49:55.110] [cout] [info]   effort. MocoControlGoal, enabled: true, mode: cost, weight: 1.0
[2022-08-11 16:49:55.110] [cout] [info]         control: /lumbarAct, weight: 1.0
[2022-08-11 16:49:55.110] [cout] [info]         control: /r_hip_act, weight: 1.0
[2022-08-11 16:49:55.110] [cout] [info]         control: /l_hip_act, weight: 1.0
[2022-08-11 16:49:55.110] [cout] [info]         control: /r_knee_act, weight: 1.0
[2022-08-11 16:49:55.110] [cout] [info]         control: /l_knee_act, weight: 1.0
[2022-08-11 16:49:55.110] [cout] [info]         control: /r_ankle_act, weight: 1.0
[2022-08-11 16:49:55.111] [cout] [info]         control: /l_ankle_act, weight: 1.0
[2022-08-11 16:49:55.111] [cout] [info]   ankle. MocoJointReactionGoal, enabled: true, mode: cost, weight: -1.63262e-231
[2022-08-11 16:49:55.111] [cout] [info]         joint path: 
[2022-08-11 16:49:55.111] [cout] [info]         loads frame: 
[2022-08-11 16:49:55.111] [cout] [info]         expressed: 
[2022-08-11 16:49:55.111] [cout] [info]         reaction measures: 
[2022-08-11 16:49:55.111] [cout] [info]         reaction weights: 1.0, 1.0, 1.0, 1.0, 1.0, 1.0
[2022-08-11 16:49:55.111] [cout] [info] Endpoint constraints: none
[2022-08-11 16:49:55.111] [cout] [info] Kinematic constraints: (total: 3)
[2022-08-11 16:49:55.111] [cout] [info]   kinematic_constraint_cid10. MocoConstraintInfo. number of scalar equations: 3. bounds: 0, 0, 0
[2022-08-11 16:49:55.112] [cout] [info]   kinematic_constraint_cid11. MocoConstraintInfo. number of scalar equations: 3. bounds: 0, 0, 0
[2022-08-11 16:49:55.112] [cout] [info]   kinematic_constraint_cid12. MocoConstraintInfo. number of scalar equations: 3. bounds: 0, 0, 0
[2022-08-11 16:49:55.112] [cout] [info] Path constraints: none
[2022-08-11 16:49:55.112] [cout] [info] States: (total: 27)
[2022-08-11 16:49:55.112] [cout] [info]   /jointset/groundPelvis/pelvis_tilt/value. bounds: [0, 0.872665] initial: 0.233176 final: 0
[2022-08-11 16:49:55.112] [cout] [info]   /jointset/groundPelvis/pelvis_tx/value. bounds: [-2, 2] initial: -0.106
[2022-08-11 16:49:55.112] [cout] [info]   /jointset/groundPelvis/pelvis_ty/value. bounds: [0, 2] initial: 0.754
[2022-08-11 16:49:55.112] [cout] [info]   /jointset/knee_l/knee_angle_l/speed. bounds: [-6.28319, 6.28319] initial: 0
[2022-08-11 16:49:55.112] [cout] [info]   /jointset/hip_l/hip_flexion_l/value. bounds: [-3.14159, 3.14159] initial: 1.07317 final: 0
[2022-08-11 16:49:55.112] [cout] [info]   /l_hip_act/activation. bounds: [-1, 1]
[2022-08-11 16:49:55.112] [cout] [info]   /jointset/ankle_r/ankle_angle_r/value. bounds: [-3.14159, 3.14159] initial: 0.261799 final: 0
[2022-08-11 16:49:55.112] [cout] [info]   /jointset/hip_r/hip_flexion_r/value. bounds: [-3.14159, 3.14159] initial: 1.07317 final: 0
[2022-08-11 16:49:55.112] [cout] [info]   /jointset/knee_l/knee_angle_l/value. bounds: [-3.14159, 3.14159] initial: -1.5708 final: 0
[2022-08-11 16:49:55.112] [cout] [info]   /jointset/knee_r/knee_angle_r/value. bounds: [-3.14159, 3.14159] initial: -1.5708 final: 0
[2022-08-11 16:49:55.112] [cout] [info]   /jointset/knee_r/knee_angle_r/speed. bounds: [-6.28319, 6.28319] initial: 0
[2022-08-11 16:49:55.113] [cout] [info]   /jointset/ankle_l/ankle_angle_l/value. bounds: [-3.14159, 3.14159] initial: 0.261799 final: 0
[2022-08-11 16:49:55.113] [cout] [info]   /jointset/lumbar/lumbar/value. bounds: [-3.14159, 3.14159] initial: -0.652544 final: 0
[2022-08-11 16:49:55.113] [cout] [info]   /jointset/groundPelvis/pelvis_tilt/speed. bounds: [-6.28319, 6.28319] initial: 0
[2022-08-11 16:49:55.113] [cout] [info]   /jointset/groundPelvis/pelvis_tx/speed. bounds: [-5, 5] initial: 0
[2022-08-11 16:49:55.113] [cout] [info]   /jointset/groundPelvis/pelvis_ty/speed. bounds: [-2, 10] initial: 0
[2022-08-11 16:49:55.113] [cout] [info]   /jointset/hip_l/hip_flexion_l/speed. bounds: [-6.28319, 6.28319] initial: 0
[2022-08-11 16:49:55.113] [cout] [info]   /l_ankle_act/activation. bounds: [-1, 1]
[2022-08-11 16:49:55.113] [cout] [info]   /jointset/ankle_r/ankle_angle_r/speed. bounds: [-6.28319, 6.28319] initial: 0
[2022-08-11 16:49:55.113] [cout] [info]   /jointset/hip_r/hip_flexion_r/speed. bounds: [-6.28319, 6.28319] initial: 0
[2022-08-11 16:49:55.113] [cout] [info]   /jointset/ankle_l/ankle_angle_l/speed. bounds: [-6.28319, 6.28319] initial: 0
[2022-08-11 16:49:55.113] [cout] [info]   /jointset/lumbar/lumbar/speed. bounds: [-6.28319, 6.28319] initial: 0
[2022-08-11 16:49:55.113] [cout] [info]   /lumbarAct/activation. bounds: [-1, 1]
[2022-08-11 16:49:55.113] [cout] [info]   /r_hip_act/activation. bounds: [-1, 1]
[2022-08-11 16:49:55.114] [cout] [info]   /r_knee_act/activation. bounds: [-1, 1]
[2022-08-11 16:49:55.114] [cout] [info]   /l_knee_act/activation. bounds: [-1, 1]
[2022-08-11 16:49:55.114] [cout] [info]   /r_ankle_act/activation. bounds: [-1, 1]
[2022-08-11 16:49:55.114] [cout] [info] Controls: (total: 7)
[2022-08-11 16:49:55.114] [cout] [info]   /lumbarAct. bounds: [-1, 1]
[2022-08-11 16:49:55.114] [cout] [info]   /r_hip_act. bounds: [-1, 1]
[2022-08-11 16:49:55.114] [cout] [info]   /r_ankle_act. bounds: [-1, 1]
[2022-08-11 16:49:55.114] [cout] [info]   /l_knee_act. bounds: [-1, 1]
[2022-08-11 16:49:55.114] [cout] [info]   /l_hip_act. bounds: [-1, 1]
[2022-08-11 16:49:55.114] [cout] [info]   /l_ankle_act. bounds: [-1, 1]
[2022-08-11 16:49:55.114] [cout] [info]   /r_knee_act. bounds: [-1, 1]
[2022-08-11 16:49:55.114] [cout] [info] Parameters: none
[2022-08-11 16:49:55.120] [info] Loaded model model_scaled from file C:\Users\danie\Documents\GitHub\ergonomics\Examples\SitToStand - Copy\model.osim
[2022-08-11 16:49:55.121] [warning] Couldn't find file 'r_pelvis.vtp'.
[2022-08-11 16:49:55.121] [warning] Couldn't find file 'l_pelvis.vtp'.
[2022-08-11 16:49:55.121] [warning] Couldn't find file 'sacrum.vtp'.
[2022-08-11 16:49:55.121] [warning] Couldn't find file 'femur_l.vtp'.
[2022-08-11 16:49:55.122] [warning] Couldn't find file 'femur_r.vtp'.
[2022-08-11 16:49:55.122] [warning] Couldn't find file 'tibia_l.vtp'.
[2022-08-11 16:49:55.122] [warning] Couldn't find file 'l_fibula.vtp'.
[2022-08-11 16:49:55.122] [warning] Couldn't find file 'tibia_r.vtp'.
[2022-08-11 16:49:55.122] [warning] Couldn't find file 'r_fibula.vtp'.
[2022-08-11 16:49:55.123] [warning] Couldn't find file 'l_talus.vtp'.
[2022-08-11 16:49:55.123] [warning] Couldn't find file 'r_talus.vtp'.
[2022-08-11 16:49:55.123] [warning] Couldn't find file 'l_foot.vtp'.
[2022-08-11 16:49:55.123] [warning] Couldn't find file 'r_foot.vtp'.
[2022-08-11 16:49:55.124] [warning] Couldn't find file 'l_bofoot.vtp'.
[2022-08-11 16:49:55.124] [warning] Couldn't find file 'r_bofoot.vtp'.
[2022-08-11 16:49:55.124] [warning] Couldn't find file 'block.vtp'.
[2022-08-11 16:49:55.124] [warning] Couldn't find file 'block.vtp'.
[2022-08-11 16:49:55.124] [warning] Couldn't find file 'hat_spine.vtp'.
[2022-08-11 16:49:55.125] [warning] Couldn't find file 'hat_jaw.vtp'.
[2022-08-11 16:49:55.125] [warning] Couldn't find file 'hat_skull.vtp'.
[2022-08-11 16:49:55.125] [warning] Couldn't find file 'hat_ribs.vtp'.
[2022-08-11 16:49:55.159] [info] Loaded model model_scaled from file C:\Users\danie\Documents\GitHub\ergonomics\Examples\SitToStand - Copy\model.osim
[2022-08-11 16:49:55.159] [warning] Couldn't find file 'r_pelvis.vtp'.
[2022-08-11 16:49:55.159] [warning] Couldn't find file 'l_pelvis.vtp'.
[2022-08-11 16:49:55.159] [warning] Couldn't find file 'sacrum.vtp'.
[2022-08-11 16:49:55.160] [warning] Couldn't find file 'femur_l.vtp'.
[2022-08-11 16:49:55.160] [warning] Couldn't find file 'femur_r.vtp'.
[2022-08-11 16:49:55.160] [warning] Couldn't find file 'tibia_l.vtp'.
[2022-08-11 16:49:55.160] [warning] Couldn't find file 'l_fibula.vtp'.
[2022-08-11 16:49:55.160] [warning] Couldn't find file 'tibia_r.vtp'.
[2022-08-11 16:49:55.161] [warning] Couldn't find file 'r_fibula.vtp'.
[2022-08-11 16:49:55.161] [warning] Couldn't find file 'l_talus.vtp'.
[2022-08-11 16:49:55.161] [warning] Couldn't find file 'r_talus.vtp'.
[2022-08-11 16:49:55.161] [warning] Couldn't find file 'l_foot.vtp'.
[2022-08-11 16:49:55.162] [warning] Couldn't find file 'r_foot.vtp'.
[2022-08-11 16:49:55.162] [warning] Couldn't find file 'l_bofoot.vtp'.
[2022-08-11 16:49:55.162] [warning] Couldn't find file 'r_bofoot.vtp'.
[2022-08-11 16:49:55.162] [warning] Couldn't find file 'block.vtp'.
[2022-08-11 16:49:55.162] [warning] Couldn't find file 'block.vtp'.
[2022-08-11 16:49:55.163] [warning] Couldn't find file 'hat_spine.vtp'.
[2022-08-11 16:49:55.163] [warning] Couldn't find file 'hat_jaw.vtp'.
[2022-08-11 16:49:55.163] [warning] Couldn't find file 'hat_skull.vtp'.
[2022-08-11 16:49:55.163] [warning] Couldn't find file 'hat_ribs.vtp'.
[2022-08-11 16:49:55.198] [info] Loaded model model_scaled from file C:\Users\danie\Documents\GitHub\ergonomics\Examples\SitToStand - Copy\model.osim
[2022-08-11 16:49:55.198] [warning] Couldn't find file 'r_pelvis.vtp'.
[2022-08-11 16:49:55.198] [warning] Couldn't find file 'l_pelvis.vtp'.
[2022-08-11 16:49:55.198] [warning] Couldn't find file 'sacrum.vtp'.
[2022-08-11 16:49:55.199] [warning] Couldn't find file 'femur_l.vtp'.
[2022-08-11 16:49:55.199] [warning] Couldn't find file 'femur_r.vtp'.
[2022-08-11 16:49:55.199] [warning] Couldn't find file 'tibia_l.vtp'.
[2022-08-11 16:49:55.199] [warning] Couldn't find file 'l_fibula.vtp'.
[2022-08-11 16:49:55.200] [warning] Couldn't find file 'tibia_r.vtp'.
[2022-08-11 16:49:55.200] [warning] Couldn't find file 'r_fibula.vtp'.
[2022-08-11 16:49:55.200] [warning] Couldn't find file 'l_talus.vtp'.
[2022-08-11 16:49:55.200] [warning] Couldn't find file 'r_talus.vtp'.
[2022-08-11 16:49:55.200] [warning] Couldn't find file 'l_foot.vtp'.
[2022-08-11 16:49:55.201] [warning] Couldn't find file 'r_foot.vtp'.
[2022-08-11 16:49:55.201] [warning] Couldn't find file 'l_bofoot.vtp'.
[2022-08-11 16:49:55.201] [warning] Couldn't find file 'r_bofoot.vtp'.
[2022-08-11 16:49:55.201] [warning] Couldn't find file 'block.vtp'.
[2022-08-11 16:49:55.201] [warning] Couldn't find file 'block.vtp'.
[2022-08-11 16:49:55.202] [warning] Couldn't find file 'hat_spine.vtp'.
[2022-08-11 16:49:55.202] [warning] Couldn't find file 'hat_jaw.vtp'.
[2022-08-11 16:49:55.202] [warning] Couldn't find file 'hat_skull.vtp'.
[2022-08-11 16:49:55.202] [warning] Couldn't find file 'hat_ribs.vtp'.
[2022-08-11 16:49:55.236] [info] Loaded model model_scaled from file C:\Users\danie\Documents\GitHub\ergonomics\Examples\SitToStand - Copy\model.osim
[2022-08-11 16:49:55.237] [warning] Couldn't find file 'r_pelvis.vtp'.
[2022-08-11 16:49:55.237] [warning] Couldn't find file 'l_pelvis.vtp'.
[2022-08-11 16:49:55.237] [warning] Couldn't find file 'sacrum.vtp'.
[2022-08-11 16:49:55.237] [warning] Couldn't find file 'femur_l.vtp'.
[2022-08-11 16:49:55.238] [warning] Couldn't find file 'femur_r.vtp'.
[2022-08-11 16:49:55.238] [warning] Couldn't find file 'tibia_l.vtp'.
[2022-08-11 16:49:55.238] [warning] Couldn't find file 'l_fibula.vtp'.
[2022-08-11 16:49:55.238] [warning] Couldn't find file 'tibia_r.vtp'.
[2022-08-11 16:49:55.238] [warning] Couldn't find file 'r_fibula.vtp'.
[2022-08-11 16:49:55.239] [warning] Couldn't find file 'l_talus.vtp'.
[2022-08-11 16:49:55.239] [warning] Couldn't find file 'r_talus.vtp'.
[2022-08-11 16:49:55.239] [warning] Couldn't find file 'l_foot.vtp'.
[2022-08-11 16:49:55.239] [warning] Couldn't find file 'r_foot.vtp'.
[2022-08-11 16:49:55.239] [warning] Couldn't find file 'l_bofoot.vtp'.
[2022-08-11 16:49:55.240] [warning] Couldn't find file 'r_bofoot.vtp'.
[2022-08-11 16:49:55.240] [warning] Couldn't find file 'block.vtp'.
[2022-08-11 16:49:55.240] [warning] Couldn't find file 'block.vtp'.
[2022-08-11 16:49:55.240] [warning] Couldn't find file 'hat_spine.vtp'.
[2022-08-11 16:49:55.240] [warning] Couldn't find file 'hat_jaw.vtp'.
[2022-08-11 16:49:55.240] [warning] Couldn't find file 'hat_skull.vtp'.
[2022-08-11 16:49:55.241] [warning] Couldn't find file 'hat_ribs.vtp'.
[2022-08-11 16:49:55.274] [info] Loaded model model_scaled from file C:\Users\danie\Documents\GitHub\ergonomics\Examples\SitToStand - Copy\model.osim
[2022-08-11 16:49:55.275] [warning] Couldn't find file 'r_pelvis.vtp'.
[2022-08-11 16:49:55.275] [warning] Couldn't find file 'l_pelvis.vtp'.
[2022-08-11 16:49:55.275] [warning] Couldn't find file 'sacrum.vtp'.
[2022-08-11 16:49:55.275] [warning] Couldn't find file 'femur_l.vtp'.
[2022-08-11 16:49:55.276] [warning] Couldn't find file 'femur_r.vtp'.
[2022-08-11 16:49:55.276] [warning] Couldn't find file 'tibia_l.vtp'.
[2022-08-11 16:49:55.276] [warning] Couldn't find file 'l_fibula.vtp'.
[2022-08-11 16:49:55.276] [warning] Couldn't find file 'tibia_r.vtp'.
[2022-08-11 16:49:55.276] [warning] Couldn't find file 'r_fibula.vtp'.
[2022-08-11 16:49:55.277] [warning] Couldn't find file 'l_talus.vtp'.
[2022-08-11 16:49:55.277] [warning] Couldn't find file 'r_talus.vtp'.
[2022-08-11 16:49:55.277] [warning] Couldn't find file 'l_foot.vtp'.
[2022-08-11 16:49:55.277] [warning] Couldn't find file 'r_foot.vtp'.
[2022-08-11 16:49:55.277] [warning] Couldn't find file 'l_bofoot.vtp'.
[2022-08-11 16:49:55.278] [warning] Couldn't find file 'r_bofoot.vtp'.
[2022-08-11 16:49:55.278] [warning] Couldn't find file 'block.vtp'.
[2022-08-11 16:49:55.278] [warning] Couldn't find file 'block.vtp'.
[2022-08-11 16:49:55.278] [warning] Couldn't find file 'hat_spine.vtp'.
[2022-08-11 16:49:55.278] [warning] Couldn't find file 'hat_jaw.vtp'.
[2022-08-11 16:49:55.279] [warning] Couldn't find file 'hat_skull.vtp'.
[2022-08-11 16:49:55.279] [warning] Couldn't find file 'hat_ribs.vtp'.
[2022-08-11 16:49:55.312] [info] Loaded model model_scaled from file C:\Users\danie\Documents\GitHub\ergonomics\Examples\SitToStand - Copy\model.osim
[2022-08-11 16:49:55.313] [warning] Couldn't find file 'r_pelvis.vtp'.
[2022-08-11 16:49:55.313] [warning] Couldn't find file 'l_pelvis.vtp'.
[2022-08-11 16:49:55.313] [warning] Couldn't find file 'sacrum.vtp'.
[2022-08-11 16:49:55.313] [warning] Couldn't find file 'femur_l.vtp'.
[2022-08-11 16:49:55.313] [warning] Couldn't find file 'femur_r.vtp'.
[2022-08-11 16:49:55.314] [warning] Couldn't find file 'tibia_l.vtp'.
[2022-08-11 16:49:55.314] [warning] Couldn't find file 'l_fibula.vtp'.
[2022-08-11 16:49:55.314] [warning] Couldn't find file 'tibia_r.vtp'.
[2022-08-11 16:49:55.314] [warning] Couldn't find file 'r_fibula.vtp'.
[2022-08-11 16:49:55.314] [warning] Couldn't find file 'l_talus.vtp'.
[2022-08-11 16:49:55.315] [warning] Couldn't find file 'r_talus.vtp'.
[2022-08-11 16:49:55.315] [warning] Couldn't find file 'l_foot.vtp'.
[2022-08-11 16:49:55.315] [warning] Couldn't find file 'r_foot.vtp'.
[2022-08-11 16:49:55.315] [warning] Couldn't find file 'l_bofoot.vtp'.
[2022-08-11 16:49:55.316] [warning] Couldn't find file 'r_bofoot.vtp'.
[2022-08-11 16:49:55.316] [warning] Couldn't find file 'block.vtp'.
[2022-08-11 16:49:55.316] [warning] Couldn't find file 'block.vtp'.
[2022-08-11 16:49:55.316] [warning] Couldn't find file 'hat_spine.vtp'.
[2022-08-11 16:49:55.316] [warning] Couldn't find file 'hat_jaw.vtp'.
[2022-08-11 16:49:55.317] [warning] Couldn't find file 'hat_skull.vtp'.
[2022-08-11 16:49:55.317] [warning] Couldn't find file 'hat_ribs.vtp'.
[2022-08-11 16:49:55.351] [info] Loaded model model_scaled from file C:\Users\danie\Documents\GitHub\ergonomics\Examples\SitToStand - Copy\model.osim
[2022-08-11 16:49:55.351] [warning] Couldn't find file 'r_pelvis.vtp'.
[2022-08-11 16:49:55.352] [warning] Couldn't find file 'l_pelvis.vtp'.
[2022-08-11 16:49:55.352] [warning] Couldn't find file 'sacrum.vtp'.
[2022-08-11 16:49:55.352] [warning] Couldn't find file 'femur_l.vtp'.
[2022-08-11 16:49:55.352] [warning] Couldn't find file 'femur_r.vtp'.
[2022-08-11 16:49:55.352] [warning] Couldn't find file 'tibia_l.vtp'.
[2022-08-11 16:49:55.353] [warning] Couldn't find file 'l_fibula.vtp'.
[2022-08-11 16:49:55.353] [warning] Couldn't find file 'tibia_r.vtp'.
[2022-08-11 16:49:55.353] [warning] Couldn't find file 'r_fibula.vtp'.
[2022-08-11 16:49:55.353] [warning] Couldn't find file 'l_talus.vtp'.
[2022-08-11 16:49:55.353] [warning] Couldn't find file 'r_talus.vtp'.
[2022-08-11 16:49:55.354] [warning] Couldn't find file 'l_foot.vtp'.
[2022-08-11 16:49:55.354] [warning] Couldn't find file 'r_foot.vtp'.
[2022-08-11 16:49:55.354] [warning] Couldn't find file 'l_bofoot.vtp'.
[2022-08-11 16:49:55.354] [warning] Couldn't find file 'r_bofoot.vtp'.
[2022-08-11 16:49:55.354] [warning] Couldn't find file 'block.vtp'.
[2022-08-11 16:49:55.355] [warning] Couldn't find file 'block.vtp'.
[2022-08-11 16:49:55.355] [warning] Couldn't find file 'hat_spine.vtp'.
[2022-08-11 16:49:55.355] [warning] Couldn't find file 'hat_jaw.vtp'.
[2022-08-11 16:49:55.355] [warning] Couldn't find file 'hat_skull.vtp'.
[2022-08-11 16:49:55.355] [warning] Couldn't find file 'hat_ribs.vtp'.
[2022-08-11 16:49:55.389] [info] Loaded model model_scaled from file C:\Users\danie\Documents\GitHub\ergonomics\Examples\SitToStand - Copy\model.osim
[2022-08-11 16:49:55.389] [warning] Couldn't find file 'r_pelvis.vtp'.
[2022-08-11 16:49:55.389] [warning] Couldn't find file 'l_pelvis.vtp'.
[2022-08-11 16:49:55.390] [warning] Couldn't find file 'sacrum.vtp'.
[2022-08-11 16:49:55.390] [warning] Couldn't find file 'femur_l.vtp'.
[2022-08-11 16:49:55.390] [warning] Couldn't find file 'femur_r.vtp'.
[2022-08-11 16:49:55.390] [warning] Couldn't find file 'tibia_l.vtp'.
[2022-08-11 16:49:55.390] [warning] Couldn't find file 'l_fibula.vtp'.
[2022-08-11 16:49:55.391] [warning] Couldn't find file 'tibia_r.vtp'.
[2022-08-11 16:49:55.391] [warning] Couldn't find file 'r_fibula.vtp'.
[2022-08-11 16:49:55.391] [warning] Couldn't find file 'l_talus.vtp'.
[2022-08-11 16:49:55.391] [warning] Couldn't find file 'r_talus.vtp'.
[2022-08-11 16:49:55.392] [warning] Couldn't find file 'l_foot.vtp'.
[2022-08-11 16:49:55.392] [warning] Couldn't find file 'r_foot.vtp'.
[2022-08-11 16:49:55.392] [warning] Couldn't find file 'l_bofoot.vtp'.
[2022-08-11 16:49:55.392] [warning] Couldn't find file 'r_bofoot.vtp'.
[2022-08-11 16:49:55.392] [warning] Couldn't find file 'block.vtp'.
[2022-08-11 16:49:55.393] [warning] Couldn't find file 'block.vtp'.
[2022-08-11 16:49:55.393] [warning] Couldn't find file 'hat_spine.vtp'.
[2022-08-11 16:49:55.393] [warning] Couldn't find file 'hat_jaw.vtp'.
[2022-08-11 16:49:55.393] [warning] Couldn't find file 'hat_skull.vtp'.
[2022-08-11 16:49:55.393] [warning] Couldn't find file 'hat_ribs.vtp'.
[2022-08-11 16:49:55.428] [info] Loaded model model_scaled from file C:\Users\danie\Documents\GitHub\ergonomics\Examples\SitToStand - Copy\model.osim
[2022-08-11 16:49:55.428] [warning] Couldn't find file 'r_pelvis.vtp'.
[2022-08-11 16:49:55.429] [warning] Couldn't find file 'l_pelvis.vtp'.
[2022-08-11 16:49:55.429] [warning] Couldn't find file 'sacrum.vtp'.
[2022-08-11 16:49:55.429] [warning] Couldn't find file 'femur_l.vtp'.
[2022-08-11 16:49:55.429] [warning] Couldn't find file 'femur_r.vtp'.
[2022-08-11 16:49:55.430] [warning] Couldn't find file 'tibia_l.vtp'.
[2022-08-11 16:49:55.430] [warning] Couldn't find file 'l_fibula.vtp'.
[2022-08-11 16:49:55.430] [warning] Couldn't find file 'tibia_r.vtp'.
[2022-08-11 16:49:55.430] [warning] Couldn't find file 'r_fibula.vtp'.
[2022-08-11 16:49:55.430] [warning] Couldn't find file 'l_talus.vtp'.
[2022-08-11 16:49:55.431] [warning] Couldn't find file 'r_talus.vtp'.
[2022-08-11 16:49:55.431] [warning] Couldn't find file 'l_foot.vtp'.
[2022-08-11 16:49:55.431] [warning] Couldn't find file 'r_foot.vtp'.
[2022-08-11 16:49:55.431] [warning] Couldn't find file 'l_bofoot.vtp'.
[2022-08-11 16:49:55.431] [warning] Couldn't find file 'r_bofoot.vtp'.
[2022-08-11 16:49:55.432] [warning] Couldn't find file 'block.vtp'.
[2022-08-11 16:49:55.432] [warning] Couldn't find file 'block.vtp'.
[2022-08-11 16:49:55.432] [warning] Couldn't find file 'hat_spine.vtp'.
[2022-08-11 16:49:55.432] [warning] Couldn't find file 'hat_jaw.vtp'.
[2022-08-11 16:49:55.432] [warning] Couldn't find file 'hat_skull.vtp'.
[2022-08-11 16:49:55.433] [warning] Couldn't find file 'hat_ribs.vtp'.
[2022-08-11 16:49:55.466] [info] Loaded model model_scaled from file C:\Users\danie\Documents\GitHub\ergonomics\Examples\SitToStand - Copy\model.osim
[2022-08-11 16:49:55.467] [warning] Couldn't find file 'r_pelvis.vtp'.
[2022-08-11 16:49:55.467] [warning] Couldn't find file 'l_pelvis.vtp'.
[2022-08-11 16:49:55.467] [warning] Couldn't find file 'sacrum.vtp'.
[2022-08-11 16:49:55.468] [warning] Couldn't find file 'femur_l.vtp'.
[2022-08-11 16:49:55.468] [warning] Couldn't find file 'femur_r.vtp'.
[2022-08-11 16:49:55.468] [warning] Couldn't find file 'tibia_l.vtp'.
[2022-08-11 16:49:55.468] [warning] Couldn't find file 'l_fibula.vtp'.
[2022-08-11 16:49:55.468] [warning] Couldn't find file 'tibia_r.vtp'.
[2022-08-11 16:49:55.469] [warning] Couldn't find file 'r_fibula.vtp'.
[2022-08-11 16:49:55.469] [warning] Couldn't find file 'l_talus.vtp'.
[2022-08-11 16:49:55.469] [warning] Couldn't find file 'r_talus.vtp'.
[2022-08-11 16:49:55.469] [warning] Couldn't find file 'l_foot.vtp'.
[2022-08-11 16:49:55.470] [warning] Couldn't find file 'r_foot.vtp'.
[2022-08-11 16:49:55.470] [warning] Couldn't find file 'l_bofoot.vtp'.
[2022-08-11 16:49:55.470] [warning] Couldn't find file 'r_bofoot.vtp'.
[2022-08-11 16:49:55.470] [warning] Couldn't find file 'block.vtp'.
[2022-08-11 16:49:55.470] [warning] Couldn't find file 'block.vtp'.
[2022-08-11 16:49:55.471] [warning] Couldn't find file 'hat_spine.vtp'.
[2022-08-11 16:49:55.471] [warning] Couldn't find file 'hat_jaw.vtp'.
[2022-08-11 16:49:55.471] [warning] Couldn't find file 'hat_skull.vtp'.
[2022-08-11 16:49:55.471] [warning] Couldn't find file 'hat_ribs.vtp'.
[2022-08-11 16:49:55.505] [info] Loaded model model_scaled from file C:\Users\danie\Documents\GitHub\ergonomics\Examples\SitToStand - Copy\model.osim
[2022-08-11 16:49:55.505] [warning] Couldn't find file 'r_pelvis.vtp'.
[2022-08-11 16:49:55.506] [warning] Couldn't find file 'l_pelvis.vtp'.
[2022-08-11 16:49:55.506] [warning] Couldn't find file 'sacrum.vtp'.
[2022-08-11 16:49:55.506] [warning] Couldn't find file 'femur_l.vtp'.
[2022-08-11 16:49:55.506] [warning] Couldn't find file 'femur_r.vtp'.
[2022-08-11 16:49:55.506] [warning] Couldn't find file 'tibia_l.vtp'.
[2022-08-11 16:49:55.507] [warning] Couldn't find file 'l_fibula.vtp'.
[2022-08-11 16:49:55.507] [warning] Couldn't find file 'tibia_r.vtp'.
[2022-08-11 16:49:55.507] [warning] Couldn't find file 'r_fibula.vtp'.
[2022-08-11 16:49:55.507] [warning] Couldn't find file 'l_talus.vtp'.
[2022-08-11 16:49:55.508] [warning] Couldn't find file 'r_talus.vtp'.
[2022-08-11 16:49:55.508] [warning] Couldn't find file 'l_foot.vtp'.
[2022-08-11 16:49:55.508] [warning] Couldn't find file 'r_foot.vtp'.
[2022-08-11 16:49:55.508] [warning] Couldn't find file 'l_bofoot.vtp'.
[2022-08-11 16:49:55.508] [warning] Couldn't find file 'r_bofoot.vtp'.
[2022-08-11 16:49:55.509] [warning] Couldn't find file 'block.vtp'.
[2022-08-11 16:49:55.509] [warning] Couldn't find file 'block.vtp'.
[2022-08-11 16:49:55.509] [warning] Couldn't find file 'hat_spine.vtp'.
[2022-08-11 16:49:55.509] [warning] Couldn't find file 'hat_jaw.vtp'.
[2022-08-11 16:49:55.509] [warning] Couldn't find file 'hat_skull.vtp'.
[2022-08-11 16:49:55.510] [warning] Couldn't find file 'hat_ribs.vtp'.
[2022-08-11 16:49:55.544] [info] Loaded model model_scaled from file C:\Users\danie\Documents\GitHub\ergonomics\Examples\SitToStand - Copy\model.osim
[2022-08-11 16:49:55.544] [warning] Couldn't find file 'r_pelvis.vtp'.
[2022-08-11 16:49:55.544] [warning] Couldn't find file 'l_pelvis.vtp'.
[2022-08-11 16:49:55.545] [warning] Couldn't find file 'sacrum.vtp'.
[2022-08-11 16:49:55.545] [warning] Couldn't find file 'femur_l.vtp'.
[2022-08-11 16:49:55.545] [warning] Couldn't find file 'femur_r.vtp'.
[2022-08-11 16:49:55.545] [warning] Couldn't find file 'tibia_l.vtp'.
[2022-08-11 16:49:55.546] [warning] Couldn't find file 'l_fibula.vtp'.
[2022-08-11 16:49:55.546] [warning] Couldn't find file 'tibia_r.vtp'.
[2022-08-11 16:49:55.546] [warning] Couldn't find file 'r_fibula.vtp'.
[2022-08-11 16:49:55.546] [warning] Couldn't find file 'l_talus.vtp'.
[2022-08-11 16:49:55.547] [warning] Couldn't find file 'r_talus.vtp'.
[2022-08-11 16:49:55.547] [warning] Couldn't find file 'l_foot.vtp'.
[2022-08-11 16:49:55.547] [warning] Couldn't find file 'r_foot.vtp'.
[2022-08-11 16:49:55.547] [warning] Couldn't find file 'l_bofoot.vtp'.
[2022-08-11 16:49:55.547] [warning] Couldn't find file 'r_bofoot.vtp'.
[2022-08-11 16:49:55.548] [warning] Couldn't find file 'block.vtp'.
[2022-08-11 16:49:55.548] [warning] Couldn't find file 'block.vtp'.
[2022-08-11 16:49:55.548] [warning] Couldn't find file 'hat_spine.vtp'.
[2022-08-11 16:49:55.548] [warning] Couldn't find file 'hat_jaw.vtp'.
[2022-08-11 16:49:55.548] [warning] Couldn't find file 'hat_skull.vtp'.
[2022-08-11 16:49:55.549] [warning] Couldn't find file 'hat_ribs.vtp'.
[2022-08-11 16:49:55.577] [info] Number of threads: 12
[2022-08-11 17:21:23.675] [info] Set log level to Info.
[2022-08-11 17:21:23.679] [info] ------------------------------------------------------------------------
[2022-08-11 17:21:23.679] [info] Elapsed real time: 1889 second(s) (31 minute(s), 29 second(s)).
[2022-08-11 17:21:23.679] [info] Thu Aug 11 17:21:23 2022
[2022-08-11 17:21:23.679] [warning] MocoCasADiSolver did NOT succeed:
[2022-08-11 17:21:23.679] [warning]   Maximum_Iterations_Exceeded
[2022-08-11 17:21:23.679] [info] ========================================================================
